Clock: wb_clk_i
Sources: wb_clk_i 
Generated: no
Virtual: yes
Propagated: no
Period: 25.000000

===========================================================================
report_clock_properties
============================================================================
Clock                   Period          Waveform
----------------------------------------------------
wb_clk_i             25.000000    0.000000 12.500000

===========================================================================
report_clock_latency
============================================================================
Clock wb_clk_i
rise -> rise
    min     max
4.650000 5.570000 source latency
5.144648         network latency mprj1/wb_clk_i
        6.524555 network latency core/_2245_/CLK
---------------
9.794647 12.094555 latency
        2.299908 skew

fall -> fall
    min     max
4.650000 5.570000 source latency
5.143610         network latency mprj1/wb_clk_i
        6.911819 network latency core/_2245_/CLK
---------------
9.793610 12.481818 latency
        2.688209 skew



===========================================================================
report_clock_min_period
============================================================================
wb_clk_i period_min = 4.32 fmax = 231.64
