Clock: wb_clk_i
Sources: wb_clk_i 
Generated: no
Virtual: yes
Propagated: no
Period: 25.000000

===========================================================================
report_clock_properties
============================================================================
Clock                   Period          Waveform
----------------------------------------------------
wb_clk_i             25.000000    0.000000 12.500000

===========================================================================
report_clock_latency
============================================================================
Clock wb_clk_i
rise -> rise
    min     max
0.000000 0.000000 source latency
0.644374         network latency _2272_/CLK
        0.680198 network latency _2245_/CLK
---------------
0.644374 0.680198 latency
        0.035824 skew

fall -> fall
    min     max
0.000000 0.000000 source latency
0.518409         network latency _2272_/CLK
        0.545517 network latency _2245_/CLK
---------------
0.518409 0.545517 latency
        0.027107 skew



===========================================================================
report_clock_min_period
============================================================================
wb_clk_i period_min = 6.44 fmax = 155.40
