
===========================================================================
report_checks -unconstrained
===========================================================================
======================= max_tt_025C_1v80 Corner ===================================

Startpoint: wb_rst_i (input port clocked by wb_clk_i)
Endpoint: _2306_ (recovery check against rising-edge clock wb_clk_i)
Path Group: asynchronous
Path Type: max

Fanout         Cap        Slew       Delay        Time   Description
---------------------------------------------------------------------------------------------
                                  0.000000    0.000000   clock wb_clk_i (rise edge)
                                  0.000000    0.000000   clock network delay (propagated)
                                  5.000000    5.000000 v input external delay
     2    0.003927    0.011250    0.006378    5.006378 v wb_rst_i (in)
                                                         wb_rst_i (net)
                      0.011253    0.000000    5.006378 v input9/A (sky130_fd_sc_hd__buf_1)
     1    0.014573    0.090044    0.124381    5.130760 v input9/X (sky130_fd_sc_hd__buf_1)
                                                         net9 (net)
                      0.090123    0.001772    5.132532 v fanout329/A (sky130_fd_sc_hd__buf_4)
    15    0.102223    0.133686    0.238839    5.371371 v fanout329/X (sky130_fd_sc_hd__buf_4)
                                                         net329 (net)
                      0.139518    0.021847    5.393217 v fanout328/A (sky130_fd_sc_hd__clkbuf_4)
     5    0.050875    0.108293    0.246230    5.639447 v fanout328/X (sky130_fd_sc_hd__clkbuf_4)
                                                         net328 (net)
                      0.108385    0.001229    5.640676 v fanout325/A (sky130_fd_sc_hd__clkbuf_4)
     8    0.053078    0.111195    0.235540    5.876215 v fanout325/X (sky130_fd_sc_hd__clkbuf_4)
                                                         net325 (net)
                      0.112191    0.008173    5.884389 v fanout323/A (sky130_fd_sc_hd__buf_4)
    10    0.064191    0.089684    0.226445    6.110834 v fanout323/X (sky130_fd_sc_hd__buf_4)
                                                         net323 (net)
                      0.090341    0.005788    6.116622 v _2144_/A (sky130_fd_sc_hd__inv_2)
     1    0.004687    0.038150    0.064187    6.180809 ^ _2144_/Y (sky130_fd_sc_hd__inv_2)
                                                         _0082_ (net)
                      0.038151    0.000251    6.181060 ^ _2306_/RESET_B (sky130_fd_sc_hd__dfrtp_4)
                                              6.181060   data arrival time

                                 25.000000   25.000000   clock wb_clk_i (rise edge)
                                  0.000000   25.000000   clock source latency
     2    0.043888    0.202038    0.144903   25.144901 ^ wb_clk_i (in)
                                                         wb_clk_i (net)
                      0.202771    0.000000   25.144901 ^ clkbuf_0_wb_clk_i/A (sky130_fd_sc_hd__clkbuf_16)
    33    0.225608    0.236694    0.316508   25.461411 ^ clkbuf_0_wb_clk_i/X (sky130_fd_sc_hd__clkbuf_16)
                                                         clknet_0_wb_clk_i (net)
                      0.238075    0.014669   25.476078 ^ clkbuf_4_13_0_wb_clk_i/A (sky130_fd_sc_hd__clkbuf_8)
    12    0.045037    0.091327    0.226740   25.702818 ^ clkbuf_4_13_0_wb_clk_i/X (sky130_fd_sc_hd__clkbuf_8)
                                                         clknet_4_13_0_wb_clk_i (net)
                      0.091398    0.002320   25.705139 ^ _2306_/CLK (sky130_fd_sc_hd__dfrtp_4)
                                 -0.250000   25.455139   clock uncertainty
                                  0.000000   25.455139   clock reconvergence pessimism
                                  0.233722   25.688862   library recovery time
                                             25.688862   data required time
---------------------------------------------------------------------------------------------
                                             25.688862   data required time
                                             -6.181060   data arrival time
---------------------------------------------------------------------------------------------
                                             19.507803   slack (MET)


Startpoint: wbs_adr_i[14] (input port clocked by wb_clk_i)
Endpoint: slave_we_o (output port clocked by wb_clk_i)
Path Group: wb_clk_i
Path Type: max

Fanout         Cap        Slew       Delay        Time   Description
---------------------------------------------------------------------------------------------
                                  0.000000    0.000000   clock wb_clk_i (rise edge)
                                  0.000000    0.000000   clock network delay (propagated)
                                  5.000000    5.000000 v input external delay
     2    0.003586    0.010439    0.005799    5.005799 v wbs_adr_i[14] (in)
                                                         wbs_adr_i[14] (net)
                      0.010446    0.000000    5.005799 v input13/A (sky130_fd_sc_hd__buf_1)
     3    0.013308    0.082990    0.118846    5.124645 v input13/X (sky130_fd_sc_hd__buf_1)
                                                         net13 (net)
                      0.083050    0.001388    5.126033 v _2061_/B (sky130_fd_sc_hd__nor4_1)
     1    0.008022    0.398233    0.405941    5.531974 ^ _2061_/Y (sky130_fd_sc_hd__nor4_1)
                                                         _0680_ (net)
                      0.398233    0.000449    5.532423 ^ wire307/A (sky130_fd_sc_hd__clkbuf_2)
     1    0.030601    0.171104    0.280072    5.812496 ^ wire307/X (sky130_fd_sc_hd__clkbuf_2)
                                                         net307 (net)
                      0.171309    0.004007    5.816503 ^ wire306/A (sky130_fd_sc_hd__clkbuf_2)
     3    0.030766    0.170734    0.233984    6.050487 ^ wire306/X (sky130_fd_sc_hd__clkbuf_2)
                                                         net306 (net)
                      0.170865    0.003876    6.054363 ^ _2064_/B (sky130_fd_sc_hd__and2_1)
     1    0.003598    0.055557    0.152889    6.207252 ^ _2064_/X (sky130_fd_sc_hd__and2_1)
                                                         net169 (net)
                      0.055557    0.000252    6.207504 ^ output169/A (sky130_fd_sc_hd__buf_2)
     1    0.034128    0.169639    0.200815    6.408319 ^ output169/X (sky130_fd_sc_hd__buf_2)
                                                         slave_we_o (net)
                      0.169712    0.001644    6.409963 ^ slave_we_o (out)
                                              6.409963   data arrival time

                                 25.000000   25.000000   clock wb_clk_i (rise edge)
                                  0.000000   25.000000   clock network delay (propagated)
                                 -0.250000   24.750000   clock uncertainty
                                  0.000000   24.750000   clock reconvergence pessimism
                                 -5.000000   19.750000   output external delay
                                             19.750000   data required time
---------------------------------------------------------------------------------------------
                                             19.750000   data required time
                                             -6.409963   data arrival time
---------------------------------------------------------------------------------------------
                                             13.340037   slack (MET)




===========================================================================
report_checks --slack_max -0.01
============================================================================
======================= max_tt_025C_1v80 Corner ===================================

No paths found.


===========================================================================
 report_check_types -max_slew -max_cap -max_fanout -violators
============================================================================
======================= max_tt_025C_1v80 Corner ===================================

max fanout

Pin                                   Limit Fanout  Slack
---------------------------------------------------------
clkbuf_0_wb_clk_i/X                      10     33    -23 (VIOLATED)
fanout221/X                              10     21    -11 (VIOLATED)
fanout226/X                              10     21    -11 (VIOLATED)
fanout302/X                              10     21    -11 (VIOLATED)
fanout334/X                              10     21    -11 (VIOLATED)
clkbuf_4_0_0_wb_clk_i/X                  10     15     -5 (VIOLATED)
fanout329/X                              10     15     -5 (VIOLATED)
clkbuf_4_8_0_wb_clk_i/X                  10     14     -4 (VIOLATED)
clkbuf_4_12_0_wb_clk_i/X                 10     13     -3 (VIOLATED)
clkbuf_4_14_0_wb_clk_i/X                 10     13     -3 (VIOLATED)
clkbuf_4_9_0_wb_clk_i/X                  10     13     -3 (VIOLATED)
clkbuf_4_13_0_wb_clk_i/X                 10     12     -2 (VIOLATED)
clkbuf_4_15_0_wb_clk_i/X                 10     12     -2 (VIOLATED)
clkbuf_4_10_0_wb_clk_i/X                 10     11        (VIOLATED)
clkbuf_4_1_0_wb_clk_i/X                  10     11        (VIOLATED)
clkbuf_4_3_0_wb_clk_i/X                  10     11        (VIOLATED)
fanout225/X                              10     11        (VIOLATED)
input26/X                                10     11        (VIOLATED)

max capacitance

Pin                                        Limit         Cap       Slack
------------------------------------------------------------------------
clkbuf_0_wb_clk_i/X                     0.200000    0.225608   -0.025608 (VIOLATED)



===========================================================================
report_parasitic_annotation -report_unannotated
============================================================================
Found 169 unannotated drivers.
 VDDA
 VDDC
 VSS
 slave_0_dat_i[10]
 slave_0_dat_i[11]
 slave_0_dat_i[12]
 slave_0_dat_i[13]
 slave_0_dat_i[14]
 slave_0_dat_i[15]
 slave_0_dat_i[16]
 slave_0_dat_i[17]
 slave_0_dat_i[18]
 slave_0_dat_i[19]
 slave_0_dat_i[1]
 slave_0_dat_i[20]
 slave_0_dat_i[21]
 slave_0_dat_i[22]
 slave_0_dat_i[23]
 slave_0_dat_i[24]
 slave_0_dat_i[25]
 slave_0_dat_i[26]
 slave_0_dat_i[27]
 slave_0_dat_i[28]
 slave_0_dat_i[29]
 slave_0_dat_i[2]
 slave_0_dat_i[30]
 slave_0_dat_i[31]
 slave_0_dat_i[3]
 slave_0_dat_i[4]
 slave_0_dat_i[5]
 slave_0_dat_i[6]
 slave_0_dat_i[7]
 slave_0_dat_i[8]
 slave_0_dat_i[9]
 slave_1_dat_i[10]
 slave_1_dat_i[11]
 slave_1_dat_i[12]
 slave_1_dat_i[13]
 slave_1_dat_i[14]
 slave_1_dat_i[15]
 slave_1_dat_i[16]
 slave_1_dat_i[17]
 slave_1_dat_i[18]
 slave_1_dat_i[19]
 slave_1_dat_i[1]
 slave_1_dat_i[20]
 slave_1_dat_i[21]
 slave_1_dat_i[22]
 slave_1_dat_i[23]
 slave_1_dat_i[24]
 slave_1_dat_i[25]
 slave_1_dat_i[26]
 slave_1_dat_i[27]
 slave_1_dat_i[28]
 slave_1_dat_i[29]
 slave_1_dat_i[2]
 slave_1_dat_i[30]
 slave_1_dat_i[31]
 slave_1_dat_i[3]
 slave_1_dat_i[4]
 slave_1_dat_i[5]
 slave_1_dat_i[6]
 slave_1_dat_i[7]
 slave_1_dat_i[8]
 slave_1_dat_i[9]
 slave_2_dat_i[10]
 slave_2_dat_i[11]
 slave_2_dat_i[12]
 slave_2_dat_i[13]
 slave_2_dat_i[14]
 slave_2_dat_i[15]
 slave_2_dat_i[16]
 slave_2_dat_i[17]
 slave_2_dat_i[18]
 slave_2_dat_i[19]
 slave_2_dat_i[1]
 slave_2_dat_i[20]
 slave_2_dat_i[21]
 slave_2_dat_i[22]
 slave_2_dat_i[23]
 slave_2_dat_i[24]
 slave_2_dat_i[25]
 slave_2_dat_i[26]
 slave_2_dat_i[27]
 slave_2_dat_i[28]
 slave_2_dat_i[29]
 slave_2_dat_i[2]
 slave_2_dat_i[30]
 slave_2_dat_i[31]
 slave_2_dat_i[3]
 slave_2_dat_i[4]
 slave_2_dat_i[5]
 slave_2_dat_i[6]
 slave_2_dat_i[7]
 slave_2_dat_i[8]
 slave_2_dat_i[9]
 slave_3_dat_i[10]
 slave_3_dat_i[11]
 slave_3_dat_i[12]
 slave_3_dat_i[13]
 slave_3_dat_i[14]
 slave_3_dat_i[15]
 slave_3_dat_i[16]
 slave_3_dat_i[17]
 slave_3_dat_i[18]
 slave_3_dat_i[19]
 slave_3_dat_i[1]
 slave_3_dat_i[20]
 slave_3_dat_i[21]
 slave_3_dat_i[22]
 slave_3_dat_i[23]
 slave_3_dat_i[24]
 slave_3_dat_i[25]
 slave_3_dat_i[26]
 slave_3_dat_i[27]
 slave_3_dat_i[28]
 slave_3_dat_i[29]
 slave_3_dat_i[2]
 slave_3_dat_i[30]
 slave_3_dat_i[31]
 slave_3_dat_i[3]
 slave_3_dat_i[4]
 slave_3_dat_i[5]
 slave_3_dat_i[6]
 slave_3_dat_i[7]
 slave_3_dat_i[8]
 slave_3_dat_i[9]
 wbs_adr_i[10]
 wbs_adr_i[11]
 wbs_adr_i[16]
 wbs_adr_i[17]
 wbs_adr_i[18]
 wbs_adr_i[19]
 wbs_adr_i[20]
 wbs_adr_i[21]
 wbs_adr_i[22]
 wbs_adr_i[23]
 wbs_adr_i[24]
 wbs_adr_i[25]
 wbs_adr_i[26]
 wbs_adr_i[27]
 wbs_adr_i[28]
 wbs_adr_i[29]
 wbs_adr_i[30]
 wbs_adr_i[31]
 wbs_adr_i[4]
 wbs_adr_i[5]
 wbs_adr_i[6]
 wbs_adr_i[7]
 wbs_adr_i[8]
 wbs_adr_i[9]
 wbs_sel_i[1]
 wbs_sel_i[2]
 wbs_sel_i[3]
 clkload0/Y
 clkload1/Y
 clkload10/Y
 clkload11/Y
 clkload12/Y
 clkload13/Y
 clkload14/Y
 clkload2/Y
 clkload3/Y
 clkload4/Y
 clkload5/Y
 clkload6/Y
 clkload7/X
 clkload8/Y
 clkload9/Y
Found 0 partially unannotated drivers.

===========================================================================
max slew violation count 0
max fanout violation count 18
max cap violation count 1
============================================================================

===========================================================================
check_setup -verbose -unconstrained_endpoints -multiple_clock -no_clock -no_input_delay -loops -generated_clocks
===========================================================================
Warning: There are 3 unconstrained endpoints.
  VDDA
  VDDC
  VSS
