Clock: wb_clk_i
Sources: wb_clk_i 
Generated: no
Virtual: yes
Propagated: no
Period: 25.000000

===========================================================================
report_clock_properties
============================================================================
Clock                   Period          Waveform
----------------------------------------------------
wb_clk_i             25.000000    0.000000 12.500000

===========================================================================
report_clock_latency
============================================================================
Clock wb_clk_i
rise -> rise
    min     max
0.000000 0.000000 source latency
0.693800         network latency _2272_/CLK
        0.743125 network latency _2245_/CLK
---------------
0.693800 0.743125 latency
        0.049324 skew

fall -> fall
    min     max
0.000000 0.000000 source latency
0.551859         network latency _2272_/CLK
        0.590302 network latency _2245_/CLK
---------------
0.551859 0.590302 latency
        0.038443 skew



===========================================================================
report_clock_min_period
============================================================================
wb_clk_i period_min = 6.51 fmax = 153.68
