Clock: wb_clk_i
Sources: wb_clk_i 
Generated: no
Virtual: yes
Propagated: no
Period: 25.000000

===========================================================================
report_clock_properties
============================================================================
Clock                   Period          Waveform
----------------------------------------------------
wb_clk_i             25.000000    0.000000 12.500000

===========================================================================
report_clock_latency
============================================================================
Clock wb_clk_i
rise -> rise
    min     max
4.650000 5.570000 source latency
5.399517         network latency mprj1/wb_clk_i
        6.841289 network latency core/_2245_/CLK
---------------
10.049517 12.411289 latency
        2.361772 skew

fall -> fall
    min     max
4.650000 5.570000 source latency
5.398056         network latency mprj1/wb_clk_i
        7.368239 network latency core/_2245_/CLK
---------------
10.048055 12.938239 latency
        2.890184 skew



===========================================================================
report_clock_min_period
============================================================================
wb_clk_i period_min = 4.44 fmax = 225.19
