
===========================================================================
report_checks -unconstrained
===========================================================================
======================= min_ff_n40C_1v95 Corner ===================================

Startpoint: wb_rst_i (input port clocked by wb_clk_i)
Endpoint: _2306_ (recovery check against rising-edge clock wb_clk_i)
Path Group: asynchronous
Path Type: max

Fanout         Cap        Slew       Delay        Time   Description
---------------------------------------------------------------------------------------------
                                  0.000000    0.000000   clock wb_clk_i (rise edge)
                                  0.000000    0.000000   clock network delay (propagated)
                                  5.000000    5.000000 v input external delay
     2    0.003720    0.006080    0.003065    5.003065 v wb_rst_i (in)
                                                         wb_rst_i (net)
                      0.006080    0.000000    5.003065 v input9/A (sky130_fd_sc_hd__buf_1)
     1    0.012700    0.053848    0.077324    5.080389 v input9/X (sky130_fd_sc_hd__buf_1)
                                                         net9 (net)
                      0.053855    0.000632    5.081021 v fanout329/A (sky130_fd_sc_hd__buf_4)
    15    0.090338    0.085425    0.154214    5.235236 v fanout329/X (sky130_fd_sc_hd__buf_4)
                                                         net329 (net)
                      0.087463    0.010413    5.245648 v fanout328/A (sky130_fd_sc_hd__clkbuf_4)
     5    0.046342    0.072142    0.157857    5.403505 v fanout328/X (sky130_fd_sc_hd__clkbuf_4)
                                                         net328 (net)
                      0.072142    0.000083    5.403589 v fanout325/A (sky130_fd_sc_hd__clkbuf_4)
     8    0.049378    0.075160    0.155632    5.559221 v fanout325/X (sky130_fd_sc_hd__clkbuf_4)
                                                         net325 (net)
                      0.075237    0.002144    5.561365 v fanout323/A (sky130_fd_sc_hd__buf_4)
    10    0.060588    0.064194    0.149108    5.710472 v fanout323/X (sky130_fd_sc_hd__buf_4)
                                                         net323 (net)
                      0.064254    0.001787    5.712259 v _2144_/A (sky130_fd_sc_hd__inv_2)
     1    0.004437    0.027310    0.043736    5.755995 ^ _2144_/Y (sky130_fd_sc_hd__inv_2)
                                                         _0082_ (net)
                      0.027310    0.000041    5.756036 ^ _2306_/RESET_B (sky130_fd_sc_hd__dfrtp_4)
                                              5.756036   data arrival time

                                 25.000000   25.000000   clock wb_clk_i (rise edge)
                                  0.000000   25.000000   clock source latency
     2    0.039291    0.135994    0.096479   25.096479 ^ wb_clk_i (in)
                                                         wb_clk_i (net)
                      0.136341    0.000000   25.096479 ^ clkbuf_0_wb_clk_i/A (sky130_fd_sc_hd__clkbuf_16)
    33    0.201933    0.165053    0.207720   25.304199 ^ clkbuf_0_wb_clk_i/X (sky130_fd_sc_hd__clkbuf_16)
                                                         clknet_0_wb_clk_i (net)
                      0.165332    0.005519   25.309717 ^ clkbuf_4_13_0_wb_clk_i/A (sky130_fd_sc_hd__clkbuf_8)
    12    0.043139    0.066670    0.140773   25.450491 ^ clkbuf_4_13_0_wb_clk_i/X (sky130_fd_sc_hd__clkbuf_8)
                                                         clknet_4_13_0_wb_clk_i (net)
                      0.066671    0.000400   25.450890 ^ _2306_/CLK (sky130_fd_sc_hd__dfrtp_4)
                                 -0.250000   25.200891   clock uncertainty
                                  0.000000   25.200891   clock reconvergence pessimism
                                  0.137816   25.338707   library recovery time
                                             25.338707   data required time
---------------------------------------------------------------------------------------------
                                             25.338707   data required time
                                             -5.756036   data arrival time
---------------------------------------------------------------------------------------------
                                             19.582672   slack (MET)


Startpoint: wbs_adr_i[14] (input port clocked by wb_clk_i)
Endpoint: slave_we_o (output port clocked by wb_clk_i)
Path Group: wb_clk_i
Path Type: max

Fanout         Cap        Slew       Delay        Time   Description
---------------------------------------------------------------------------------------------
                                  0.000000    0.000000   clock wb_clk_i (rise edge)
                                  0.000000    0.000000   clock network delay (propagated)
                                  5.000000    5.000000 v input external delay
     2    0.003456    0.005693    0.002831    5.002831 v wbs_adr_i[14] (in)
                                                         wbs_adr_i[14] (net)
                      0.005693    0.000000    5.002831 v input13/A (sky130_fd_sc_hd__buf_1)
     3    0.012006    0.051251    0.075222    5.078053 v input13/X (sky130_fd_sc_hd__buf_1)
                                                         net13 (net)
                      0.051254    0.000438    5.078491 v _2061_/B (sky130_fd_sc_hd__nor4_1)
     1    0.007184    0.251170    0.249720    5.328211 ^ _2061_/Y (sky130_fd_sc_hd__nor4_1)
                                                         _0680_ (net)
                      0.251170    0.000170    5.328381 ^ wire307/A (sky130_fd_sc_hd__clkbuf_2)
     1    0.026939    0.116540    0.159365    5.487746 ^ wire307/X (sky130_fd_sc_hd__clkbuf_2)
                                                         net307 (net)
                      0.116602    0.002194    5.489940 ^ wire306/A (sky130_fd_sc_hd__clkbuf_2)
     3    0.028436    0.121551    0.149867    5.639807 ^ wire306/X (sky130_fd_sc_hd__clkbuf_2)
                                                         net306 (net)
                      0.121606    0.002107    5.641914 ^ _2064_/B (sky130_fd_sc_hd__and2_1)
     1    0.003388    0.038513    0.091879    5.733794 ^ _2064_/X (sky130_fd_sc_hd__and2_1)
                                                         net169 (net)
                      0.038513    0.000049    5.733842 ^ output169/A (sky130_fd_sc_hd__buf_2)
     1    0.034037    0.127304    0.139244    5.873086 ^ output169/X (sky130_fd_sc_hd__buf_2)
                                                         slave_we_o (net)
                      0.127340    0.000199    5.873285 ^ slave_we_o (out)
                                              5.873285   data arrival time

                                 25.000000   25.000000   clock wb_clk_i (rise edge)
                                  0.000000   25.000000   clock network delay (propagated)
                                 -0.250000   24.750000   clock uncertainty
                                  0.000000   24.750000   clock reconvergence pessimism
                                 -5.000000   19.750000   output external delay
                                             19.750000   data required time
---------------------------------------------------------------------------------------------
                                             19.750000   data required time
                                             -5.873285   data arrival time
---------------------------------------------------------------------------------------------
                                             13.876715   slack (MET)




===========================================================================
report_checks --slack_max -0.01
============================================================================
======================= min_ff_n40C_1v95 Corner ===================================

No paths found.


===========================================================================
 report_check_types -max_slew -max_cap -max_fanout -violators
============================================================================
======================= min_ff_n40C_1v95 Corner ===================================

max fanout

Pin                                   Limit Fanout  Slack
---------------------------------------------------------
clkbuf_0_wb_clk_i/X                      10     33    -23 (VIOLATED)
fanout221/X                              10     21    -11 (VIOLATED)
fanout226/X                              10     21    -11 (VIOLATED)
fanout302/X                              10     21    -11 (VIOLATED)
fanout334/X                              10     21    -11 (VIOLATED)
clkbuf_4_0_0_wb_clk_i/X                  10     15     -5 (VIOLATED)
fanout329/X                              10     15     -5 (VIOLATED)
clkbuf_4_8_0_wb_clk_i/X                  10     14     -4 (VIOLATED)
clkbuf_4_12_0_wb_clk_i/X                 10     13     -3 (VIOLATED)
clkbuf_4_14_0_wb_clk_i/X                 10     13     -3 (VIOLATED)
clkbuf_4_9_0_wb_clk_i/X                  10     13     -3 (VIOLATED)
clkbuf_4_13_0_wb_clk_i/X                 10     12     -2 (VIOLATED)
clkbuf_4_15_0_wb_clk_i/X                 10     12     -2 (VIOLATED)
clkbuf_4_10_0_wb_clk_i/X                 10     11        (VIOLATED)
clkbuf_4_1_0_wb_clk_i/X                  10     11        (VIOLATED)
clkbuf_4_3_0_wb_clk_i/X                  10     11        (VIOLATED)
fanout225/X                              10     11        (VIOLATED)
input26/X                                10     11        (VIOLATED)

max capacitance

Pin                                        Limit         Cap       Slack
------------------------------------------------------------------------
clkbuf_0_wb_clk_i/X                     0.200000    0.201933   -0.001933 (VIOLATED)



===========================================================================
report_parasitic_annotation -report_unannotated
============================================================================
Found 169 unannotated drivers.
 VDDA
 VDDC
 VSS
 slave_0_dat_i[10]
 slave_0_dat_i[11]
 slave_0_dat_i[12]
 slave_0_dat_i[13]
 slave_0_dat_i[14]
 slave_0_dat_i[15]
 slave_0_dat_i[16]
 slave_0_dat_i[17]
 slave_0_dat_i[18]
 slave_0_dat_i[19]
 slave_0_dat_i[1]
 slave_0_dat_i[20]
 slave_0_dat_i[21]
 slave_0_dat_i[22]
 slave_0_dat_i[23]
 slave_0_dat_i[24]
 slave_0_dat_i[25]
 slave_0_dat_i[26]
 slave_0_dat_i[27]
 slave_0_dat_i[28]
 slave_0_dat_i[29]
 slave_0_dat_i[2]
 slave_0_dat_i[30]
 slave_0_dat_i[31]
 slave_0_dat_i[3]
 slave_0_dat_i[4]
 slave_0_dat_i[5]
 slave_0_dat_i[6]
 slave_0_dat_i[7]
 slave_0_dat_i[8]
 slave_0_dat_i[9]
 slave_1_dat_i[10]
 slave_1_dat_i[11]
 slave_1_dat_i[12]
 slave_1_dat_i[13]
 slave_1_dat_i[14]
 slave_1_dat_i[15]
 slave_1_dat_i[16]
 slave_1_dat_i[17]
 slave_1_dat_i[18]
 slave_1_dat_i[19]
 slave_1_dat_i[1]
 slave_1_dat_i[20]
 slave_1_dat_i[21]
 slave_1_dat_i[22]
 slave_1_dat_i[23]
 slave_1_dat_i[24]
 slave_1_dat_i[25]
 slave_1_dat_i[26]
 slave_1_dat_i[27]
 slave_1_dat_i[28]
 slave_1_dat_i[29]
 slave_1_dat_i[2]
 slave_1_dat_i[30]
 slave_1_dat_i[31]
 slave_1_dat_i[3]
 slave_1_dat_i[4]
 slave_1_dat_i[5]
 slave_1_dat_i[6]
 slave_1_dat_i[7]
 slave_1_dat_i[8]
 slave_1_dat_i[9]
 slave_2_dat_i[10]
 slave_2_dat_i[11]
 slave_2_dat_i[12]
 slave_2_dat_i[13]
 slave_2_dat_i[14]
 slave_2_dat_i[15]
 slave_2_dat_i[16]
 slave_2_dat_i[17]
 slave_2_dat_i[18]
 slave_2_dat_i[19]
 slave_2_dat_i[1]
 slave_2_dat_i[20]
 slave_2_dat_i[21]
 slave_2_dat_i[22]
 slave_2_dat_i[23]
 slave_2_dat_i[24]
 slave_2_dat_i[25]
 slave_2_dat_i[26]
 slave_2_dat_i[27]
 slave_2_dat_i[28]
 slave_2_dat_i[29]
 slave_2_dat_i[2]
 slave_2_dat_i[30]
 slave_2_dat_i[31]
 slave_2_dat_i[3]
 slave_2_dat_i[4]
 slave_2_dat_i[5]
 slave_2_dat_i[6]
 slave_2_dat_i[7]
 slave_2_dat_i[8]
 slave_2_dat_i[9]
 slave_3_dat_i[10]
 slave_3_dat_i[11]
 slave_3_dat_i[12]
 slave_3_dat_i[13]
 slave_3_dat_i[14]
 slave_3_dat_i[15]
 slave_3_dat_i[16]
 slave_3_dat_i[17]
 slave_3_dat_i[18]
 slave_3_dat_i[19]
 slave_3_dat_i[1]
 slave_3_dat_i[20]
 slave_3_dat_i[21]
 slave_3_dat_i[22]
 slave_3_dat_i[23]
 slave_3_dat_i[24]
 slave_3_dat_i[25]
 slave_3_dat_i[26]
 slave_3_dat_i[27]
 slave_3_dat_i[28]
 slave_3_dat_i[29]
 slave_3_dat_i[2]
 slave_3_dat_i[30]
 slave_3_dat_i[31]
 slave_3_dat_i[3]
 slave_3_dat_i[4]
 slave_3_dat_i[5]
 slave_3_dat_i[6]
 slave_3_dat_i[7]
 slave_3_dat_i[8]
 slave_3_dat_i[9]
 wbs_adr_i[10]
 wbs_adr_i[11]
 wbs_adr_i[16]
 wbs_adr_i[17]
 wbs_adr_i[18]
 wbs_adr_i[19]
 wbs_adr_i[20]
 wbs_adr_i[21]
 wbs_adr_i[22]
 wbs_adr_i[23]
 wbs_adr_i[24]
 wbs_adr_i[25]
 wbs_adr_i[26]
 wbs_adr_i[27]
 wbs_adr_i[28]
 wbs_adr_i[29]
 wbs_adr_i[30]
 wbs_adr_i[31]
 wbs_adr_i[4]
 wbs_adr_i[5]
 wbs_adr_i[6]
 wbs_adr_i[7]
 wbs_adr_i[8]
 wbs_adr_i[9]
 wbs_sel_i[1]
 wbs_sel_i[2]
 wbs_sel_i[3]
 clkload0/Y
 clkload1/Y
 clkload10/Y
 clkload11/Y
 clkload12/Y
 clkload13/Y
 clkload14/Y
 clkload2/Y
 clkload3/Y
 clkload4/Y
 clkload5/Y
 clkload6/Y
 clkload7/X
 clkload8/Y
 clkload9/Y
Found 0 partially unannotated drivers.

===========================================================================
max slew violation count 0
max fanout violation count 18
max cap violation count 1
============================================================================

===========================================================================
check_setup -verbose -unconstrained_endpoints -multiple_clock -no_clock -no_input_delay -loops -generated_clocks
===========================================================================
Warning: There are 3 unconstrained endpoints.
  VDDA
  VDDC
  VSS
