Clock: wb_clk_i
Sources: wb_clk_i 
Generated: no
Virtual: yes
Propagated: no
Period: 25.000000

===========================================================================
report_clock_properties
============================================================================
Clock                   Period          Waveform
----------------------------------------------------
wb_clk_i             25.000000    0.000000 12.500000

===========================================================================
report_clock_latency
============================================================================
Clock wb_clk_i
rise -> rise
    min     max
0.000000 0.000000 source latency
1.110903         network latency _2272_/CLK
        1.160001 network latency _2245_/CLK
---------------
1.110903 1.160001 latency
        0.049098 skew

fall -> fall
    min     max
0.000000 0.000000 source latency
0.929230         network latency _2272_/CLK
        0.966609 network latency _2245_/CLK
---------------
0.929230 0.966609 latency
        0.037379 skew



===========================================================================
report_clock_min_period
============================================================================
wb_clk_i period_min = 12.74 fmax = 78.52
