
===========================================================================
report_checks -unconstrained
===========================================================================
======================= nom_tt_025C_1v80 Corner ===================================

Startpoint: wb_rst_i (input port clocked by wb_clk_i)
Endpoint: core/_2306_ (recovery check against rising-edge clock wb_clk_i)
Path Group: asynchronous
Path Type: max

Fanout         Cap        Slew       Delay        Time   Description
---------------------------------------------------------------------------------------------
                                  0.000000    0.000000   clock wb_clk_i (rise edge)
                                  5.570000    5.570000   clock network delay (propagated)
                                 12.500000   18.070000 v input external delay
     6    1.034058    0.000000    0.000000   18.070000 v wb_rst_i (in)
                                                         wb_rst_i (net)
                      2.302896    1.151449   19.221449 v core/input9/A (sky130_fd_sc_hd__buf_1)
     1    0.013715    0.116520    0.575755   19.797203 v core/input9/X (sky130_fd_sc_hd__buf_1)
                                                         core/net9 (net)
                      0.116526    0.001004   19.798206 v core/fanout329/A (sky130_fd_sc_hd__buf_4)
    15    0.097473    0.127549    0.251616   20.049822 v core/fanout329/X (sky130_fd_sc_hd__buf_4)
                                                         core/net329 (net)
                      0.130204    0.014643   20.064465 v core/fanout328/A (sky130_fd_sc_hd__clkbuf_4)
     5    0.049288    0.107548    0.241300   20.305765 v core/fanout328/X (sky130_fd_sc_hd__clkbuf_4)
                                                         core/net328 (net)
                      0.107548    0.000487   20.306252 v core/fanout325/A (sky130_fd_sc_hd__clkbuf_4)
     8    0.051230    0.107139    0.235207   20.541458 v core/fanout325/X (sky130_fd_sc_hd__clkbuf_4)
                                                         core/net325 (net)
                      0.107303    0.003698   20.545156 v core/fanout323/A (sky130_fd_sc_hd__buf_4)
    10    0.062367    0.087167    0.223993   20.769150 v core/fanout323/X (sky130_fd_sc_hd__buf_4)
                                                         core/net323 (net)
                      0.087297    0.002991   20.772142 v core/_2144_/A (sky130_fd_sc_hd__inv_2)
     1    0.004548    0.037026    0.062611   20.834753 ^ core/_2144_/Y (sky130_fd_sc_hd__inv_2)
                                                         core/_0082_ (net)
                      0.037026    0.000101   20.834854 ^ core/_2306_/RESET_B (sky130_fd_sc_hd__dfrtp_4)
                                             20.834854   data arrival time

                                 25.000000   25.000000   clock wb_clk_i (rise edge)
                                  4.650000   29.650000   clock source latency
     6    0.586303    0.610000    0.000000   29.650000 ^ wb_clk_i (in)
                                                         wb_clk_i (net)
                      2.022018    0.706008   30.356007 ^ core/clkbuf_0_wb_clk_i/A (sky130_fd_sc_hd__clkbuf_16)
    33    0.214511    0.243436    0.536740   30.892748 ^ core/clkbuf_0_wb_clk_i/X (sky130_fd_sc_hd__clkbuf_16)
                                                         core/clknet_0_wb_clk_i (net)
                      0.244086    0.008832   30.901579 ^ core/clkbuf_4_13_0_wb_clk_i/A (sky130_fd_sc_hd__clkbuf_8)
    12    0.043662    0.089248    0.227853   31.129433 ^ core/clkbuf_4_13_0_wb_clk_i/X (sky130_fd_sc_hd__clkbuf_8)
                                                         core/clknet_4_13_0_wb_clk_i (net)
                      0.089257    0.000945   31.130377 ^ core/_2306_/CLK (sky130_fd_sc_hd__dfrtp_4)
                                 -0.250000   30.880377   clock uncertainty
                                  0.000000   30.880377   clock reconvergence pessimism
                                  0.233422   31.113800   library recovery time
                                             31.113800   data required time
---------------------------------------------------------------------------------------------
                                             31.113800   data required time
                                            -20.834854   data arrival time
---------------------------------------------------------------------------------------------
                                             10.278946   slack (MET)


Startpoint: wb_rst_i (input port clocked by wb_clk_i)
Endpoint: mprj1 (rising edge-triggered flip-flop clocked by wb_clk_i)
Path Group: wb_clk_i
Path Type: max

Fanout         Cap        Slew       Delay        Time   Description
---------------------------------------------------------------------------------------------
                                  0.000000    0.000000   clock wb_clk_i (rise edge)
                                  5.570000    5.570000   clock network delay (propagated)
                                 12.500000   18.070000 ^ input external delay
     6    1.034277    0.000000    0.000000   18.070000 ^ wb_rst_i (in)
                                                         wb_rst_i (net)
                      1.931434    0.965716   19.035715 ^ mprj1/wb_rst_i (Neuromorphic_X1_wb)
                                             19.035715   data arrival time

                                 25.000000   25.000000   clock wb_clk_i (rise edge)
                                  4.650000   29.650000   clock source latency
     6    0.586303    0.610000    0.000000   29.650000 ^ wb_clk_i (in)
                                                         wb_clk_i (net)
                      1.844745    0.617375   30.267374 ^ mprj1/wb_clk_i (Neuromorphic_X1_wb)
                                 -0.250000   30.017372   clock uncertainty
                                  0.000000   30.017372   clock reconvergence pessimism
                                 -1.109637   28.907736   library setup time
                                             28.907736   data required time
---------------------------------------------------------------------------------------------
                                             28.907736   data required time
                                            -19.035715   data arrival time
---------------------------------------------------------------------------------------------
                                              9.872020   slack (MET)




===========================================================================
report_checks --slack_max -0.01
============================================================================
======================= nom_tt_025C_1v80 Corner ===================================

No paths found.


===========================================================================
 report_check_types -max_slew -max_cap -max_fanout -violators
============================================================================
======================= nom_tt_025C_1v80 Corner ===================================

max slew

Pin                                        Limit        Slew       Slack
------------------------------------------------------------------------
wbs_dat_o[31]                           0.500000    4.053935   -3.553935 (VIOLATED)
wbs_dat_o[4]                            0.500000    3.986766   -3.486766 (VIOLATED)
wbs_dat_o[27]                           0.500000    3.967244   -3.467244 (VIOLATED)
wbs_dat_o[3]                            0.500000    3.822977   -3.322977 (VIOLATED)
wbs_dat_o[11]                           0.500000    3.741109   -3.241109 (VIOLATED)
wbs_dat_o[13]                           0.500000    3.635740   -3.135740 (VIOLATED)
core/output195/X                        0.500000    3.595344   -3.095344 (VIOLATED)
core/output173/X                        0.500000    3.459907   -2.959907 (VIOLATED)
wbs_dat_o[0]                            0.500000    3.432498   -2.932498 (VIOLATED)
wbs_dat_o[24]                           0.500000    3.414732   -2.914732 (VIOLATED)
core/output175/X                        0.500000    3.366976   -2.866975 (VIOLATED)
wbs_dat_o[28]                           0.500000    3.349842   -2.849842 (VIOLATED)
wbs_ack_o                               0.500000    3.342398   -2.842398 (VIOLATED)
wbs_dat_o[1]                            0.500000    3.307121   -2.807121 (VIOLATED)
core/output171/X                        0.500000    3.254337   -2.754337 (VIOLATED)
core/output182/X                        0.500000    3.244818   -2.744818 (VIOLATED)
wbs_dat_o[23]                           0.500000    3.195789   -2.695789 (VIOLATED)
wbs_dat_o[10]                           0.500000    3.173333   -2.673333 (VIOLATED)
wbs_dat_o[7]                            0.500000    3.169791   -2.669791 (VIOLATED)
core/output187/X                        0.500000    3.139152   -2.639152 (VIOLATED)
wbs_dat_o[18]                           0.500000    3.089027   -2.589027 (VIOLATED)
core/output197/X                        0.500000    3.081039   -2.581039 (VIOLATED)
core/output190/X                        0.500000    3.066237   -2.566237 (VIOLATED)
core/output170/X                        0.500000    3.039667   -2.539667 (VIOLATED)
wbs_dat_o[25]                           0.500000    3.030194   -2.530194 (VIOLATED)
wbs_dat_o[8]                            0.500000    3.013253   -2.513252 (VIOLATED)
core/output191/X                        0.500000    2.981320   -2.481320 (VIOLATED)
wbs_dat_o[17]                           0.500000    2.943561   -2.443561 (VIOLATED)
core/output172/X                        0.500000    2.942339   -2.442339 (VIOLATED)
core/output180/X                        0.500000    2.875296   -2.375296 (VIOLATED)
wbs_dat_o[12]                           0.500000    2.871186   -2.371186 (VIOLATED)
wbs_dat_o[16]                           0.500000    2.860048   -2.360048 (VIOLATED)
wbs_dat_o[20]                           0.500000    2.857564   -2.357564 (VIOLATED)
wbs_dat_o[15]                           0.500000    2.824607   -2.324607 (VIOLATED)
core/output200/X                        0.500000    2.817115   -2.317115 (VIOLATED)
core/output186/X                        0.500000    2.816219   -2.316219 (VIOLATED)
wbs_dat_o[14]                           0.500000    2.808683   -2.308683 (VIOLATED)
core/output196/X                        0.500000    2.793601   -2.293601 (VIOLATED)
wbs_dat_o[19]                           0.500000    2.781490   -2.281490 (VIOLATED)
core/output176/X                        0.500000    2.779719   -2.279719 (VIOLATED)
wbs_dat_o[21]                           0.500000    2.748549   -2.248549 (VIOLATED)
core/output201/X                        0.500000    2.748354   -2.248354 (VIOLATED)
wbs_dat_o[22]                           0.500000    2.678250   -2.178250 (VIOLATED)
core/output179/X                        0.500000    2.650529   -2.150529 (VIOLATED)
core/output188/X                        0.500000    2.642445   -2.142445 (VIOLATED)
mprj/wbs_adr_i[5]                       0.500000    2.640805   -2.140805 (VIOLATED)
core/output174/X                        0.500000    2.600874   -2.100874 (VIOLATED)
core/output178/X                        0.500000    2.593807   -2.093807 (VIOLATED)
core/output183/X                        0.500000    2.581821   -2.081821 (VIOLATED)
core/output177/X                        0.500000    2.562897   -2.062896 (VIOLATED)
core/output181/X                        0.500000    2.530447   -2.030447 (VIOLATED)
wbs_dat_o[2]                            0.500000    2.513631   -2.013631 (VIOLATED)
wbs_dat_o[5]                            0.500000    2.509300   -2.009300 (VIOLATED)
core/output184/X                        0.500000    2.505088   -2.005088 (VIOLATED)
core/input26/A                          0.500000    2.480156   -1.980156 (VIOLATED)
core/ANTENNA_input26_A/DIODE            0.500000    2.480151   -1.980151 (VIOLATED)
wbs_dat_o[6]                            0.500000    2.474787   -1.974787 (VIOLATED)
core/output185/X                        0.500000    2.460358   -1.960358 (VIOLATED)
wbs_dat_o[9]                            0.500000    2.455948   -1.955948 (VIOLATED)
core/input15/A                          0.500000    2.430350   -1.930350 (VIOLATED)
core/ANTENNA_input15_A/DIODE            0.500000    2.430317   -1.930317 (VIOLATED)
core/input17/A                          0.500000    2.386255   -1.886255 (VIOLATED)
core/ANTENNA_input17_A/DIODE            0.500000    2.386242   -1.886242 (VIOLATED)
mprj1/wbs_adr_i[5]                      0.500000    2.381449   -1.881449 (VIOLATED)
mprj/wbs_dat_i[1]                       0.500000    2.352170   -1.852170 (VIOLATED)
mprj/wbs_adr_i[1]                       0.500000    2.347398   -1.847397 (VIOLATED)
mprj/wbs_adr_i[3]                       0.500000    2.320902   -1.820902 (VIOLATED)
core/input9/A                           0.500000    2.303766   -1.803766 (VIOLATED)
core/ANTENNA_input9_A/DIODE             0.500000    2.303753   -1.803753 (VIOLATED)
mprj/wbs_adr_i[4]                       0.500000    2.303625   -1.803625 (VIOLATED)
core/output193/X                        0.500000    2.293012   -1.793012 (VIOLATED)
core/input11/A                          0.500000    2.291247   -1.791247 (VIOLATED)
core/ANTENNA_input11_A/DIODE            0.500000    2.291233   -1.791233 (VIOLATED)
core/output198/X                        0.500000    2.288049   -1.788049 (VIOLATED)
mprj1/wbs_dat_i[1]                      0.500000    2.281281   -1.781281 (VIOLATED)
mprj/wbs_adr_i[16]                      0.500000    2.276675   -1.776676 (VIOLATED)
core/output199/X                        0.500000    2.273396   -1.773396 (VIOLATED)
core/input19/A                          0.500000    2.258282   -1.758282 (VIOLATED)
core/ANTENNA_input19_A/DIODE            0.500000    2.258268   -1.758268 (VIOLATED)
core/_2444_/A                           0.500000    2.255063   -1.755063 (VIOLATED)
core/ANTENNA__2412__A/DIODE             0.500000    2.255053   -1.755053 (VIOLATED)
core/ANTENNA__2444__A/DIODE             0.500000    2.255055   -1.755055 (VIOLATED)
core/_2412_/A                           0.500000    2.255054   -1.755054 (VIOLATED)
core/_2476_/A                           0.500000    2.255037   -1.755037 (VIOLATED)
core/_2508_/A                           0.500000    2.255018   -1.755018 (VIOLATED)
core/ANTENNA__2476__A/DIODE             0.500000    2.254988   -1.754988 (VIOLATED)
core/ANTENNA__2508__A/DIODE             0.500000    2.254986   -1.754986 (VIOLATED)
mprj/wbs_adr_i[11]                      0.500000    2.252986   -1.752986 (VIOLATED)
core/output202/X                        0.500000    2.239282   -1.739282 (VIOLATED)
wbs_dat_o[26]                           0.500000    2.230944   -1.730944 (VIOLATED)
mprj/wbs_adr_i[12]                      0.500000    2.227457   -1.727457 (VIOLATED)
wbs_dat_o[29]                           0.500000    2.223705   -1.723705 (VIOLATED)
mprj/wbs_adr_i[7]                       0.500000    2.219053   -1.719053 (VIOLATED)
mprj/user_rst                           0.500000    2.217436   -1.717436 (VIOLATED)
mprj/wb_rst_i                           0.500000    2.216718   -1.716718 (VIOLATED)
core/output189/X                        0.500000    2.213975   -1.713975 (VIOLATED)
wbs_dat_o[30]                           0.500000    2.207535   -1.707535 (VIOLATED)
core/output192/X                        0.500000    2.205630   -1.705629 (VIOLATED)
core/output194/X                        0.500000    2.193063   -1.693063 (VIOLATED)
mprj/wbs_dat_i[0]                       0.500000    2.180008   -1.680008 (VIOLATED)
mprj/wbs_adr_i[10]                      0.500000    2.175288   -1.675288 (VIOLATED)
mprj1/wbs_adr_i[1]                      0.500000    2.133640   -1.633639 (VIOLATED)
mprj1/wbs_adr_i[3]                      0.500000    2.133058   -1.633057 (VIOLATED)
mprj1/wbs_dat_i[0]                      0.500000    2.126539   -1.626539 (VIOLATED)
mprj1/wbs_adr_i[4]                      0.500000    2.102045   -1.602045 (VIOLATED)
core/input34/A                          0.500000    2.087759   -1.587759 (VIOLATED)
core/ANTENNA_input34_A/DIODE            0.500000    2.087748   -1.587748 (VIOLATED)
mprj/wbs_dat_i[30]                      0.500000    2.079127   -1.579127 (VIOLATED)
mprj1/wbs_dat_i[30]                     0.500000    2.046136   -1.546136 (VIOLATED)
mprj1/wbs_adr_i[16]                     0.500000    2.029891   -1.529891 (VIOLATED)
mprj1/wbs_adr_i[11]                     0.500000    2.022061   -1.522061 (VIOLATED)
core/clkbuf_0_wb_clk_i/A                0.500000    2.022018   -1.522018 (VIOLATED)
core/ANTENNA_clkbuf_0_wb_clk_i_A/DIODE    0.500000    2.021854   -1.521854 (VIOLATED)
mprj1/wbs_adr_i[7]                      0.500000    1.995103   -1.495103 (VIOLATED)
mprj1/wbs_adr_i[10]                     0.500000    1.993098   -1.493098 (VIOLATED)
mprj1/wbs_adr_i[12]                     0.500000    1.992688   -1.492688 (VIOLATED)
mprj/wbs_adr_i[21]                      0.500000    1.957514   -1.457514 (VIOLATED)
mprj1/wb_rst_i                          0.500000    1.931434   -1.431434 (VIOLATED)
mprj1/user_rst                          0.500000    1.931166   -1.431166 (VIOLATED)
mprj/wbs_dat_i[8]                       0.500000    1.905461   -1.405461 (VIOLATED)
core/input10/A                          0.500000    1.895323   -1.395323 (VIOLATED)
core/ANTENNA_input10_A/DIODE            0.500000    1.895303   -1.395303 (VIOLATED)
mprj1/wbs_dat_i[8]                      0.500000    1.895005   -1.395005 (VIOLATED)
mprj1/wbs_cyc_i                         0.500000    1.892323   -1.392323 (VIOLATED)
mprj/user_clk                           0.500000    1.879108   -1.379108 (VIOLATED)
mprj/wb_clk_i                           0.500000    1.879049   -1.379049 (VIOLATED)
mprj/wbs_cyc_i                          0.500000    1.863750   -1.363750 (VIOLATED)
mprj1/wb_clk_i                          0.500000    1.844745   -1.344745 (VIOLATED)
mprj1/user_clk                          0.500000    1.844616   -1.344616 (VIOLATED)
core/_2445_/A                           0.500000    1.831479   -1.331479 (VIOLATED)
core/ANTENNA__2445__A/DIODE             0.500000    1.831472   -1.331472 (VIOLATED)
core/ANTENNA__2413__A/DIODE             0.500000    1.831470   -1.331470 (VIOLATED)
core/_2413_/A                           0.500000    1.831468   -1.331468 (VIOLATED)
core/_2477_/A                           0.500000    1.831450   -1.331451 (VIOLATED)
core/_2509_/A                           0.500000    1.831435   -1.331435 (VIOLATED)
core/ANTENNA__2509__A/DIODE             0.500000    1.831404   -1.331404 (VIOLATED)
core/ANTENNA__2477__A/DIODE             0.500000    1.831340   -1.331340 (VIOLATED)
core/output167/X                        0.500000    1.812526   -1.312526 (VIOLATED)
core/ANTENNA__2403__A/DIODE             0.500000    1.801023   -1.301023 (VIOLATED)
core/_2403_/A                           0.500000    1.801015   -1.301015 (VIOLATED)
core/_2435_/A                           0.500000    1.801000   -1.301000 (VIOLATED)
core/ANTENNA__2435__A/DIODE             0.500000    1.800977   -1.300977 (VIOLATED)
core/ANTENNA__2499__A/DIODE             0.500000    1.795192   -1.295192 (VIOLATED)
core/_2499_/A                           0.500000    1.795171   -1.295171 (VIOLATED)
core/_2467_/A                           0.500000    1.795014   -1.295014 (VIOLATED)
core/ANTENNA__2467__A/DIODE             0.500000    1.794968   -1.294968 (VIOLATED)
mprj/wbs_adr_i[0]                       0.500000    1.793825   -1.293825 (VIOLATED)
mprj1/wbs_adr_i[21]                     0.500000    1.793748   -1.293748 (VIOLATED)
core/_2507_/A                           0.500000    1.782660   -1.282660 (VIOLATED)
core/_2443_/A                           0.500000    1.782644   -1.282644 (VIOLATED)
core/ANTENNA__2507__A/DIODE             0.500000    1.782632   -1.282632 (VIOLATED)
core/_2475_/A                           0.500000    1.782629   -1.282629 (VIOLATED)
core/ANTENNA__2443__A/DIODE             0.500000    1.782616   -1.282616 (VIOLATED)
core/_2411_/A                           0.500000    1.782616   -1.282616 (VIOLATED)
core/ANTENNA__2475__A/DIODE             0.500000    1.782481   -1.282481 (VIOLATED)
core/ANTENNA__2411__A/DIODE             0.500000    1.782443   -1.282443 (VIOLATED)
core/input12/A                          0.500000    1.772593   -1.272593 (VIOLATED)
core/ANTENNA_input12_A/DIODE            0.500000    1.772579   -1.272579 (VIOLATED)
core/input14/A                          0.500000    1.763736   -1.263736 (VIOLATED)
core/ANTENNA_input14_A/DIODE            0.500000    1.763722   -1.263722 (VIOLATED)
mprj1/wbs_stb_i                         0.500000    1.741447   -1.241447 (VIOLATED)
core/_2409_/A                           0.500000    1.738555   -1.238555 (VIOLATED)
core/_2505_/A                           0.500000    1.738547   -1.238547 (VIOLATED)
core/ANTENNA__2409__A/DIODE             0.500000    1.738543   -1.238543 (VIOLATED)
core/_2441_/A                           0.500000    1.738533   -1.238533 (VIOLATED)
core/_2473_/A                           0.500000    1.738503   -1.238503 (VIOLATED)
core/ANTENNA__2473__A/DIODE             0.500000    1.738490   -1.238490 (VIOLATED)
core/ANTENNA__2505__A/DIODE             0.500000    1.738478   -1.238478 (VIOLATED)
core/ANTENNA__2441__A/DIODE             0.500000    1.738476   -1.238477 (VIOLATED)
core/_2399_/A                           0.500000    1.736528   -1.236529 (VIOLATED)
core/_2495_/A                           0.500000    1.736510   -1.236510 (VIOLATED)
core/ANTENNA__2399__A/DIODE             0.500000    1.736499   -1.236499 (VIOLATED)
core/ANTENNA__2495__A/DIODE             0.500000    1.736498   -1.236498 (VIOLATED)
core/_2431_/A                           0.500000    1.736490   -1.236490 (VIOLATED)
core/_2463_/A                           0.500000    1.736479   -1.236479 (VIOLATED)
core/ANTENNA__2431__A/DIODE             0.500000    1.736463   -1.236463 (VIOLATED)
core/ANTENNA__2463__A/DIODE             0.500000    1.736453   -1.236453 (VIOLATED)
mprj/wbs_stb_i                          0.500000    1.716337   -1.216337 (VIOLATED)
core/input28/A                          0.500000    1.714540   -1.214540 (VIOLATED)
core/ANTENNA_input28_A/DIODE            0.500000    1.714526   -1.214527 (VIOLATED)
mprj/wbs_adr_i[13]                      0.500000    1.693821   -1.193821 (VIOLATED)
mprj1/Vcc_wl_reset                      0.500000    1.688954   -1.188954 (VIOLATED)
core/input24/A                          0.500000    1.687296   -1.187296 (VIOLATED)
core/ANTENNA_input24_A/DIODE            0.500000    1.687289   -1.187289 (VIOLATED)
mprj/wbs_adr_i[17]                      0.500000    1.686574   -1.186574 (VIOLATED)
core/output168/X                        0.500000    1.668920   -1.168920 (VIOLATED)
mprj/wbs_adr_i[15]                      0.500000    1.667475   -1.167475 (VIOLATED)
core/input13/A                          0.500000    1.654130   -1.154130 (VIOLATED)
core/ANTENNA_input13_A/DIODE            0.500000    1.654116   -1.154116 (VIOLATED)
mprj/wbs_adr_i[24]                      0.500000    1.650057   -1.150057 (VIOLATED)
core/input27/A                          0.500000    1.649958   -1.149958 (VIOLATED)
core/ANTENNA_input27_A/DIODE            0.500000    1.649943   -1.149943 (VIOLATED)
mprj1/wbs_we_i                          0.500000    1.619820   -1.119820 (VIOLATED)
core/_2430_/A                           0.500000    1.618422   -1.118422 (VIOLATED)
core/_2494_/A                           0.500000    1.618407   -1.118407 (VIOLATED)
core/ANTENNA__2430__A/DIODE             0.500000    1.618394   -1.118394 (VIOLATED)
core/ANTENNA__2494__A/DIODE             0.500000    1.618382   -1.118382 (VIOLATED)
core/_2462_/A                           0.500000    1.618306   -1.118306 (VIOLATED)
core/_2398_/A                           0.500000    1.618303   -1.118303 (VIOLATED)
core/ANTENNA__2398__A/DIODE             0.500000    1.618278   -1.118278 (VIOLATED)
core/ANTENNA__2462__A/DIODE             0.500000    1.618268   -1.118268 (VIOLATED)
core/input35/A                          0.500000    1.612920   -1.112920 (VIOLATED)
core/ANTENNA_input35_A/DIODE            0.500000    1.612913   -1.112913 (VIOLATED)
core/input25/A                          0.500000    1.612265   -1.112265 (VIOLATED)
core/ANTENNA_input25_A/DIODE            0.500000    1.612258   -1.112258 (VIOLATED)
mprj1/wbs_dat_i[31]                     0.500000    1.605730   -1.105730 (VIOLATED)
core/_2464_/A                           0.500000    1.604227   -1.104227 (VIOLATED)
core/_2496_/A                           0.500000    1.604219   -1.104219 (VIOLATED)
core/ANTENNA__2464__A/DIODE             0.500000    1.604194   -1.104194 (VIOLATED)
core/ANTENNA__2496__A/DIODE             0.500000    1.604186   -1.104186 (VIOLATED)
core/_2400_/A                           0.500000    1.601529   -1.101529 (VIOLATED)
core/_2432_/A                           0.500000    1.601348   -1.101348 (VIOLATED)
core/ANTENNA__2400__A/DIODE             0.500000    1.601059   -1.101059 (VIOLATED)
core/ANTENNA__2432__A/DIODE             0.500000    1.600951   -1.100951 (VIOLATED)
mprj/wbs_adr_i[18]                      0.500000    1.592924   -1.092924 (VIOLATED)
mprj/wbs_adr_i[25]                      0.500000    1.592704   -1.092704 (VIOLATED)
core/_2404_/A                           0.500000    1.591979   -1.091979 (VIOLATED)
core/_2500_/A                           0.500000    1.591966   -1.091966 (VIOLATED)
core/ANTENNA__2404__A/DIODE             0.500000    1.591951   -1.091951 (VIOLATED)
core/ANTENNA__2500__A/DIODE             0.500000    1.591936   -1.091936 (VIOLATED)
core/_2436_/A                           0.500000    1.591935   -1.091935 (VIOLATED)
core/_2468_/A                           0.500000    1.591914   -1.091914 (VIOLATED)
core/ANTENNA__2436__A/DIODE             0.500000    1.591909   -1.091909 (VIOLATED)
core/ANTENNA__2468__A/DIODE             0.500000    1.591888   -1.091888 (VIOLATED)
mprj/wbs_we_i                           0.500000    1.588947   -1.088947 (VIOLATED)
core/input30/A                          0.500000    1.588750   -1.088750 (VIOLATED)
core/ANTENNA_input30_A/DIODE            0.500000    1.588743   -1.088743 (VIOLATED)
mprj/wbs_adr_i[14]                      0.500000    1.580354   -1.080354 (VIOLATED)
mprj/wbs_adr_i[19]                      0.500000    1.577399   -1.077399 (VIOLATED)
core/_2465_/A                           0.500000    1.575508   -1.075508 (VIOLATED)
core/_2497_/A                           0.500000    1.575506   -1.075506 (VIOLATED)
core/ANTENNA__2465__A/DIODE             0.500000    1.575478   -1.075478 (VIOLATED)
core/ANTENNA__2497__A/DIODE             0.500000    1.575470   -1.075470 (VIOLATED)
core/_2433_/A                           0.500000    1.575227   -1.075227 (VIOLATED)
core/ANTENNA__2433__A/DIODE             0.500000    1.575198   -1.075198 (VIOLATED)
core/_2401_/A                           0.500000    1.575111   -1.075111 (VIOLATED)
core/ANTENNA__2401__A/DIODE             0.500000    1.575034   -1.075034 (VIOLATED)
mprj/wbs_adr_i[6]                       0.500000    1.573018   -1.073018 (VIOLATED)
core/_2472_/A                           0.500000    1.570600   -1.070600 (VIOLATED)
core/_2504_/A                           0.500000    1.570596   -1.070596 (VIOLATED)
core/ANTENNA__2472__A/DIODE             0.500000    1.570539   -1.070539 (VIOLATED)
core/ANTENNA__2504__A/DIODE             0.500000    1.570536   -1.070536 (VIOLATED)
core/_2440_/A                           0.500000    1.569238   -1.069238 (VIOLATED)
core/ANTENNA__2440__A/DIODE             0.500000    1.569209   -1.069209 (VIOLATED)
core/_2408_/A                           0.500000    1.569019   -1.069019 (VIOLATED)
core/ANTENNA__2408__A/DIODE             0.500000    1.568831   -1.068831 (VIOLATED)
mprj/wbs_adr_i[27]                      0.500000    1.558292   -1.058292 (VIOLATED)
mprj/wbs_adr_i[31]                      0.500000    1.556333   -1.056333 (VIOLATED)
mprj/wbs_dat_i[2]                       0.500000    1.556305   -1.056305 (VIOLATED)
mprj1/Vcc_set                           0.500000    1.554237   -1.054237 (VIOLATED)
mprj1/wbs_adr_i[0]                      0.500000    1.552816   -1.052816 (VIOLATED)
mprj/wbs_adr_i[26]                      0.500000    1.550550   -1.050550 (VIOLATED)
mprj1/Vcc_wl_read                       0.500000    1.548712   -1.048712 (VIOLATED)
mprj/Vcc_set                            0.500000    1.548066   -1.048066 (VIOLATED)
core/output169/X                        0.500000    1.547375   -1.047375 (VIOLATED)
core/input16/A                          0.500000    1.543097   -1.043097 (VIOLATED)
core/ANTENNA_input16_A/DIODE            0.500000    1.543047   -1.043047 (VIOLATED)
mprj/wbs_dat_i[21]                      0.500000    1.539005   -1.039005 (VIOLATED)
mprj/wbs_adr_i[30]                      0.500000    1.535980   -1.035980 (VIOLATED)
mprj1/wbs_dat_i[21]                     0.500000    1.533611   -1.033611 (VIOLATED)
mprj/wbs_adr_i[20]                      0.500000    1.533302   -1.033302 (VIOLATED)
mprj/wbs_dat_i[31]                      0.500000    1.528762   -1.028762 (VIOLATED)
core/input22/A                          0.500000    1.523908   -1.023908 (VIOLATED)
core/ANTENNA_input22_A/DIODE            0.500000    1.523898   -1.023899 (VIOLATED)
mprj/Vcc_wl_read                        0.500000    1.515210   -1.015210 (VIOLATED)
mprj1/wbs_dat_i[2]                      0.500000    1.511835   -1.011835 (VIOLATED)
mprj/wbs_sel_i[2]                       0.500000    1.506294   -1.006294 (VIOLATED)
core/input23/A                          0.500000    1.494840   -0.994840 (VIOLATED)
core/ANTENNA_input23_A/DIODE            0.500000    1.494833   -0.994833 (VIOLATED)
mprj1/wbs_adr_i[17]                     0.500000    1.491739   -0.991739 (VIOLATED)
mprj/wbs_dat_i[17]                      0.500000    1.491038   -0.991038 (VIOLATED)
mprj/wbs_adr_i[22]                      0.500000    1.488379   -0.988379 (VIOLATED)
mprj/wbs_dat_i[29]                      0.500000    1.482657   -0.982657 (VIOLATED)
mprj1/wbs_dat_i[27]                     0.500000    1.480431   -0.980431 (VIOLATED)
mprj/wbs_dat_i[14]                      0.500000    1.478546   -0.978546 (VIOLATED)
mprj1/wbs_dat_i[17]                     0.500000    1.477846   -0.977846 (VIOLATED)
mprj1/wbs_dat_i[14]                     0.500000    1.472428   -0.972428 (VIOLATED)
core/input31/A                          0.500000    1.470024   -0.970024 (VIOLATED)
core/ANTENNA_input31_A/DIODE            0.500000    1.470011   -0.970011 (VIOLATED)
mprj1/wbs_dat_i[29]                     0.500000    1.466809   -0.966809 (VIOLATED)
mprj1/wbs_adr_i[24]                     0.500000    1.465350   -0.965350 (VIOLATED)
mprj/wbs_adr_i[2]                       0.500000    1.462296   -0.962296 (VIOLATED)
mprj1/wbs_adr_i[13]                     0.500000    1.462148   -0.962148 (VIOLATED)
core/input20/A                          0.500000    1.454174   -0.954174 (VIOLATED)
core/ANTENNA_input20_A/DIODE            0.500000    1.454160   -0.954160 (VIOLATED)
mprj/wbs_dat_i[16]                      0.500000    1.452819   -0.952819 (VIOLATED)
mprj1/wbs_adr_i[15]                     0.500000    1.452812   -0.952812 (VIOLATED)
mprj/wbs_dat_i[13]                      0.500000    1.448517   -0.948517 (VIOLATED)
mprj1/wbs_dat_i[13]                     0.500000    1.443249   -0.943249 (VIOLATED)
mprj1/wbs_dat_i[16]                     0.500000    1.438313   -0.938313 (VIOLATED)
mprj1/wbs_adr_i[25]                     0.500000    1.432268   -0.932268 (VIOLATED)
mprj/wbs_dat_i[4]                       0.500000    1.432138   -0.932138 (VIOLATED)
mprj/wbs_adr_i[23]                      0.500000    1.431589   -0.931589 (VIOLATED)
mprj/wbs_dat_i[9]                       0.500000    1.429742   -0.929742 (VIOLATED)
mprj/wbs_dat_i[18]                      0.500000    1.427681   -0.927681 (VIOLATED)
mprj/wbs_dat_i[27]                      0.500000    1.426861   -0.926861 (VIOLATED)
mprj1/wbs_dat_i[9]                      0.500000    1.425739   -0.925739 (VIOLATED)
mprj1/wbs_adr_i[18]                     0.500000    1.422394   -0.922394 (VIOLATED)
mprj/wbs_dat_i[15]                      0.500000    1.420433   -0.920433 (VIOLATED)
mprj1/wbs_dat_i[18]                     0.500000    1.418571   -0.918571 (VIOLATED)
core/_2471_/A                           0.500000    1.417679   -0.917679 (VIOLATED)
core/_2407_/A                           0.500000    1.417672   -0.917672 (VIOLATED)
core/ANTENNA__2471__A/DIODE             0.500000    1.417669   -0.917669 (VIOLATED)
core/_2503_/A                           0.500000    1.417652   -0.917652 (VIOLATED)
core/ANTENNA__2407__A/DIODE             0.500000    1.417648   -0.917648 (VIOLATED)
core/_2439_/A                           0.500000    1.417629   -0.917629 (VIOLATED)
core/ANTENNA__2503__A/DIODE             0.500000    1.417590   -0.917590 (VIOLATED)
core/ANTENNA__2439__A/DIODE             0.500000    1.417574   -0.917574 (VIOLATED)
mprj1/wbs_dat_i[15]                     0.500000    1.417343   -0.917343 (VIOLATED)
mprj/wbs_dat_i[19]                      0.500000    1.416164   -0.916164 (VIOLATED)
mprj1/wbs_adr_i[19]                     0.500000    1.412609   -0.912609 (VIOLATED)
mprj1/wbs_dat_i[20]                     0.500000    1.412481   -0.912481 (VIOLATED)
mprj/wbs_dat_i[20]                      0.500000    1.411737   -0.911737 (VIOLATED)
mprj1/wbs_dat_i[19]                     0.500000    1.407977   -0.907977 (VIOLATED)
mprj/wbs_dat_i[22]                      0.500000    1.406612   -0.906612 (VIOLATED)
mprj/wbs_dat_i[26]                      0.500000    1.406106   -0.906106 (VIOLATED)
mprj1/wbs_adr_i[27]                     0.500000    1.405290   -0.905290 (VIOLATED)
mprj1/wbs_dat_i[22]                     0.500000    1.398355   -0.898355 (VIOLATED)
mprj1/wbs_adr_i[26]                     0.500000    1.395737   -0.895737 (VIOLATED)
mprj1/wbs_dat_i[26]                     0.500000    1.394512   -0.894512 (VIOLATED)
mprj1/wbs_adr_i[31]                     0.500000    1.389948   -0.889948 (VIOLATED)
core/_2406_/A                           0.500000    1.389469   -0.889469 (VIOLATED)
core/_2438_/A                           0.500000    1.389463   -0.889463 (VIOLATED)
core/_2470_/A                           0.500000    1.389455   -0.889455 (VIOLATED)
core/_2502_/A                           0.500000    1.389442   -0.889442 (VIOLATED)
core/ANTENNA__2406__A/DIODE             0.500000    1.389389   -0.889389 (VIOLATED)
core/ANTENNA__2438__A/DIODE             0.500000    1.389375   -0.889375 (VIOLATED)
core/ANTENNA__2470__A/DIODE             0.500000    1.389309   -0.889309 (VIOLATED)
core/ANTENNA__2502__A/DIODE             0.500000    1.389307   -0.889307 (VIOLATED)
mprj/wbs_adr_i[28]                      0.500000    1.388643   -0.888643 (VIOLATED)
mprj1/wbs_adr_i[20]                     0.500000    1.385361   -0.885361 (VIOLATED)
mprj/wbs_adr_i[29]                      0.500000    1.384192   -0.884192 (VIOLATED)
mprj1/wbs_adr_i[30]                     0.500000    1.382715   -0.882715 (VIOLATED)
core/input21/A                          0.500000    1.380324   -0.880324 (VIOLATED)
core/ANTENNA_input21_A/DIODE            0.500000    1.380317   -0.880317 (VIOLATED)
core/_2474_/A                           0.500000    1.369372   -0.869372 (VIOLATED)
core/_2410_/A                           0.500000    1.369366   -0.869366 (VIOLATED)
core/ANTENNA__2474__A/DIODE             0.500000    1.369356   -0.869356 (VIOLATED)
mprj/wbs_dat_i[5]                       0.500000    1.369352   -0.869352 (VIOLATED)
core/ANTENNA__2410__A/DIODE             0.500000    1.369326   -0.869326 (VIOLATED)
core/_2506_/A                           0.500000    1.369309   -0.869309 (VIOLATED)
core/ANTENNA__2506__A/DIODE             0.500000    1.369280   -0.869280 (VIOLATED)
core/_2442_/A                           0.500000    1.369272   -0.869272 (VIOLATED)
core/ANTENNA__2442__A/DIODE             0.500000    1.369221   -0.869221 (VIOLATED)
mprj1/wbs_dat_i[4]                      0.500000    1.364140   -0.864140 (VIOLATED)
mprj1/wbs_sel_i[2]                      0.500000    1.357906   -0.857906 (VIOLATED)
mprj1/wbs_dat_i[25]                     0.500000    1.356396   -0.856396 (VIOLATED)
mprj1/wbs_adr_i[22]                     0.500000    1.352098   -0.852098 (VIOLATED)
mprj/wbs_dat_i[25]                      0.500000    1.350933   -0.850933 (VIOLATED)
mprj1/wbs_adr_i[14]                     0.500000    1.349660   -0.849660 (VIOLATED)
mprj1/wbs_adr_i[6]                      0.500000    1.338970   -0.838970 (VIOLATED)
mprj/wbs_dat_i[12]                      0.500000    1.333306   -0.833306 (VIOLATED)
mprj1/wbs_dat_i[12]                     0.500000    1.326372   -0.826372 (VIOLATED)
mprj/wbs_dat_i[10]                      0.500000    1.319476   -0.819476 (VIOLATED)
mprj1/wbs_dat_i[5]                      0.500000    1.314261   -0.814261 (VIOLATED)
mprj/wbs_adr_i[8]                       0.500000    1.309479   -0.809479 (VIOLATED)
mprj1/wbs_adr_i[23]                     0.500000    1.301601   -0.801601 (VIOLATED)
mprj1/wbs_dat_i[10]                     0.500000    1.288457   -0.788457 (VIOLATED)
mprj1/wbs_adr_i[29]                     0.500000    1.271947   -0.771947 (VIOLATED)
mprj/Vcc_wl_reset                       0.500000    1.269426   -0.769426 (VIOLATED)
mprj1/wbs_adr_i[2]                      0.500000    1.265224   -0.765224 (VIOLATED)
mprj1/wbs_adr_i[28]                     0.500000    1.254518   -0.754517 (VIOLATED)
mprj/wbs_dat_i[11]                      0.500000    1.254201   -0.754201 (VIOLATED)
mprj1/wbs_dat_i[11]                     0.500000    1.249740   -0.749740 (VIOLATED)
core/input29/A                          0.500000    1.209237   -0.709237 (VIOLATED)
core/ANTENNA_input29_A/DIODE            0.500000    1.209224   -0.709224 (VIOLATED)
mprj1/Vcc_reset                         0.500000    1.160670   -0.660670 (VIOLATED)
mprj/Vcc_reset                          0.500000    1.158143   -0.658143 (VIOLATED)
core/input32/A                          0.500000    1.156237   -0.656236 (VIOLATED)
core/ANTENNA_input32_A/DIODE            0.500000    1.156224   -0.656224 (VIOLATED)
core/input33/A                          0.500000    1.153401   -0.653401 (VIOLATED)
core/ANTENNA_input33_A/DIODE            0.500000    1.153387   -0.653387 (VIOLATED)
mprj/wbs_dat_i[24]                      0.500000    1.137243   -0.637243 (VIOLATED)
mprj/wbs_dat_i[28]                      0.500000    1.134840   -0.634840 (VIOLATED)
mprj/wbs_dat_i[7]                       0.500000    1.133520   -0.633520 (VIOLATED)
mprj1/wbs_dat_i[28]                     0.500000    1.127191   -0.627191 (VIOLATED)
mprj1/wbs_dat_i[24]                     0.500000    1.122796   -0.622796 (VIOLATED)
core/_2501_/A                           0.500000    1.103148   -0.603148 (VIOLATED)
core/ANTENNA__2501__A/DIODE             0.500000    1.103140   -0.603140 (VIOLATED)
core/ANTENNA__2405__A/DIODE             0.500000    1.103137   -0.603137 (VIOLATED)
core/_2405_/A                           0.500000    1.103137   -0.603137 (VIOLATED)
core/_2437_/A                           0.500000    1.103119   -0.603119 (VIOLATED)
core/_2469_/A                           0.500000    1.103100   -0.603100 (VIOLATED)
core/ANTENNA__2437__A/DIODE             0.500000    1.103070   -0.603070 (VIOLATED)
core/ANTENNA__2469__A/DIODE             0.500000    1.103068   -0.603068 (VIOLATED)
mprj/wbs_dat_i[3]                       0.500000    1.097348   -0.597348 (VIOLATED)
mprj1/wbs_dat_i[7]                      0.500000    1.079818   -0.579818 (VIOLATED)
core/input18/A                          0.500000    1.068416   -0.568416 (VIOLATED)
core/ANTENNA_input18_A/DIODE            0.500000    1.068401   -0.568401 (VIOLATED)
mprj/wbs_dat_i[23]                      0.500000    1.061406   -0.561406 (VIOLATED)
mprj/wbs_adr_i[9]                       0.500000    1.060472   -0.560472 (VIOLATED)
mprj1/wbs_dat_i[23]                     0.500000    1.047261   -0.547261 (VIOLATED)
mprj1/wbs_adr_i[8]                      0.500000    1.029754   -0.529754 (VIOLATED)
mprj1/wbs_dat_i[3]                      0.500000    1.029258   -0.529258 (VIOLATED)
mprj1/wbs_adr_i[9]                      0.500000    1.017172   -0.517172 (VIOLATED)
la_oenb[0]                              0.500000    0.970000   -0.470000 (VIOLATED)
la_oenb[100]                            0.500000    0.970000   -0.470000 (VIOLATED)
la_oenb[101]                            0.500000    0.970000   -0.470000 (VIOLATED)
la_oenb[102]                            0.500000    0.970000   -0.470000 (VIOLATED)
la_oenb[103]                            0.500000    0.970000   -0.470000 (VIOLATED)
la_oenb[104]                            0.500000    0.970000   -0.470000 (VIOLATED)
la_oenb[105]                            0.500000    0.970000   -0.470000 (VIOLATED)
la_oenb[106]                            0.500000    0.970000   -0.470000 (VIOLATED)
la_oenb[107]                            0.500000    0.970000   -0.470000 (VIOLATED)
la_oenb[108]                            0.500000    0.970000   -0.470000 (VIOLATED)
la_oenb[109]                            0.500000    0.970000   -0.470000 (VIOLATED)
la_oenb[10]                             0.500000    0.970000   -0.470000 (VIOLATED)
la_oenb[110]                            0.500000    0.970000   -0.470000 (VIOLATED)
la_oenb[111]                            0.500000    0.970000   -0.470000 (VIOLATED)
la_oenb[112]                            0.500000    0.970000   -0.470000 (VIOLATED)
la_oenb[113]                            0.500000    0.970000   -0.470000 (VIOLATED)
la_oenb[114]                            0.500000    0.970000   -0.470000 (VIOLATED)
la_oenb[115]                            0.500000    0.970000   -0.470000 (VIOLATED)
la_oenb[116]                            0.500000    0.970000   -0.470000 (VIOLATED)
la_oenb[117]                            0.500000    0.970000   -0.470000 (VIOLATED)
la_oenb[118]                            0.500000    0.970000   -0.470000 (VIOLATED)
la_oenb[119]                            0.500000    0.970000   -0.470000 (VIOLATED)
la_oenb[11]                             0.500000    0.970000   -0.470000 (VIOLATED)
la_oenb[120]                            0.500000    0.970000   -0.470000 (VIOLATED)
la_oenb[121]                            0.500000    0.970000   -0.470000 (VIOLATED)
la_oenb[122]                            0.500000    0.970000   -0.470000 (VIOLATED)
la_oenb[123]                            0.500000    0.970000   -0.470000 (VIOLATED)
la_oenb[124]                            0.500000    0.970000   -0.470000 (VIOLATED)
la_oenb[125]                            0.500000    0.970000   -0.470000 (VIOLATED)
la_oenb[126]                            0.500000    0.970000   -0.470000 (VIOLATED)
la_oenb[127]                            0.500000    0.970000   -0.470000 (VIOLATED)
la_oenb[12]                             0.500000    0.970000   -0.470000 (VIOLATED)
la_oenb[13]                             0.500000    0.970000   -0.470000 (VIOLATED)
la_oenb[14]                             0.500000    0.970000   -0.470000 (VIOLATED)
la_oenb[15]                             0.500000    0.970000   -0.470000 (VIOLATED)
la_oenb[16]                             0.500000    0.970000   -0.470000 (VIOLATED)
la_oenb[17]                             0.500000    0.970000   -0.470000 (VIOLATED)
la_oenb[18]                             0.500000    0.970000   -0.470000 (VIOLATED)
la_oenb[19]                             0.500000    0.970000   -0.470000 (VIOLATED)
la_oenb[1]                              0.500000    0.970000   -0.470000 (VIOLATED)
la_oenb[20]                             0.500000    0.970000   -0.470000 (VIOLATED)
la_oenb[21]                             0.500000    0.970000   -0.470000 (VIOLATED)
la_oenb[22]                             0.500000    0.970000   -0.470000 (VIOLATED)
la_oenb[23]                             0.500000    0.970000   -0.470000 (VIOLATED)
la_oenb[24]                             0.500000    0.970000   -0.470000 (VIOLATED)
la_oenb[25]                             0.500000    0.970000   -0.470000 (VIOLATED)
la_oenb[26]                             0.500000    0.970000   -0.470000 (VIOLATED)
la_oenb[27]                             0.500000    0.970000   -0.470000 (VIOLATED)
la_oenb[28]                             0.500000    0.970000   -0.470000 (VIOLATED)
la_oenb[29]                             0.500000    0.970000   -0.470000 (VIOLATED)
la_oenb[2]                              0.500000    0.970000   -0.470000 (VIOLATED)
la_oenb[30]                             0.500000    0.970000   -0.470000 (VIOLATED)
la_oenb[31]                             0.500000    0.970000   -0.470000 (VIOLATED)
la_oenb[32]                             0.500000    0.970000   -0.470000 (VIOLATED)
la_oenb[33]                             0.500000    0.970000   -0.470000 (VIOLATED)
la_oenb[34]                             0.500000    0.970000   -0.470000 (VIOLATED)
la_oenb[35]                             0.500000    0.970000   -0.470000 (VIOLATED)
la_oenb[36]                             0.500000    0.970000   -0.470000 (VIOLATED)
la_oenb[37]                             0.500000    0.970000   -0.470000 (VIOLATED)
la_oenb[38]                             0.500000    0.970000   -0.470000 (VIOLATED)
la_oenb[39]                             0.500000    0.970000   -0.470000 (VIOLATED)
la_oenb[3]                              0.500000    0.970000   -0.470000 (VIOLATED)
la_oenb[40]                             0.500000    0.970000   -0.470000 (VIOLATED)
la_oenb[41]                             0.500000    0.970000   -0.470000 (VIOLATED)
la_oenb[42]                             0.500000    0.970000   -0.470000 (VIOLATED)
la_oenb[43]                             0.500000    0.970000   -0.470000 (VIOLATED)
la_oenb[44]                             0.500000    0.970000   -0.470000 (VIOLATED)
la_oenb[45]                             0.500000    0.970000   -0.470000 (VIOLATED)
la_oenb[46]                             0.500000    0.970000   -0.470000 (VIOLATED)
la_oenb[47]                             0.500000    0.970000   -0.470000 (VIOLATED)
la_oenb[48]                             0.500000    0.970000   -0.470000 (VIOLATED)
la_oenb[49]                             0.500000    0.970000   -0.470000 (VIOLATED)
la_oenb[4]                              0.500000    0.970000   -0.470000 (VIOLATED)
la_oenb[50]                             0.500000    0.970000   -0.470000 (VIOLATED)
la_oenb[51]                             0.500000    0.970000   -0.470000 (VIOLATED)
la_oenb[52]                             0.500000    0.970000   -0.470000 (VIOLATED)
la_oenb[53]                             0.500000    0.970000   -0.470000 (VIOLATED)
la_oenb[54]                             0.500000    0.970000   -0.470000 (VIOLATED)
la_oenb[55]                             0.500000    0.970000   -0.470000 (VIOLATED)
la_oenb[56]                             0.500000    0.970000   -0.470000 (VIOLATED)
la_oenb[57]                             0.500000    0.970000   -0.470000 (VIOLATED)
la_oenb[58]                             0.500000    0.970000   -0.470000 (VIOLATED)
la_oenb[59]                             0.500000    0.970000   -0.470000 (VIOLATED)
la_oenb[5]                              0.500000    0.970000   -0.470000 (VIOLATED)
la_oenb[60]                             0.500000    0.970000   -0.470000 (VIOLATED)
la_oenb[61]                             0.500000    0.970000   -0.470000 (VIOLATED)
la_oenb[62]                             0.500000    0.970000   -0.470000 (VIOLATED)
la_oenb[63]                             0.500000    0.970000   -0.470000 (VIOLATED)
la_oenb[64]                             0.500000    0.970000   -0.470000 (VIOLATED)
la_oenb[65]                             0.500000    0.970000   -0.470000 (VIOLATED)
la_oenb[66]                             0.500000    0.970000   -0.470000 (VIOLATED)
la_oenb[67]                             0.500000    0.970000   -0.470000 (VIOLATED)
la_oenb[68]                             0.500000    0.970000   -0.470000 (VIOLATED)
la_oenb[69]                             0.500000    0.970000   -0.470000 (VIOLATED)
la_oenb[6]                              0.500000    0.970000   -0.470000 (VIOLATED)
la_oenb[70]                             0.500000    0.970000   -0.470000 (VIOLATED)
la_oenb[71]                             0.500000    0.970000   -0.470000 (VIOLATED)
la_oenb[72]                             0.500000    0.970000   -0.470000 (VIOLATED)
la_oenb[73]                             0.500000    0.970000   -0.470000 (VIOLATED)
la_oenb[74]                             0.500000    0.970000   -0.470000 (VIOLATED)
la_oenb[75]                             0.500000    0.970000   -0.470000 (VIOLATED)
la_oenb[76]                             0.500000    0.970000   -0.470000 (VIOLATED)
la_oenb[77]                             0.500000    0.970000   -0.470000 (VIOLATED)
la_oenb[78]                             0.500000    0.970000   -0.470000 (VIOLATED)
la_oenb[79]                             0.500000    0.970000   -0.470000 (VIOLATED)
la_oenb[7]                              0.500000    0.970000   -0.470000 (VIOLATED)
la_oenb[80]                             0.500000    0.970000   -0.470000 (VIOLATED)
la_oenb[81]                             0.500000    0.970000   -0.470000 (VIOLATED)
la_oenb[82]                             0.500000    0.970000   -0.470000 (VIOLATED)
la_oenb[83]                             0.500000    0.970000   -0.470000 (VIOLATED)
la_oenb[84]                             0.500000    0.970000   -0.470000 (VIOLATED)
la_oenb[85]                             0.500000    0.970000   -0.470000 (VIOLATED)
la_oenb[86]                             0.500000    0.970000   -0.470000 (VIOLATED)
la_oenb[87]                             0.500000    0.970000   -0.470000 (VIOLATED)
la_oenb[88]                             0.500000    0.970000   -0.470000 (VIOLATED)
la_oenb[89]                             0.500000    0.970000   -0.470000 (VIOLATED)
la_oenb[8]                              0.500000    0.970000   -0.470000 (VIOLATED)
la_oenb[90]                             0.500000    0.970000   -0.470000 (VIOLATED)
la_oenb[91]                             0.500000    0.970000   -0.470000 (VIOLATED)
la_oenb[92]                             0.500000    0.970000   -0.470000 (VIOLATED)
la_oenb[93]                             0.500000    0.970000   -0.470000 (VIOLATED)
la_oenb[94]                             0.500000    0.970000   -0.470000 (VIOLATED)
la_oenb[95]                             0.500000    0.970000   -0.470000 (VIOLATED)
la_oenb[96]                             0.500000    0.970000   -0.470000 (VIOLATED)
la_oenb[97]                             0.500000    0.970000   -0.470000 (VIOLATED)
la_oenb[98]                             0.500000    0.970000   -0.470000 (VIOLATED)
la_oenb[99]                             0.500000    0.970000   -0.470000 (VIOLATED)
la_oenb[9]                              0.500000    0.970000   -0.470000 (VIOLATED)
mprj/wbs_dat_i[6]                       0.500000    0.931999   -0.431999 (VIOLATED)
wbs_adr_i[0]                            0.500000    0.920000   -0.420000 (VIOLATED)
wbs_adr_i[10]                           0.500000    0.920000   -0.420000 (VIOLATED)
wbs_adr_i[11]                           0.500000    0.920000   -0.420000 (VIOLATED)
wbs_adr_i[12]                           0.500000    0.920000   -0.420000 (VIOLATED)
wbs_adr_i[13]                           0.500000    0.920000   -0.420000 (VIOLATED)
wbs_adr_i[14]                           0.500000    0.920000   -0.420000 (VIOLATED)
wbs_adr_i[15]                           0.500000    0.920000   -0.420000 (VIOLATED)
wbs_adr_i[16]                           0.500000    0.920000   -0.420000 (VIOLATED)
wbs_adr_i[17]                           0.500000    0.920000   -0.420000 (VIOLATED)
wbs_adr_i[18]                           0.500000    0.920000   -0.420000 (VIOLATED)
wbs_adr_i[19]                           0.500000    0.920000   -0.420000 (VIOLATED)
wbs_adr_i[1]                            0.500000    0.920000   -0.420000 (VIOLATED)
wbs_adr_i[20]                           0.500000    0.920000   -0.420000 (VIOLATED)
wbs_adr_i[21]                           0.500000    0.920000   -0.420000 (VIOLATED)
wbs_adr_i[22]                           0.500000    0.920000   -0.420000 (VIOLATED)
wbs_adr_i[23]                           0.500000    0.920000   -0.420000 (VIOLATED)
wbs_adr_i[24]                           0.500000    0.920000   -0.420000 (VIOLATED)
wbs_adr_i[25]                           0.500000    0.920000   -0.420000 (VIOLATED)
wbs_adr_i[26]                           0.500000    0.920000   -0.420000 (VIOLATED)
wbs_adr_i[27]                           0.500000    0.920000   -0.420000 (VIOLATED)
wbs_adr_i[28]                           0.500000    0.920000   -0.420000 (VIOLATED)
wbs_adr_i[29]                           0.500000    0.920000   -0.420000 (VIOLATED)
wbs_adr_i[2]                            0.500000    0.920000   -0.420000 (VIOLATED)
wbs_adr_i[30]                           0.500000    0.920000   -0.420000 (VIOLATED)
wbs_adr_i[31]                           0.500000    0.920000   -0.420000 (VIOLATED)
wbs_adr_i[3]                            0.500000    0.920000   -0.420000 (VIOLATED)
wbs_adr_i[4]                            0.500000    0.920000   -0.420000 (VIOLATED)
wbs_adr_i[5]                            0.500000    0.920000   -0.420000 (VIOLATED)
wbs_adr_i[6]                            0.500000    0.920000   -0.420000 (VIOLATED)
wbs_adr_i[7]                            0.500000    0.920000   -0.420000 (VIOLATED)
wbs_adr_i[8]                            0.500000    0.920000   -0.420000 (VIOLATED)
wbs_adr_i[9]                            0.500000    0.920000   -0.420000 (VIOLATED)
mprj1/wbs_dat_i[6]                      0.500000    0.914939   -0.414939 (VIOLATED)
la_data_in[0]                           0.500000    0.860000   -0.360000 (VIOLATED)
la_data_in[100]                         0.500000    0.860000   -0.360000 (VIOLATED)
la_data_in[101]                         0.500000    0.860000   -0.360000 (VIOLATED)
la_data_in[102]                         0.500000    0.860000   -0.360000 (VIOLATED)
la_data_in[103]                         0.500000    0.860000   -0.360000 (VIOLATED)
la_data_in[104]                         0.500000    0.860000   -0.360000 (VIOLATED)
la_data_in[105]                         0.500000    0.860000   -0.360000 (VIOLATED)
la_data_in[106]                         0.500000    0.860000   -0.360000 (VIOLATED)
la_data_in[107]                         0.500000    0.860000   -0.360000 (VIOLATED)
la_data_in[108]                         0.500000    0.860000   -0.360000 (VIOLATED)
la_data_in[109]                         0.500000    0.860000   -0.360000 (VIOLATED)
la_data_in[10]                          0.500000    0.860000   -0.360000 (VIOLATED)
la_data_in[110]                         0.500000    0.860000   -0.360000 (VIOLATED)
la_data_in[111]                         0.500000    0.860000   -0.360000 (VIOLATED)
la_data_in[112]                         0.500000    0.860000   -0.360000 (VIOLATED)
la_data_in[113]                         0.500000    0.860000   -0.360000 (VIOLATED)
la_data_in[114]                         0.500000    0.860000   -0.360000 (VIOLATED)
la_data_in[115]                         0.500000    0.860000   -0.360000 (VIOLATED)
la_data_in[116]                         0.500000    0.860000   -0.360000 (VIOLATED)
la_data_in[117]                         0.500000    0.860000   -0.360000 (VIOLATED)
la_data_in[118]                         0.500000    0.860000   -0.360000 (VIOLATED)
la_data_in[119]                         0.500000    0.860000   -0.360000 (VIOLATED)
la_data_in[11]                          0.500000    0.860000   -0.360000 (VIOLATED)
la_data_in[120]                         0.500000    0.860000   -0.360000 (VIOLATED)
la_data_in[121]                         0.500000    0.860000   -0.360000 (VIOLATED)
la_data_in[122]                         0.500000    0.860000   -0.360000 (VIOLATED)
la_data_in[123]                         0.500000    0.860000   -0.360000 (VIOLATED)
la_data_in[124]                         0.500000    0.860000   -0.360000 (VIOLATED)
la_data_in[125]                         0.500000    0.860000   -0.360000 (VIOLATED)
la_data_in[126]                         0.500000    0.860000   -0.360000 (VIOLATED)
la_data_in[127]                         0.500000    0.860000   -0.360000 (VIOLATED)
la_data_in[12]                          0.500000    0.860000   -0.360000 (VIOLATED)
la_data_in[13]                          0.500000    0.860000   -0.360000 (VIOLATED)
la_data_in[14]                          0.500000    0.860000   -0.360000 (VIOLATED)
la_data_in[15]                          0.500000    0.860000   -0.360000 (VIOLATED)
la_data_in[16]                          0.500000    0.860000   -0.360000 (VIOLATED)
la_data_in[17]                          0.500000    0.860000   -0.360000 (VIOLATED)
la_data_in[18]                          0.500000    0.860000   -0.360000 (VIOLATED)
la_data_in[19]                          0.500000    0.860000   -0.360000 (VIOLATED)
la_data_in[1]                           0.500000    0.860000   -0.360000 (VIOLATED)
la_data_in[20]                          0.500000    0.860000   -0.360000 (VIOLATED)
la_data_in[21]                          0.500000    0.860000   -0.360000 (VIOLATED)
la_data_in[22]                          0.500000    0.860000   -0.360000 (VIOLATED)
la_data_in[23]                          0.500000    0.860000   -0.360000 (VIOLATED)
la_data_in[24]                          0.500000    0.860000   -0.360000 (VIOLATED)
la_data_in[25]                          0.500000    0.860000   -0.360000 (VIOLATED)
la_data_in[26]                          0.500000    0.860000   -0.360000 (VIOLATED)
la_data_in[27]                          0.500000    0.860000   -0.360000 (VIOLATED)
la_data_in[28]                          0.500000    0.860000   -0.360000 (VIOLATED)
la_data_in[29]                          0.500000    0.860000   -0.360000 (VIOLATED)
la_data_in[2]                           0.500000    0.860000   -0.360000 (VIOLATED)
la_data_in[30]                          0.500000    0.860000   -0.360000 (VIOLATED)
la_data_in[31]                          0.500000    0.860000   -0.360000 (VIOLATED)
la_data_in[32]                          0.500000    0.860000   -0.360000 (VIOLATED)
la_data_in[33]                          0.500000    0.860000   -0.360000 (VIOLATED)
la_data_in[34]                          0.500000    0.860000   -0.360000 (VIOLATED)
la_data_in[35]                          0.500000    0.860000   -0.360000 (VIOLATED)
la_data_in[36]                          0.500000    0.860000   -0.360000 (VIOLATED)
la_data_in[37]                          0.500000    0.860000   -0.360000 (VIOLATED)
la_data_in[38]                          0.500000    0.860000   -0.360000 (VIOLATED)
la_data_in[39]                          0.500000    0.860000   -0.360000 (VIOLATED)
la_data_in[3]                           0.500000    0.860000   -0.360000 (VIOLATED)
la_data_in[40]                          0.500000    0.860000   -0.360000 (VIOLATED)
la_data_in[41]                          0.500000    0.860000   -0.360000 (VIOLATED)
la_data_in[42]                          0.500000    0.860000   -0.360000 (VIOLATED)
la_data_in[43]                          0.500000    0.860000   -0.360000 (VIOLATED)
la_data_in[44]                          0.500000    0.860000   -0.360000 (VIOLATED)
la_data_in[45]                          0.500000    0.860000   -0.360000 (VIOLATED)
la_data_in[46]                          0.500000    0.860000   -0.360000 (VIOLATED)
la_data_in[47]                          0.500000    0.860000   -0.360000 (VIOLATED)
la_data_in[48]                          0.500000    0.860000   -0.360000 (VIOLATED)
la_data_in[49]                          0.500000    0.860000   -0.360000 (VIOLATED)
la_data_in[4]                           0.500000    0.860000   -0.360000 (VIOLATED)
la_data_in[50]                          0.500000    0.860000   -0.360000 (VIOLATED)
la_data_in[51]                          0.500000    0.860000   -0.360000 (VIOLATED)
la_data_in[52]                          0.500000    0.860000   -0.360000 (VIOLATED)
la_data_in[53]                          0.500000    0.860000   -0.360000 (VIOLATED)
la_data_in[54]                          0.500000    0.860000   -0.360000 (VIOLATED)
la_data_in[55]                          0.500000    0.860000   -0.360000 (VIOLATED)
la_data_in[56]                          0.500000    0.860000   -0.360000 (VIOLATED)
la_data_in[57]                          0.500000    0.860000   -0.360000 (VIOLATED)
la_data_in[58]                          0.500000    0.860000   -0.360000 (VIOLATED)
la_data_in[59]                          0.500000    0.860000   -0.360000 (VIOLATED)
la_data_in[5]                           0.500000    0.860000   -0.360000 (VIOLATED)
la_data_in[60]                          0.500000    0.860000   -0.360000 (VIOLATED)
la_data_in[61]                          0.500000    0.860000   -0.360000 (VIOLATED)
la_data_in[62]                          0.500000    0.860000   -0.360000 (VIOLATED)
la_data_in[63]                          0.500000    0.860000   -0.360000 (VIOLATED)
la_data_in[64]                          0.500000    0.860000   -0.360000 (VIOLATED)
la_data_in[65]                          0.500000    0.860000   -0.360000 (VIOLATED)
la_data_in[66]                          0.500000    0.860000   -0.360000 (VIOLATED)
la_data_in[67]                          0.500000    0.860000   -0.360000 (VIOLATED)
la_data_in[68]                          0.500000    0.860000   -0.360000 (VIOLATED)
la_data_in[69]                          0.500000    0.860000   -0.360000 (VIOLATED)
la_data_in[6]                           0.500000    0.860000   -0.360000 (VIOLATED)
la_data_in[70]                          0.500000    0.860000   -0.360000 (VIOLATED)
la_data_in[71]                          0.500000    0.860000   -0.360000 (VIOLATED)
la_data_in[72]                          0.500000    0.860000   -0.360000 (VIOLATED)
la_data_in[73]                          0.500000    0.860000   -0.360000 (VIOLATED)
la_data_in[74]                          0.500000    0.860000   -0.360000 (VIOLATED)
la_data_in[75]                          0.500000    0.860000   -0.360000 (VIOLATED)
la_data_in[76]                          0.500000    0.860000   -0.360000 (VIOLATED)
la_data_in[77]                          0.500000    0.860000   -0.360000 (VIOLATED)
la_data_in[78]                          0.500000    0.860000   -0.360000 (VIOLATED)
la_data_in[79]                          0.500000    0.860000   -0.360000 (VIOLATED)
la_data_in[7]                           0.500000    0.860000   -0.360000 (VIOLATED)
la_data_in[80]                          0.500000    0.860000   -0.360000 (VIOLATED)
la_data_in[81]                          0.500000    0.860000   -0.360000 (VIOLATED)
la_data_in[82]                          0.500000    0.860000   -0.360000 (VIOLATED)
la_data_in[83]                          0.500000    0.860000   -0.360000 (VIOLATED)
la_data_in[84]                          0.500000    0.860000   -0.360000 (VIOLATED)
la_data_in[85]                          0.500000    0.860000   -0.360000 (VIOLATED)
la_data_in[86]                          0.500000    0.860000   -0.360000 (VIOLATED)
la_data_in[87]                          0.500000    0.860000   -0.360000 (VIOLATED)
la_data_in[88]                          0.500000    0.860000   -0.360000 (VIOLATED)
la_data_in[89]                          0.500000    0.860000   -0.360000 (VIOLATED)
la_data_in[8]                           0.500000    0.860000   -0.360000 (VIOLATED)
la_data_in[90]                          0.500000    0.860000   -0.360000 (VIOLATED)
la_data_in[91]                          0.500000    0.860000   -0.360000 (VIOLATED)
la_data_in[92]                          0.500000    0.860000   -0.360000 (VIOLATED)
la_data_in[93]                          0.500000    0.860000   -0.360000 (VIOLATED)
la_data_in[94]                          0.500000    0.860000   -0.360000 (VIOLATED)
la_data_in[95]                          0.500000    0.860000   -0.360000 (VIOLATED)
la_data_in[96]                          0.500000    0.860000   -0.360000 (VIOLATED)
la_data_in[97]                          0.500000    0.860000   -0.360000 (VIOLATED)
la_data_in[98]                          0.500000    0.860000   -0.360000 (VIOLATED)
la_data_in[99]                          0.500000    0.860000   -0.360000 (VIOLATED)
la_data_in[9]                           0.500000    0.860000   -0.360000 (VIOLATED)
core/input36/A                          0.500000    0.854047   -0.354047 (VIOLATED)
core/ANTENNA_input36_A/DIODE            0.500000    0.854035   -0.354035 (VIOLATED)
wbs_dat_i[0]                            0.500000    0.840000   -0.340000 (VIOLATED)
wbs_dat_i[10]                           0.500000    0.840000   -0.340000 (VIOLATED)
wbs_dat_i[11]                           0.500000    0.840000   -0.340000 (VIOLATED)
wbs_dat_i[12]                           0.500000    0.840000   -0.340000 (VIOLATED)
wbs_dat_i[13]                           0.500000    0.840000   -0.340000 (VIOLATED)
wbs_dat_i[14]                           0.500000    0.840000   -0.340000 (VIOLATED)
wbs_dat_i[15]                           0.500000    0.840000   -0.340000 (VIOLATED)
wbs_dat_i[16]                           0.500000    0.840000   -0.340000 (VIOLATED)
wbs_dat_i[17]                           0.500000    0.840000   -0.340000 (VIOLATED)
wbs_dat_i[18]                           0.500000    0.840000   -0.340000 (VIOLATED)
wbs_dat_i[19]                           0.500000    0.840000   -0.340000 (VIOLATED)
wbs_dat_i[1]                            0.500000    0.840000   -0.340000 (VIOLATED)
wbs_dat_i[20]                           0.500000    0.840000   -0.340000 (VIOLATED)
wbs_dat_i[21]                           0.500000    0.840000   -0.340000 (VIOLATED)
wbs_dat_i[22]                           0.500000    0.840000   -0.340000 (VIOLATED)
wbs_dat_i[23]                           0.500000    0.840000   -0.340000 (VIOLATED)
wbs_dat_i[24]                           0.500000    0.840000   -0.340000 (VIOLATED)
wbs_dat_i[25]                           0.500000    0.840000   -0.340000 (VIOLATED)
wbs_dat_i[26]                           0.500000    0.840000   -0.340000 (VIOLATED)
wbs_dat_i[27]                           0.500000    0.840000   -0.340000 (VIOLATED)
wbs_dat_i[28]                           0.500000    0.840000   -0.340000 (VIOLATED)
wbs_dat_i[29]                           0.500000    0.840000   -0.340000 (VIOLATED)
wbs_dat_i[2]                            0.500000    0.840000   -0.340000 (VIOLATED)
wbs_dat_i[30]                           0.500000    0.840000   -0.340000 (VIOLATED)
wbs_dat_i[31]                           0.500000    0.840000   -0.340000 (VIOLATED)
wbs_dat_i[3]                            0.500000    0.840000   -0.340000 (VIOLATED)
wbs_dat_i[4]                            0.500000    0.840000   -0.340000 (VIOLATED)
wbs_dat_i[5]                            0.500000    0.840000   -0.340000 (VIOLATED)
wbs_dat_i[6]                            0.500000    0.840000   -0.340000 (VIOLATED)
wbs_dat_i[7]                            0.500000    0.840000   -0.340000 (VIOLATED)
wbs_dat_i[8]                            0.500000    0.840000   -0.340000 (VIOLATED)
wbs_dat_i[9]                            0.500000    0.840000   -0.340000 (VIOLATED)
mprj/wbs_sel_i[0]                       0.500000    0.729805   -0.229805 (VIOLATED)
core/input37/A                          0.500000    0.692423   -0.192423 (VIOLATED)
core/ANTENNA_input37_A/DIODE            0.500000    0.692414   -0.192414 (VIOLATED)
core/input38/A                          0.500000    0.660951   -0.160951 (VIOLATED)
core/ANTENNA_input38_A/DIODE            0.500000    0.660942   -0.160942 (VIOLATED)
mprj/wbs_sel_i[1]                       0.500000    0.624547   -0.124547 (VIOLATED)
wb_clk_i                                0.500000    0.610000   -0.110000 (VIOLATED)
mprj/wbs_sel_i[3]                       0.500000    0.602480   -0.102480 (VIOLATED)
core/_1343_/A1                          0.500000    0.585058   -0.085058 (VIOLATED)
core/_1430_/A1                          0.500000    0.585053   -0.085053 (VIOLATED)
core/_1474_/B2                          0.500000    0.585048   -0.085048 (VIOLATED)
core/_1383_/A1                          0.500000    0.585047   -0.085047 (VIOLATED)
core/_1521_/A1                          0.500000    0.585040   -0.085040 (VIOLATED)
core/_1646_/B2                          0.500000    0.585031   -0.085031 (VIOLATED)
core/_1602_/A1                          0.500000    0.585004   -0.085004 (VIOLATED)
core/_1558_/A1                          0.500000    0.584996   -0.084996 (VIOLATED)
core/hold295/X                          0.500000    0.584981   -0.084981 (VIOLATED)
core/hold867/A                          0.500000    0.584981   -0.084981 (VIOLATED)
mprj1/wbs_sel_i[0]                      0.500000    0.572361   -0.072361 (VIOLATED)
core/_1498_/A1                          0.500000    0.556124   -0.056124 (VIOLATED)
core/_1455_/A1                          0.500000    0.556120   -0.056120 (VIOLATED)
core/_1404_/A1                          0.500000    0.556112   -0.056112 (VIOLATED)
core/_1540_/B2                          0.500000    0.556107   -0.056107 (VIOLATED)
core/_1323_/A1                          0.500000    0.556099   -0.056099 (VIOLATED)
core/_1360_/A1                          0.500000    0.556095   -0.056095 (VIOLATED)
core/_1586_/A1                          0.500000    0.556094   -0.056094 (VIOLATED)
core/_1624_/A1                          0.500000    0.556065   -0.056065 (VIOLATED)
core/hold311/X                          0.500000    0.556057   -0.056057 (VIOLATED)
core/hold891/A                          0.500000    0.556057   -0.056057 (VIOLATED)
core/input6/A                           0.500000    0.533711   -0.033711 (VIOLATED)
core/ANTENNA_input6_A/DIODE             0.500000    0.533703   -0.033703 (VIOLATED)
core/_1451_/B2                          0.500000    0.532202   -0.032202 (VIOLATED)
core/_1405_/A1                          0.500000    0.532202   -0.032202 (VIOLATED)
core/_1540_/A1                          0.500000    0.532198   -0.032198 (VIOLATED)
core/_1495_/B2                          0.500000    0.532195   -0.032195 (VIOLATED)
core/_1362_/A1                          0.500000    0.532192   -0.032192 (VIOLATED)
core/_1319_/B2                          0.500000    0.532182   -0.032182 (VIOLATED)
core/_1583_/A1                          0.500000    0.532179   -0.032179 (VIOLATED)
core/_1625_/A1                          0.500000    0.532176   -0.032176 (VIOLATED)
core/hold279/X                          0.500000    0.532176   -0.032176 (VIOLATED)
core/hold855/A                          0.500000    0.532176   -0.032176 (VIOLATED)
core/_1471_/A1                          0.500000    0.531767   -0.031767 (VIOLATED)
core/_1426_/A1                          0.500000    0.531766   -0.031766 (VIOLATED)
core/_1386_/B2                          0.500000    0.531763   -0.031763 (VIOLATED)
core/_1519_/B2                          0.500000    0.531751   -0.031751 (VIOLATED)
core/_1649_/B2                          0.500000    0.531742   -0.031742 (VIOLATED)
core/_1342_/B2                          0.500000    0.531730   -0.031730 (VIOLATED)
core/_1559_/B2                          0.500000    0.531722   -0.031722 (VIOLATED)
core/_1606_/B2                          0.500000    0.531719   -0.031719 (VIOLATED)
core/hold281/X                          0.500000    0.531714   -0.031714 (VIOLATED)
core/hold861/A                          0.500000    0.531714   -0.031714 (VIOLATED)
core/_1443_/A1                          0.500000    0.530623   -0.030623 (VIOLATED)
core/_1528_/B2                          0.500000    0.530622   -0.030622 (VIOLATED)
core/_1394_/A1                          0.500000    0.530620   -0.030620 (VIOLATED)
core/_1482_/B2                          0.500000    0.530620   -0.030620 (VIOLATED)
core/_1356_/A1                          0.500000    0.530619   -0.030619 (VIOLATED)
core/_1574_/A1                          0.500000    0.530616   -0.030616 (VIOLATED)
core/_1304_/B2                          0.500000    0.530613   -0.030613 (VIOLATED)
core/_1616_/B2                          0.500000    0.530605   -0.030605 (VIOLATED)
core/hold309/X                          0.500000    0.530597   -0.030597 (VIOLATED)
core/hold888/A                          0.500000    0.530597   -0.030597 (VIOLATED)
core/_1465_/B2                          0.500000    0.529322   -0.029322 (VIOLATED)
core/_1505_/A1                          0.500000    0.529322   -0.029322 (VIOLATED)
core/_1377_/B2                          0.500000    0.529317   -0.029317 (VIOLATED)
core/_1639_/A1                          0.500000    0.529316   -0.029316 (VIOLATED)
core/_1419_/B2                          0.500000    0.529310   -0.029310 (VIOLATED)
core/_1549_/A1                          0.500000    0.529292   -0.029292 (VIOLATED)
core/_1327_/A1                          0.500000    0.529283   -0.029283 (VIOLATED)
core/_1597_/A1                          0.500000    0.529279   -0.029279 (VIOLATED)
core/hold319/X                          0.500000    0.529279   -0.029279 (VIOLATED)
core/hold894/A                          0.500000    0.529279   -0.029279 (VIOLATED)
core/_1454_/A1                          0.500000    0.528188   -0.028188 (VIOLATED)
core/_1407_/B2                          0.500000    0.528188   -0.028188 (VIOLATED)
core/_1537_/A1                          0.500000    0.528187   -0.028187 (VIOLATED)
core/_1497_/A1                          0.500000    0.528186   -0.028186 (VIOLATED)
core/_1366_/A1                          0.500000    0.528183   -0.028183 (VIOLATED)
core/_1587_/A1                          0.500000    0.528181   -0.028181 (VIOLATED)
core/_1320_/A1                          0.500000    0.528178   -0.028178 (VIOLATED)
core/_1627_/B2                          0.500000    0.528178   -0.028178 (VIOLATED)
core/hold289/X                          0.500000    0.528178   -0.028178 (VIOLATED)
core/hold849/A                          0.500000    0.528178   -0.028178 (VIOLATED)
core/_1470_/B2                          0.500000    0.525657   -0.025657 (VIOLATED)
core/_1518_/B2                          0.500000    0.525656   -0.025656 (VIOLATED)
core/_1386_/A1                          0.500000    0.525655   -0.025655 (VIOLATED)
core/_1648_/A1                          0.500000    0.525654   -0.025654 (VIOLATED)
core/_1429_/B2                          0.500000    0.525649   -0.025649 (VIOLATED)
core/_1341_/A1                          0.500000    0.525640   -0.025640 (VIOLATED)
core/_1604_/A1                          0.500000    0.525626   -0.025626 (VIOLATED)
core/_1565_/A1                          0.500000    0.525621   -0.025621 (VIOLATED)
core/hold291/X                          0.500000    0.525620   -0.025620 (VIOLATED)
core/hold846/A                          0.500000    0.525620   -0.025620 (VIOLATED)
mprj/ScanInDL                           0.500000    0.523724   -0.023724 (VIOLATED)
core/_1477_/A1                          0.500000    0.522737   -0.022737 (VIOLATED)
core/_1385_/B2                          0.500000    0.522736   -0.022736 (VIOLATED)
core/_1433_/A1                          0.500000    0.522733   -0.022733 (VIOLATED)
core/_1518_/A1                          0.500000    0.522728   -0.022728 (VIOLATED)
core/_1652_/B2                          0.500000    0.522710   -0.022710 (VIOLATED)
core/_1343_/B2                          0.500000    0.522699   -0.022699 (VIOLATED)
core/_1562_/A1                          0.500000    0.522686   -0.022686 (VIOLATED)
core/_1608_/B2                          0.500000    0.522667   -0.022667 (VIOLATED)
core/hold287/X                          0.500000    0.522656   -0.022656 (VIOLATED)
core/hold879/A                          0.500000    0.522656   -0.022656 (VIOLATED)
io_out[0]                               0.500000    0.519514   -0.019514 (VIOLATED)
core/_1389_/A1                          0.500000    0.515721   -0.015721 (VIOLATED)
core/_1476_/A1                          0.500000    0.515719   -0.015719 (VIOLATED)
core/_1520_/A1                          0.500000    0.515716   -0.015716 (VIOLATED)
core/_1428_/B2                          0.500000    0.515707   -0.015707 (VIOLATED)
core/_1344_/A1                          0.500000    0.515700   -0.015700 (VIOLATED)
core/_1651_/A1                          0.500000    0.515683   -0.015683 (VIOLATED)
core/_1561_/A1                          0.500000    0.515676   -0.015676 (VIOLATED)
core/_1606_/A1                          0.500000    0.515676   -0.015676 (VIOLATED)
core/hold285/X                          0.500000    0.515676   -0.015676 (VIOLATED)
core/hold873/A                          0.500000    0.515676   -0.015676 (VIOLATED)
core/_1515_/A1                          0.500000    0.510327   -0.010327 (VIOLATED)
core/_1475_/A1                          0.500000    0.510324   -0.010324 (VIOLATED)
core/_1382_/A1                          0.500000    0.510318   -0.010318 (VIOLATED)
core/_1432_/A1                          0.500000    0.510310   -0.010310 (VIOLATED)
core/_1338_/A1                          0.500000    0.510291   -0.010291 (VIOLATED)
core/_1646_/A1                          0.500000    0.510288   -0.010288 (VIOLATED)
core/_1605_/B2                          0.500000    0.510269   -0.010269 (VIOLATED)
core/_1558_/B2                          0.500000    0.510262   -0.010262 (VIOLATED)
core/hold293/X                          0.500000    0.510259   -0.010259 (VIOLATED)
core/hold852/A                          0.500000    0.510259   -0.010259 (VIOLATED)
core/_1453_/B2                          0.500000    0.509731   -0.009730 (VIOLATED)
core/_1406_/A1                          0.500000    0.509729   -0.009729 (VIOLATED)
core/_1539_/B2                          0.500000    0.509728   -0.009728 (VIOLATED)
core/_1584_/B2                          0.500000    0.509723   -0.009723 (VIOLATED)
core/_1365_/A1                          0.500000    0.509722   -0.009723 (VIOLATED)
core/_1495_/A1                          0.500000    0.509715   -0.009715 (VIOLATED)
core/_1322_/B2                          0.500000    0.509708   -0.009708 (VIOLATED)
core/_1628_/A1                          0.500000    0.509708   -0.009708 (VIOLATED)
core/hold297/X                          0.500000    0.509708   -0.009708 (VIOLATED)
core/hold864/A                          0.500000    0.509708   -0.009708 (VIOLATED)
core/_1449_/B2                          0.500000    0.508697   -0.008697 (VIOLATED)
core/_1497_/B2                          0.500000    0.508692   -0.008692 (VIOLATED)
core/_1410_/A1                          0.500000    0.508691   -0.008691 (VIOLATED)
core/_1538_/B2                          0.500000    0.508690   -0.008690 (VIOLATED)
core/_1363_/A1                          0.500000    0.508686   -0.008686 (VIOLATED)
core/_1629_/B2                          0.500000    0.508677   -0.008677 (VIOLATED)
core/_1584_/A1                          0.500000    0.508669   -0.008669 (VIOLATED)
core/_1316_/B2                          0.500000    0.508638   -0.008638 (VIOLATED)
core/hold317/X                          0.500000    0.508630   -0.008630 (VIOLATED)
core/hold707/A                          0.500000    0.508630   -0.008630 (VIOLATED)
core/_1394_/B2                          0.500000    0.508269   -0.008269 (VIOLATED)
core/_1485_/B2                          0.500000    0.508269   -0.008269 (VIOLATED)
core/_1439_/B2                          0.500000    0.508265   -0.008265 (VIOLATED)
core/_1530_/A1                          0.500000    0.508251   -0.008251 (VIOLATED)
core/_1308_/B2                          0.500000    0.508249   -0.008249 (VIOLATED)
core/_1353_/B2                          0.500000    0.508229   -0.008229 (VIOLATED)
core/_1614_/B2                          0.500000    0.508213   -0.008213 (VIOLATED)
core/_1573_/A1                          0.500000    0.508210   -0.008210 (VIOLATED)
core/hold301/X                          0.500000    0.508207   -0.008207 (VIOLATED)
core/hold876/A                          0.500000    0.508207   -0.008207 (VIOLATED)
core/_1648_/B2                          0.500000    0.507033   -0.007033 (VIOLATED)
core/_1470_/A1                          0.500000    0.507032   -0.007032 (VIOLATED)
core/_1517_/B2                          0.500000    0.507031   -0.007031 (VIOLATED)
core/_1383_/B2                          0.500000    0.507029   -0.007029 (VIOLATED)
core/_1430_/B2                          0.500000    0.507025   -0.007025 (VIOLATED)
core/_1339_/B2                          0.500000    0.507024   -0.007024 (VIOLATED)
core/_1560_/B2                          0.500000    0.507023   -0.007023 (VIOLATED)
core/_1607_/B2                          0.500000    0.507022   -0.007022 (VIOLATED)
core/hold269/X                          0.500000    0.507022   -0.007022 (VIOLATED)
core/hold834/A                          0.500000    0.507022   -0.007022 (VIOLATED)
core/_1448_/B2                          0.500000    0.506713   -0.006713 (VIOLATED)
core/_1494_/A1                          0.500000    0.506710   -0.006710 (VIOLATED)
core/_1537_/B2                          0.500000    0.506707   -0.006707 (VIOLATED)
core/_1410_/B2                          0.500000    0.506701   -0.006701 (VIOLATED)
core/_1361_/A1                          0.500000    0.506699   -0.006699 (VIOLATED)
core/_1321_/A1                          0.500000    0.506696   -0.006696 (VIOLATED)
core/_1580_/A1                          0.500000    0.506696   -0.006696 (VIOLATED)
core/_1631_/A1                          0.500000    0.506696   -0.006696 (VIOLATED)
core/hold307/X                          0.500000    0.506696   -0.006696 (VIOLATED)
core/hold882/A                          0.500000    0.506696   -0.006696 (VIOLATED)
core/_1466_/A1                          0.500000    0.505202   -0.005202 (VIOLATED)
core/_1421_/A1                          0.500000    0.505198   -0.005198 (VIOLATED)
core/_1505_/B2                          0.500000    0.505196   -0.005196 (VIOLATED)
core/_1638_/B2                          0.500000    0.505191   -0.005191 (VIOLATED)
core/_1374_/A1                          0.500000    0.505190   -0.005190 (VIOLATED)
core/_1552_/B2                          0.500000    0.505171   -0.005171 (VIOLATED)
core/_1329_/A1                          0.500000    0.505170   -0.005170 (VIOLATED)
core/_1593_/B2                          0.500000    0.505168   -0.005168 (VIOLATED)
core/hold257/X                          0.500000    0.505166   -0.005166 (VIOLATED)
core/hold831/A                          0.500000    0.505166   -0.005166 (VIOLATED)
core/_1510_/A1                          0.500000    0.500029   -0.000029 (VIOLATED)
core/_1461_/B2                          0.500000    0.500024   -0.000024 (VIOLATED)
core/_1635_/B2                          0.500000    0.500021   -0.000021 (VIOLATED)
core/_1372_/A1                          0.500000    0.500013   -0.000013 (VIOLATED)
core/_1415_/A1                          0.500000    0.500009   -0.000009 (VIOLATED)

max fanout

Pin                                   Limit Fanout  Slack
---------------------------------------------------------
core/clkbuf_0_wb_clk_i/X                 10     33    -23 (VIOLATED)
core/fanout221/X                         10     21    -11 (VIOLATED)
core/fanout226/X                         10     21    -11 (VIOLATED)
core/fanout302/X                         10     21    -11 (VIOLATED)
core/fanout334/X                         10     21    -11 (VIOLATED)
core/clkbuf_4_0_0_wb_clk_i/X             10     15     -5 (VIOLATED)
core/fanout329/X                         10     15     -5 (VIOLATED)
core/clkbuf_4_8_0_wb_clk_i/X             10     14     -4 (VIOLATED)
core/clkbuf_4_12_0_wb_clk_i/X            10     13     -3 (VIOLATED)
core/clkbuf_4_14_0_wb_clk_i/X            10     13     -3 (VIOLATED)
core/clkbuf_4_9_0_wb_clk_i/X             10     13     -3 (VIOLATED)
core/clkbuf_4_13_0_wb_clk_i/X            10     12     -2 (VIOLATED)
core/clkbuf_4_15_0_wb_clk_i/X            10     12     -2 (VIOLATED)
core/clkbuf_4_10_0_wb_clk_i/X            10     11        (VIOLATED)
core/clkbuf_4_1_0_wb_clk_i/X             10     11        (VIOLATED)
core/clkbuf_4_3_0_wb_clk_i/X             10     11        (VIOLATED)
core/fanout225/X                         10     11        (VIOLATED)
core/input26/X                           10     11        (VIOLATED)

max capacitance

Pin                                        Limit         Cap       Slack
------------------------------------------------------------------------
core/output195/X                        0.315867    0.756573   -0.440706 (VIOLATED)
core/output173/X                        0.315867    0.720558   -0.404691 (VIOLATED)
core/output175/X                        0.315867    0.701828   -0.385961 (VIOLATED)
core/output171/X                        0.315867    0.681749   -0.365882 (VIOLATED)
core/output182/X                        0.315867    0.675346   -0.359479 (VIOLATED)
core/output197/X                        0.315867    0.658891   -0.343024 (VIOLATED)
core/output190/X                        0.315867    0.655441   -0.339574 (VIOLATED)
core/output187/X                        0.315867    0.654011   -0.338144 (VIOLATED)
core/output170/X                        0.315867    0.639295   -0.323428 (VIOLATED)
core/output191/X                        0.315867    0.628060   -0.312193 (VIOLATED)
core/output172/X                        0.315867    0.614584   -0.298717 (VIOLATED)
core/output196/X                        0.315867    0.609070   -0.293203 (VIOLATED)
core/output180/X                        0.315867    0.601021   -0.285154 (VIOLATED)
core/output186/X                        0.315867    0.592554   -0.276687 (VIOLATED)
core/output200/X                        0.315867    0.589554   -0.273686 (VIOLATED)
core/output176/X                        0.315867    0.582362   -0.266495 (VIOLATED)
core/output201/X                        0.315867    0.575547   -0.259680 (VIOLATED)
core/output179/X                        0.315867    0.558949   -0.243082 (VIOLATED)
core/output188/X                        0.315867    0.558042   -0.242175 (VIOLATED)
core/output174/X                        0.315867    0.547009   -0.231142 (VIOLATED)
core/output178/X                        0.315867    0.545374   -0.229507 (VIOLATED)
core/output183/X                        0.315867    0.542290   -0.226423 (VIOLATED)
core/output177/X                        0.315867    0.539058   -0.223191 (VIOLATED)
core/output181/X                        0.315867    0.532095   -0.216228 (VIOLATED)
core/output184/X                        0.315867    0.526617   -0.210750 (VIOLATED)
core/output185/X                        0.315867    0.515671   -0.199804 (VIOLATED)
core/output193/X                        0.315867    0.482652   -0.166785 (VIOLATED)
core/output198/X                        0.315867    0.480723   -0.164855 (VIOLATED)
core/output199/X                        0.315867    0.476253   -0.160386 (VIOLATED)
core/output202/X                        0.315867    0.471804   -0.155937 (VIOLATED)
core/output189/X                        0.315867    0.462247   -0.146380 (VIOLATED)
core/output192/X                        0.315867    0.460818   -0.144951 (VIOLATED)
core/output194/X                        0.315867    0.458097   -0.142230 (VIOLATED)
core/output167/X                        0.315867    0.375939   -0.060072 (VIOLATED)
core/output168/X                        0.315867    0.345910   -0.030042 (VIOLATED)
core/output169/X                        0.315867    0.321074   -0.005207 (VIOLATED)



===========================================================================
report_parasitic_annotation -report_unannotated
============================================================================
Found 329 unannotated drivers.
 analog_io[13]
 analog_io[14]
 analog_io[15]
 analog_io[16]
 analog_io[17]
 analog_io[18]
 analog_io[19]
 analog_io[20]
 analog_io[21]
 analog_io[22]
 analog_io[23]
 analog_io[24]
 analog_io[25]
 analog_io[26]
 analog_io[27]
 analog_io[28]
 analog_io[4]
 io_in[0]
 io_in[10]
 io_in[11]
 io_in[12]
 io_in[13]
 io_in[14]
 io_in[15]
 io_in[16]
 io_in[17]
 io_in[18]
 io_in[19]
 io_in[20]
 io_in[21]
 io_in[22]
 io_in[23]
 io_in[24]
 io_in[25]
 io_in[26]
 io_in[27]
 io_in[28]
 io_in[29]
 io_in[30]
 io_in[31]
 io_in[32]
 io_in[33]
 io_in[34]
 io_in[35]
 io_in[36]
 io_in[37]
 io_in[3]
 io_in[6]
 io_in[7]
 io_in[8]
 io_in[9]
 la_data_in[0]
 la_data_in[100]
 la_data_in[101]
 la_data_in[102]
 la_data_in[103]
 la_data_in[104]
 la_data_in[105]
 la_data_in[106]
 la_data_in[107]
 la_data_in[108]
 la_data_in[109]
 la_data_in[10]
 la_data_in[110]
 la_data_in[111]
 la_data_in[112]
 la_data_in[113]
 la_data_in[114]
 la_data_in[115]
 la_data_in[116]
 la_data_in[117]
 la_data_in[118]
 la_data_in[119]
 la_data_in[11]
 la_data_in[120]
 la_data_in[121]
 la_data_in[122]
 la_data_in[123]
 la_data_in[124]
 la_data_in[125]
 la_data_in[126]
 la_data_in[127]
 la_data_in[12]
 la_data_in[13]
 la_data_in[14]
 la_data_in[15]
 la_data_in[16]
 la_data_in[17]
 la_data_in[18]
 la_data_in[19]
 la_data_in[1]
 la_data_in[20]
 la_data_in[21]
 la_data_in[22]
 la_data_in[23]
 la_data_in[24]
 la_data_in[25]
 la_data_in[26]
 la_data_in[27]
 la_data_in[28]
 la_data_in[29]
 la_data_in[2]
 la_data_in[30]
 la_data_in[31]
 la_data_in[32]
 la_data_in[33]
 la_data_in[34]
 la_data_in[35]
 la_data_in[36]
 la_data_in[37]
 la_data_in[38]
 la_data_in[39]
 la_data_in[3]
 la_data_in[40]
 la_data_in[41]
 la_data_in[42]
 la_data_in[43]
 la_data_in[44]
 la_data_in[45]
 la_data_in[46]
 la_data_in[47]
 la_data_in[48]
 la_data_in[49]
 la_data_in[4]
 la_data_in[50]
 la_data_in[51]
 la_data_in[52]
 la_data_in[53]
 la_data_in[54]
 la_data_in[55]
 la_data_in[56]
 la_data_in[57]
 la_data_in[58]
 la_data_in[59]
 la_data_in[5]
 la_data_in[60]
 la_data_in[61]
 la_data_in[62]
 la_data_in[63]
 la_data_in[64]
 la_data_in[65]
 la_data_in[66]
 la_data_in[67]
 la_data_in[68]
 la_data_in[69]
 la_data_in[6]
 la_data_in[70]
 la_data_in[71]
 la_data_in[72]
 la_data_in[73]
 la_data_in[74]
 la_data_in[75]
 la_data_in[76]
 la_data_in[77]
 la_data_in[78]
 la_data_in[79]
 la_data_in[7]
 la_data_in[80]
 la_data_in[81]
 la_data_in[82]
 la_data_in[83]
 la_data_in[84]
 la_data_in[85]
 la_data_in[86]
 la_data_in[87]
 la_data_in[88]
 la_data_in[89]
 la_data_in[8]
 la_data_in[90]
 la_data_in[91]
 la_data_in[92]
 la_data_in[93]
 la_data_in[94]
 la_data_in[95]
 la_data_in[96]
 la_data_in[97]
 la_data_in[98]
 la_data_in[99]
 la_data_in[9]
 la_oenb[0]
 la_oenb[100]
 la_oenb[101]
 la_oenb[102]
 la_oenb[103]
 la_oenb[104]
 la_oenb[105]
 la_oenb[106]
 la_oenb[107]
 la_oenb[108]
 la_oenb[109]
 la_oenb[10]
 la_oenb[110]
 la_oenb[111]
 la_oenb[112]
 la_oenb[113]
 la_oenb[114]
 la_oenb[115]
 la_oenb[116]
 la_oenb[117]
 la_oenb[118]
 la_oenb[119]
 la_oenb[11]
 la_oenb[120]
 la_oenb[121]
 la_oenb[122]
 la_oenb[123]
 la_oenb[124]
 la_oenb[125]
 la_oenb[126]
 la_oenb[127]
 la_oenb[12]
 la_oenb[13]
 la_oenb[14]
 la_oenb[15]
 la_oenb[16]
 la_oenb[17]
 la_oenb[18]
 la_oenb[19]
 la_oenb[1]
 la_oenb[20]
 la_oenb[21]
 la_oenb[22]
 la_oenb[23]
 la_oenb[24]
 la_oenb[25]
 la_oenb[26]
 la_oenb[27]
 la_oenb[28]
 la_oenb[29]
 la_oenb[2]
 la_oenb[30]
 la_oenb[31]
 la_oenb[32]
 la_oenb[33]
 la_oenb[34]
 la_oenb[35]
 la_oenb[36]
 la_oenb[37]
 la_oenb[38]
 la_oenb[39]
 la_oenb[3]
 la_oenb[40]
 la_oenb[41]
 la_oenb[42]
 la_oenb[43]
 la_oenb[44]
 la_oenb[45]
 la_oenb[46]
 la_oenb[47]
 la_oenb[48]
 la_oenb[49]
 la_oenb[4]
 la_oenb[50]
 la_oenb[51]
 la_oenb[52]
 la_oenb[53]
 la_oenb[54]
 la_oenb[55]
 la_oenb[56]
 la_oenb[57]
 la_oenb[58]
 la_oenb[59]
 la_oenb[5]
 la_oenb[60]
 la_oenb[61]
 la_oenb[62]
 la_oenb[63]
 la_oenb[64]
 la_oenb[65]
 la_oenb[66]
 la_oenb[67]
 la_oenb[68]
 la_oenb[69]
 la_oenb[6]
 la_oenb[70]
 la_oenb[71]
 la_oenb[72]
 la_oenb[73]
 la_oenb[74]
 la_oenb[75]
 la_oenb[76]
 la_oenb[77]
 la_oenb[78]
 la_oenb[79]
 la_oenb[7]
 la_oenb[80]
 la_oenb[81]
 la_oenb[82]
 la_oenb[83]
 la_oenb[84]
 la_oenb[85]
 la_oenb[86]
 la_oenb[87]
 la_oenb[88]
 la_oenb[89]
 la_oenb[8]
 la_oenb[90]
 la_oenb[91]
 la_oenb[92]
 la_oenb[93]
 la_oenb[94]
 la_oenb[95]
 la_oenb[96]
 la_oenb[97]
 la_oenb[98]
 la_oenb[99]
 la_oenb[9]
 user_clock2
 core/clkload0/Y
 core/clkload1/Y
 core/clkload10/Y
 core/clkload11/Y
 core/clkload12/Y
 core/clkload13/Y
 core/clkload14/Y
 core/clkload2/Y
 core/clkload3/Y
 core/clkload4/Y
 core/clkload5/Y
 core/clkload6/Y
 core/clkload7/X
 core/clkload8/Y
 core/clkload9/Y
 mprj/VDDA
 mprj/VDDC
 mprj/VSS
 mprj1/VDDA
 mprj1/VDDC
 mprj1/VSS
Found 0 partially unannotated drivers.

===========================================================================
max slew violation count 907
max fanout violation count 18
max cap violation count 36
============================================================================

===========================================================================
check_setup -verbose -unconstrained_endpoints -multiple_clock -no_clock -no_input_delay -loops -generated_clocks
===========================================================================
Warning: There are 68 input ports missing set_input_delay.
  analog_io[0]
  analog_io[10]
  analog_io[11]
  analog_io[12]
  analog_io[13]
  analog_io[14]
  analog_io[15]
  analog_io[16]
  analog_io[17]
  analog_io[18]
  analog_io[19]
  analog_io[1]
  analog_io[20]
  analog_io[21]
  analog_io[22]
  analog_io[23]
  analog_io[24]
  analog_io[25]
  analog_io[26]
  analog_io[27]
  analog_io[28]
  analog_io[2]
  analog_io[3]
  analog_io[4]
  analog_io[5]
  analog_io[6]
  analog_io[7]
  analog_io[8]
  analog_io[9]
  io_in[0]
  io_in[10]
  io_in[11]
  io_in[12]
  io_in[13]
  io_in[14]
  io_in[15]
  io_in[16]
  io_in[17]
  io_in[18]
  io_in[19]
  io_in[1]
  io_in[20]
  io_in[21]
  io_in[22]
  io_in[23]
  io_in[24]
  io_in[25]
  io_in[26]
  io_in[27]
  io_in[28]
  io_in[29]
  io_in[2]
  io_in[30]
  io_in[31]
  io_in[32]
  io_in[33]
  io_in[34]
  io_in[35]
  io_in[36]
  io_in[37]
  io_in[3]
  io_in[4]
  io_in[5]
  io_in[6]
  io_in[7]
  io_in[8]
  io_in[9]
  user_clock2
Warning: There are 236 unconstrained endpoints.
  analog_io[0]
  analog_io[10]
  analog_io[11]
  analog_io[12]
  analog_io[13]
  analog_io[14]
  analog_io[15]
  analog_io[16]
  analog_io[17]
  analog_io[18]
  analog_io[19]
  analog_io[1]
  analog_io[20]
  analog_io[21]
  analog_io[22]
  analog_io[23]
  analog_io[24]
  analog_io[25]
  analog_io[26]
  analog_io[27]
  analog_io[28]
  analog_io[2]
  analog_io[3]
  analog_io[4]
  analog_io[5]
  analog_io[6]
  analog_io[7]
  analog_io[8]
  analog_io[9]
  io_oeb[0]
  io_oeb[10]
  io_oeb[11]
  io_oeb[12]
  io_oeb[13]
  io_oeb[14]
  io_oeb[15]
  io_oeb[16]
  io_oeb[17]
  io_oeb[18]
  io_oeb[19]
  io_oeb[1]
  io_oeb[20]
  io_oeb[21]
  io_oeb[22]
  io_oeb[23]
  io_oeb[24]
  io_oeb[25]
  io_oeb[26]
  io_oeb[27]
  io_oeb[28]
  io_oeb[29]
  io_oeb[2]
  io_oeb[30]
  io_oeb[31]
  io_oeb[32]
  io_oeb[33]
  io_oeb[34]
  io_oeb[35]
  io_oeb[36]
  io_oeb[37]
  io_oeb[3]
  io_oeb[4]
  io_oeb[5]
  io_oeb[6]
  io_oeb[7]
  io_oeb[8]
  io_oeb[9]
  io_out[0]
  io_out[10]
  io_out[11]
  io_out[12]
  io_out[13]
  io_out[14]
  io_out[15]
  io_out[16]
  io_out[17]
  io_out[18]
  io_out[19]
  io_out[1]
  io_out[20]
  io_out[21]
  io_out[22]
  io_out[23]
  io_out[24]
  io_out[25]
  io_out[26]
  io_out[27]
  io_out[28]
  io_out[29]
  io_out[2]
  io_out[30]
  io_out[31]
  io_out[32]
  io_out[33]
  io_out[34]
  io_out[35]
  io_out[36]
  io_out[37]
  io_out[3]
  io_out[4]
  io_out[5]
  io_out[6]
  io_out[7]
  io_out[8]
  io_out[9]
  la_data_out[0]
  la_data_out[100]
  la_data_out[101]
  la_data_out[102]
  la_data_out[103]
  la_data_out[104]
  la_data_out[105]
  la_data_out[106]
  la_data_out[107]
  la_data_out[108]
  la_data_out[109]
  la_data_out[10]
  la_data_out[110]
  la_data_out[111]
  la_data_out[112]
  la_data_out[113]
  la_data_out[114]
  la_data_out[115]
  la_data_out[116]
  la_data_out[117]
  la_data_out[118]
  la_data_out[119]
  la_data_out[11]
  la_data_out[120]
  la_data_out[121]
  la_data_out[122]
  la_data_out[123]
  la_data_out[124]
  la_data_out[125]
  la_data_out[126]
  la_data_out[127]
  la_data_out[12]
  la_data_out[13]
  la_data_out[14]
  la_data_out[15]
  la_data_out[16]
  la_data_out[17]
  la_data_out[18]
  la_data_out[19]
  la_data_out[1]
  la_data_out[20]
  la_data_out[21]
  la_data_out[22]
  la_data_out[23]
  la_data_out[24]
  la_data_out[25]
  la_data_out[26]
  la_data_out[27]
  la_data_out[28]
  la_data_out[29]
  la_data_out[2]
  la_data_out[30]
  la_data_out[31]
  la_data_out[32]
  la_data_out[33]
  la_data_out[34]
  la_data_out[35]
  la_data_out[36]
  la_data_out[37]
  la_data_out[38]
  la_data_out[39]
  la_data_out[3]
  la_data_out[40]
  la_data_out[41]
  la_data_out[42]
  la_data_out[43]
  la_data_out[44]
  la_data_out[45]
  la_data_out[46]
  la_data_out[47]
  la_data_out[48]
  la_data_out[49]
  la_data_out[4]
  la_data_out[50]
  la_data_out[51]
  la_data_out[52]
  la_data_out[53]
  la_data_out[54]
  la_data_out[55]
  la_data_out[56]
  la_data_out[57]
  la_data_out[58]
  la_data_out[59]
  la_data_out[5]
  la_data_out[60]
  la_data_out[61]
  la_data_out[62]
  la_data_out[63]
  la_data_out[64]
  la_data_out[65]
  la_data_out[66]
  la_data_out[67]
  la_data_out[68]
  la_data_out[69]
  la_data_out[6]
  la_data_out[70]
  la_data_out[71]
  la_data_out[72]
  la_data_out[73]
  la_data_out[74]
  la_data_out[75]
  la_data_out[76]
  la_data_out[77]
  la_data_out[78]
  la_data_out[79]
  la_data_out[7]
  la_data_out[80]
  la_data_out[81]
  la_data_out[82]
  la_data_out[83]
  la_data_out[84]
  la_data_out[85]
  la_data_out[86]
  la_data_out[87]
  la_data_out[88]
  la_data_out[89]
  la_data_out[8]
  la_data_out[90]
  la_data_out[91]
  la_data_out[92]
  la_data_out[93]
  la_data_out[94]
  la_data_out[95]
  la_data_out[96]
  la_data_out[97]
  la_data_out[98]
  la_data_out[99]
  la_data_out[9]
  user_irq[0]
  user_irq[1]
  user_irq[2]
