Clock: wb_clk_i
Sources: wb_clk_i 
Generated: no
Virtual: yes
Propagated: no
Period: 25.000000

===========================================================================
report_clock_properties
============================================================================
Clock                   Period          Waveform
----------------------------------------------------
wb_clk_i             25.000000    0.000000 12.500000

===========================================================================
report_clock_latency
============================================================================
Clock wb_clk_i
rise -> rise
    min     max
4.650000 5.570000 source latency
5.267373         network latency mprj1/wb_clk_i
        7.082916 network latency core/_2245_/CLK
---------------
9.917372 12.652916 latency
        2.735543 skew

fall -> fall
    min     max
4.650000 5.570000 source latency
5.266078         network latency mprj1/wb_clk_i
        7.382719 network latency core/_2245_/CLK
---------------
9.916077 12.952719 latency
        3.036641 skew



===========================================================================
report_clock_min_period
============================================================================
wb_clk_i period_min = 6.47 fmax = 154.58
