Clock: wb_clk_i
Sources: wb_clk_i 
Generated: no
Virtual: yes
Propagated: no
Period: 25.000000

===========================================================================
report_clock_properties
============================================================================
Clock                   Period          Waveform
----------------------------------------------------
wb_clk_i             25.000000    0.000000 12.500000

===========================================================================
report_clock_latency
============================================================================
Clock wb_clk_i
rise -> rise
    min     max
4.650000 5.570000 source latency
5.144786         network latency mprj1/wb_clk_i
        7.547435 network latency core/_2245_/CLK
---------------
9.794785 13.117435 latency
        3.322649 skew

fall -> fall
    min     max
4.650000 5.570000 source latency
5.143809         network latency mprj1/wb_clk_i
        7.610076 network latency core/_2245_/CLK
---------------
9.793809 13.180076 latency
        3.386267 skew



===========================================================================
report_clock_min_period
============================================================================
wb_clk_i period_min = 12.70 fmax = 78.74
