Clock: wb_clk_i
Sources: wb_clk_i 
Generated: no
Virtual: yes
Propagated: no
Period: 25.000000

===========================================================================
report_clock_properties
============================================================================
Clock                   Period          Waveform
----------------------------------------------------
wb_clk_i             25.000000    0.000000 12.500000

===========================================================================
report_clock_latency
============================================================================
Clock wb_clk_i
rise -> rise
    min     max
4.650000 5.570000 source latency
5.399712         network latency mprj1/wb_clk_i
        8.013985 network latency core/_2245_/CLK
---------------
10.049712 13.583984 latency
        3.534272 skew

fall -> fall
    min     max
4.650000 5.570000 source latency
5.398336         network latency mprj1/wb_clk_i
        8.100171 network latency core/_2245_/CLK
---------------
10.048336 13.670171 latency
        3.621835 skew



===========================================================================
report_clock_min_period
============================================================================
wb_clk_i period_min = 12.84 fmax = 77.89
