
===========================================================================
report_checks -unconstrained
===========================================================================
======================= nom_ss_100C_1v60 Corner ===================================

Startpoint: wb_rst_i (input port clocked by wb_clk_i)
Endpoint: _2306_ (recovery check against rising-edge clock wb_clk_i)
Path Group: asynchronous
Path Type: max

Fanout         Cap        Slew       Delay        Time   Description
---------------------------------------------------------------------------------------------
                                  0.000000    0.000000   clock wb_clk_i (rise edge)
                                  0.000000    0.000000   clock network delay (propagated)
                                  5.000000    5.000000 v input external delay
     2    0.003906    0.022765    0.012712    5.012712 v wb_rst_i (in)
                                                         wb_rst_i (net)
                      0.022765    0.000000    5.012712 v input9/A (sky130_fd_sc_hd__buf_1)
     1    0.013757    0.164249    0.230177    5.242888 v input9/X (sky130_fd_sc_hd__buf_1)
                                                         net9 (net)
                      0.164253    0.001009    5.243897 v fanout329/A (sky130_fd_sc_hd__buf_4)
    15    0.098436    0.226129    0.450406    5.694303 v fanout329/X (sky130_fd_sc_hd__buf_4)
                                                         net329 (net)
                      0.227639    0.014921    5.709223 v fanout328/A (sky130_fd_sc_hd__clkbuf_4)
     5    0.049428    0.187049    0.435453    6.144677 v fanout328/X (sky130_fd_sc_hd__clkbuf_4)
                                                         net328 (net)
                      0.187049    0.000488    6.145164 v fanout325/A (sky130_fd_sc_hd__clkbuf_4)
     8    0.051458    0.194019    0.422299    6.567463 v fanout325/X (sky130_fd_sc_hd__clkbuf_4)
                                                         net325 (net)
                      0.194101    0.003724    6.571187 v fanout323/A (sky130_fd_sc_hd__buf_4)
    10    0.062607    0.159196    0.411056    6.982244 v fanout323/X (sky130_fd_sc_hd__buf_4)
                                                         net323 (net)
                      0.159260    0.003006    6.985250 v _2144_/A (sky130_fd_sc_hd__inv_2)
     1    0.004176    0.060245    0.108287    7.093537 ^ _2144_/Y (sky130_fd_sc_hd__inv_2)
                                                         _0082_ (net)
                      0.060245    0.000093    7.093630 ^ _2306_/RESET_B (sky130_fd_sc_hd__dfrtp_4)
                                              7.093630   data arrival time

                                 25.000000   25.000000   clock wb_clk_i (rise edge)
                                  0.000000   25.000000   clock source latency
     2    0.041759    0.301444    0.213332   25.213331 ^ wb_clk_i (in)
                                                         wb_clk_i (net)
                      0.301708    0.000000   25.213331 ^ clkbuf_0_wb_clk_i/A (sky130_fd_sc_hd__clkbuf_16)
    33    0.216234    0.337982    0.537838   25.751169 ^ clkbuf_0_wb_clk_i/X (sky130_fd_sc_hd__clkbuf_16)
                                                         clknet_0_wb_clk_i (net)
                      0.338465    0.008903   25.760073 ^ clkbuf_4_13_0_wb_clk_i/A (sky130_fd_sc_hd__clkbuf_8)
    12    0.042823    0.138350    0.401693   26.161764 ^ clkbuf_4_13_0_wb_clk_i/X (sky130_fd_sc_hd__clkbuf_8)
                                                         clknet_4_13_0_wb_clk_i (net)
                      0.138353    0.000929   26.162695 ^ _2306_/CLK (sky130_fd_sc_hd__dfrtp_4)
                                 -0.250000   25.912695   clock uncertainty
                                  0.000000   25.912695   clock reconvergence pessimism
                                  0.471212   26.383905   library recovery time
                                             26.383905   data required time
---------------------------------------------------------------------------------------------
                                             26.383905   data required time
                                             -7.093630   data arrival time
---------------------------------------------------------------------------------------------
                                             19.290277   slack (MET)


Startpoint: wbs_dat_i[0] (input port clocked by wb_clk_i)
Endpoint: _2257_ (rising edge-triggered flip-flop clocked by wb_clk_i)
Path Group: wb_clk_i
Path Type: max

Fanout         Cap        Slew       Delay        Time   Description
---------------------------------------------------------------------------------------------
                                  0.000000    0.000000   clock wb_clk_i (rise edge)
                                  0.000000    0.000000   clock network delay (propagated)
                                  5.000000    5.000000 v input external delay
     2    0.004000    0.023137    0.013006    5.013006 v wbs_dat_i[0] (in)
                                                         wbs_dat_i[0] (net)
                      0.023137    0.000000    5.013006 v input19/A (sky130_fd_sc_hd__clkbuf_2)
     3    0.034700    0.244375    0.315674    5.328681 v input19/X (sky130_fd_sc_hd__clkbuf_2)
                                                         net19 (net)
                      0.244381    0.001549    5.330229 v fanout337/A (sky130_fd_sc_hd__clkbuf_4)
    10    0.052256    0.196281    0.452366    5.782595 v fanout337/X (sky130_fd_sc_hd__clkbuf_4)
                                                         net337 (net)
                      0.196292    0.001633    5.784228 v _1122_/A (sky130_fd_sc_hd__or4_4)
     6    0.029911    0.233761    1.234204    7.018433 v _1122_/X (sky130_fd_sc_hd__or4_4)
                                                         _0690_ (net)
                      0.233761    0.001244    7.019677 v _1124_/C (sky130_fd_sc_hd__or4_1)
     2    0.007679    0.236237    1.246416    8.266093 v _1124_/X (sky130_fd_sc_hd__or4_1)
                                                         _0692_ (net)
                      0.236421    0.000320    8.266413 v _1129_/A4 (sky130_fd_sc_hd__o41a_1)
     2    0.013340    0.212453    0.783024    9.049437 v _1129_/X (sky130_fd_sc_hd__o41a_1)
                                                         _0697_ (net)
                      0.212453    0.000369    9.049807 v _1143_/B (sky130_fd_sc_hd__xor2_2)
     2    0.023330    0.481820    0.502361    9.552167 ^ _1143_/X (sky130_fd_sc_hd__xor2_2)
                                                         _0711_ (net)
                      0.481823    0.001026    9.553193 ^ fanout210/A (sky130_fd_sc_hd__clkbuf_4)
    10    0.049698    0.248817    0.561609   10.114802 ^ fanout210/X (sky130_fd_sc_hd__clkbuf_4)
                                                         net210 (net)
                      0.248854    0.003126   10.117929 ^ _1890_/B (sky130_fd_sc_hd__xnor2_1)
     3    0.012045    0.233009    0.292475   10.410404 v _1890_/Y (sky130_fd_sc_hd__xnor2_1)
                                                         _0541_ (net)
                      0.233009    0.000271   10.410675 v _1896_/B (sky130_fd_sc_hd__or4b_1)
     1    0.002904    0.176429    1.220617   11.631291 v _1896_/X (sky130_fd_sc_hd__or4b_1)
                                                         _0547_ (net)
                      0.176429    0.000061   11.631353 v _1897_/B1 (sky130_fd_sc_hd__a21o_1)
     2    0.006513    0.088998    0.350528   11.981881 v _1897_/X (sky130_fd_sc_hd__a21o_1)
                                                         _0548_ (net)
                      0.088998    0.000212   11.982093 v _1903_/A1 (sky130_fd_sc_hd__a21o_1)
     3    0.010253    0.118668    0.352525   12.334619 v _1903_/X (sky130_fd_sc_hd__a21o_1)
                                                         _0554_ (net)
                      0.118668    0.000369   12.334988 v _1907_/A1 (sky130_fd_sc_hd__a21oi_1)
     3    0.009800    0.378829    0.386696   12.721684 ^ _1907_/Y (sky130_fd_sc_hd__a21oi_1)
                                                         _0558_ (net)
                      0.378829    0.000274   12.721958 ^ _1909_/B2 (sky130_fd_sc_hd__a22oi_1)
     2    0.007092    0.213824    0.294494   13.016452 v _1909_/Y (sky130_fd_sc_hd__a22oi_1)
                                                         _0560_ (net)
                      0.213824    0.000250   13.016702 v _1912_/A (sky130_fd_sc_hd__or2_1)
     1    0.004904    0.117466    0.581204   13.597906 v _1912_/X (sky130_fd_sc_hd__or2_1)
                                                         _0563_ (net)
                      0.117466    0.000164   13.598070 v _1914_/A2 (sky130_fd_sc_hd__a32o_1)
     1    0.002194    0.065937    0.446010   14.044081 v _1914_/X (sky130_fd_sc_hd__a32o_1)
                                                         _0194_ (net)
                      0.065937    0.000065   14.044146 v hold472/A (sky130_fd_sc_hd__dlygate4sd3_1)
     1    0.002565    0.103763    1.117655   15.161801 v hold472/X (sky130_fd_sc_hd__dlygate4sd3_1)
                                                         net809 (net)
                      0.103763    0.000078   15.161880 v hold42/A (sky130_fd_sc_hd__dlygate4sd3_1)
     1    0.003396    0.112584    1.149353   16.311232 v hold42/X (sky130_fd_sc_hd__dlygate4sd3_1)
                                                         net379 (net)
                      0.112584    0.000112   16.311344 v hold473/A (sky130_fd_sc_hd__dlygate4sd3_1)
     1    0.002730    0.105084    1.142386   17.453730 v hold473/X (sky130_fd_sc_hd__dlygate4sd3_1)
                                                         net810 (net)
                      0.105084    0.000085   17.453815 v _2257_/D (sky130_fd_sc_hd__dfrtp_1)
                                             17.453815   data arrival time

                                 25.000000   25.000000   clock wb_clk_i (rise edge)
                                  0.000000   25.000000   clock source latency
     2    0.041759    0.301444    0.213332   25.213331 ^ wb_clk_i (in)
                                                         wb_clk_i (net)
                      0.301708    0.000000   25.213331 ^ clkbuf_0_wb_clk_i/A (sky130_fd_sc_hd__clkbuf_16)
    33    0.216234    0.337982    0.537838   25.751169 ^ clkbuf_0_wb_clk_i/X (sky130_fd_sc_hd__clkbuf_16)
                                                         clknet_0_wb_clk_i (net)
                      0.338651    0.010981   25.762150 ^ clkbuf_4_5_0_wb_clk_i/A (sky130_fd_sc_hd__clkbuf_8)
    10    0.048579    0.152207    0.412351   26.174501 ^ clkbuf_4_5_0_wb_clk_i/X (sky130_fd_sc_hd__clkbuf_8)
                                                         clknet_4_5_0_wb_clk_i (net)
                      0.152221    0.001570   26.176071 ^ _2257_/CLK (sky130_fd_sc_hd__dfrtp_1)
                                 -0.250000   25.926073   clock uncertainty
                                  0.000000   25.926073   clock reconvergence pessimism
                                 -0.269263   25.656811   library setup time
                                             25.656811   data required time
---------------------------------------------------------------------------------------------
                                             25.656811   data required time
                                            -17.453815   data arrival time
---------------------------------------------------------------------------------------------
                                              8.202996   slack (MET)




===========================================================================
report_checks --slack_max -0.01
============================================================================
======================= nom_ss_100C_1v60 Corner ===================================

No paths found.


===========================================================================
 report_check_types -max_slew -max_cap -max_fanout -violators
============================================================================
======================= nom_ss_100C_1v60 Corner ===================================

max slew

Pin                                        Limit        Slew       Slack
------------------------------------------------------------------------
_1343_/A1                               0.750000    0.902062   -0.152062 (VIOLATED)
_1430_/A1                               0.750000    0.902059   -0.152059 (VIOLATED)
_1474_/B2                               0.750000    0.902056   -0.152056 (VIOLATED)
_1383_/A1                               0.750000    0.902055   -0.152055 (VIOLATED)
_1521_/A1                               0.750000    0.902051   -0.152051 (VIOLATED)
_1646_/B2                               0.750000    0.902046   -0.152046 (VIOLATED)
_1602_/A1                               0.750000    0.902030   -0.152030 (VIOLATED)
_1558_/A1                               0.750000    0.902026   -0.152026 (VIOLATED)
hold295/X                               0.750000    0.902022   -0.152022 (VIOLATED)
hold867/A                               0.750000    0.902022   -0.152022 (VIOLATED)
_1498_/A1                               0.750000    0.856591   -0.106591 (VIOLATED)
_1455_/A1                               0.750000    0.856589   -0.106589 (VIOLATED)
_1404_/A1                               0.750000    0.856585   -0.106585 (VIOLATED)
_1540_/B2                               0.750000    0.856581   -0.106581 (VIOLATED)
_1323_/A1                               0.750000    0.856577   -0.106577 (VIOLATED)
_1360_/A1                               0.750000    0.856574   -0.106575 (VIOLATED)
_1586_/A1                               0.750000    0.856574   -0.106574 (VIOLATED)
_1624_/A1                               0.750000    0.856559   -0.106559 (VIOLATED)
hold311/X                               0.750000    0.856558   -0.106558 (VIOLATED)
hold891/A                               0.750000    0.856558   -0.106558 (VIOLATED)
_1405_/A1                               0.750000    0.819988   -0.069988 (VIOLATED)
_1451_/B2                               0.750000    0.819988   -0.069989 (VIOLATED)
_1540_/A1                               0.750000    0.819987   -0.069987 (VIOLATED)
_1495_/B2                               0.750000    0.819985   -0.069985 (VIOLATED)
_1362_/A1                               0.750000    0.819983   -0.069983 (VIOLATED)
_1319_/B2                               0.750000    0.819979   -0.069979 (VIOLATED)
_1583_/A1                               0.750000    0.819979   -0.069979 (VIOLATED)
_1625_/A1                               0.750000    0.819979   -0.069979 (VIOLATED)
hold279/X                               0.750000    0.819979   -0.069979 (VIOLATED)
hold855/A                               0.750000    0.819979   -0.069979 (VIOLATED)
_1471_/A1                               0.750000    0.818675   -0.068675 (VIOLATED)
_1426_/A1                               0.750000    0.818674   -0.068674 (VIOLATED)
_1386_/B2                               0.750000    0.818672   -0.068672 (VIOLATED)
_1519_/B2                               0.750000    0.818666   -0.068666 (VIOLATED)
_1649_/B2                               0.750000    0.818661   -0.068661 (VIOLATED)
_1342_/B2                               0.750000    0.818654   -0.068654 (VIOLATED)
_1559_/B2                               0.750000    0.818650   -0.068650 (VIOLATED)
_1606_/B2                               0.750000    0.818650   -0.068650 (VIOLATED)
hold281/X                               0.750000    0.818650   -0.068650 (VIOLATED)
hold861/A                               0.750000    0.818650   -0.068650 (VIOLATED)
_1443_/A1                               0.750000    0.817018   -0.067018 (VIOLATED)
_1528_/B2                               0.750000    0.817017   -0.067017 (VIOLATED)
_1394_/A1                               0.750000    0.817016   -0.067016 (VIOLATED)
_1482_/B2                               0.750000    0.817016   -0.067016 (VIOLATED)
_1356_/A1                               0.750000    0.817016   -0.067016 (VIOLATED)
_1574_/A1                               0.750000    0.817014   -0.067014 (VIOLATED)
_1304_/B2                               0.750000    0.817012   -0.067012 (VIOLATED)
_1616_/B2                               0.750000    0.817009   -0.067009 (VIOLATED)
hold309/X                               0.750000    0.817008   -0.067008 (VIOLATED)
hold888/A                               0.750000    0.817008   -0.067008 (VIOLATED)
_1465_/B2                               0.750000    0.815339   -0.065339 (VIOLATED)
_1505_/A1                               0.750000    0.815339   -0.065339 (VIOLATED)
_1377_/B2                               0.750000    0.815336   -0.065336 (VIOLATED)
_1639_/A1                               0.750000    0.815336   -0.065336 (VIOLATED)
_1419_/B2                               0.750000    0.815332   -0.065332 (VIOLATED)
_1549_/A1                               0.750000    0.815322   -0.065322 (VIOLATED)
_1327_/A1                               0.750000    0.815319   -0.065319 (VIOLATED)
_1597_/A1                               0.750000    0.815319   -0.065319 (VIOLATED)
hold319/X                               0.750000    0.815319   -0.065319 (VIOLATED)
hold894/A                               0.750000    0.815319   -0.065319 (VIOLATED)
_1407_/B2                               0.750000    0.813753   -0.063753 (VIOLATED)
_1454_/A1                               0.750000    0.813753   -0.063753 (VIOLATED)
_1537_/A1                               0.750000    0.813753   -0.063753 (VIOLATED)
_1497_/A1                               0.750000    0.813752   -0.063752 (VIOLATED)
_1320_/A1                               0.750000    0.813751   -0.063751 (VIOLATED)
_1366_/A1                               0.750000    0.813751   -0.063751 (VIOLATED)
_1587_/A1                               0.750000    0.813751   -0.063751 (VIOLATED)
_1627_/B2                               0.750000    0.813751   -0.063751 (VIOLATED)
hold289/X                               0.750000    0.813751   -0.063751 (VIOLATED)
hold849/A                               0.750000    0.813751   -0.063751 (VIOLATED)
_1470_/B2                               0.750000    0.809546   -0.059546 (VIOLATED)
_1518_/B2                               0.750000    0.809545   -0.059545 (VIOLATED)
_1386_/A1                               0.750000    0.809545   -0.059545 (VIOLATED)
_1648_/A1                               0.750000    0.809544   -0.059544 (VIOLATED)
_1429_/B2                               0.750000    0.809541   -0.059541 (VIOLATED)
_1341_/A1                               0.750000    0.809537   -0.059537 (VIOLATED)
_1565_/A1                               0.750000    0.809529   -0.059529 (VIOLATED)
_1604_/A1                               0.750000    0.809529   -0.059529 (VIOLATED)
hold291/X                               0.750000    0.809529   -0.059529 (VIOLATED)
hold846/A                               0.750000    0.809529   -0.059529 (VIOLATED)
_1477_/A1                               0.750000    0.804706   -0.054706 (VIOLATED)
_1385_/B2                               0.750000    0.804706   -0.054706 (VIOLATED)
_1433_/A1                               0.750000    0.804704   -0.054704 (VIOLATED)
_1518_/A1                               0.750000    0.804701   -0.054701 (VIOLATED)
_1652_/B2                               0.750000    0.804690   -0.054690 (VIOLATED)
_1343_/B2                               0.750000    0.804684   -0.054684 (VIOLATED)
_1562_/A1                               0.750000    0.804676   -0.054676 (VIOLATED)
_1608_/B2                               0.750000    0.804667   -0.054667 (VIOLATED)
hold287/X                               0.750000    0.804664   -0.054664 (VIOLATED)
hold879/A                               0.750000    0.804664   -0.054664 (VIOLATED)
_1389_/A1                               0.750000    0.794587   -0.044587 (VIOLATED)
_1476_/A1                               0.750000    0.794586   -0.044587 (VIOLATED)
_1520_/A1                               0.750000    0.794585   -0.044585 (VIOLATED)
_1428_/B2                               0.750000    0.794579   -0.044579 (VIOLATED)
_1344_/A1                               0.750000    0.794575   -0.044575 (VIOLATED)
_1561_/A1                               0.750000    0.794567   -0.044567 (VIOLATED)
_1606_/A1                               0.750000    0.794567   -0.044567 (VIOLATED)
_1651_/A1                               0.750000    0.794567   -0.044567 (VIOLATED)
hold285/X                               0.750000    0.794567   -0.044567 (VIOLATED)
hold873/A                               0.750000    0.794567   -0.044567 (VIOLATED)
_1515_/A1                               0.750000    0.786284   -0.036284 (VIOLATED)
_1475_/A1                               0.750000    0.786282   -0.036282 (VIOLATED)
_1382_/A1                               0.750000    0.786279   -0.036279 (VIOLATED)
_1432_/A1                               0.750000    0.786274   -0.036274 (VIOLATED)
_1338_/A1                               0.750000    0.786263   -0.036263 (VIOLATED)
_1646_/A1                               0.750000    0.786261   -0.036262 (VIOLATED)
_1605_/B2                               0.750000    0.786252   -0.036252 (VIOLATED)
_1558_/B2                               0.750000    0.786250   -0.036250 (VIOLATED)
hold293/X                               0.750000    0.786250   -0.036250 (VIOLATED)
hold852/A                               0.750000    0.786250   -0.036250 (VIOLATED)
_1453_/B2                               0.750000    0.785168   -0.035168 (VIOLATED)
_1406_/A1                               0.750000    0.785167   -0.035167 (VIOLATED)
_1539_/B2                               0.750000    0.785167   -0.035167 (VIOLATED)
_1584_/B2                               0.750000    0.785164   -0.035164 (VIOLATED)
_1365_/A1                               0.750000    0.785164   -0.035164 (VIOLATED)
_1495_/A1                               0.750000    0.785160   -0.035160 (VIOLATED)
_1322_/B2                               0.750000    0.785160   -0.035160 (VIOLATED)
_1628_/A1                               0.750000    0.785160   -0.035160 (VIOLATED)
hold297/X                               0.750000    0.785160   -0.035160 (VIOLATED)
hold864/A                               0.750000    0.785160   -0.035160 (VIOLATED)
_1449_/B2                               0.750000    0.783137   -0.033137 (VIOLATED)
_1497_/B2                               0.750000    0.783134   -0.033134 (VIOLATED)
_1410_/A1                               0.750000    0.783134   -0.033134 (VIOLATED)
_1538_/B2                               0.750000    0.783133   -0.033133 (VIOLATED)
_1363_/A1                               0.750000    0.783130   -0.033130 (VIOLATED)
_1629_/B2                               0.750000    0.783125   -0.033125 (VIOLATED)
_1584_/A1                               0.750000    0.783121   -0.033121 (VIOLATED)
_1316_/B2                               0.750000    0.783104   -0.033104 (VIOLATED)
hold317/X                               0.750000    0.783103   -0.033103 (VIOLATED)
hold707/A                               0.750000    0.783103   -0.033103 (VIOLATED)
_1394_/B2                               0.750000    0.782420   -0.032420 (VIOLATED)
_1485_/B2                               0.750000    0.782419   -0.032419 (VIOLATED)
_1439_/B2                               0.750000    0.782417   -0.032417 (VIOLATED)
_1530_/A1                               0.750000    0.782409   -0.032409 (VIOLATED)
_1308_/B2                               0.750000    0.782408   -0.032408 (VIOLATED)
_1353_/B2                               0.750000    0.782397   -0.032397 (VIOLATED)
_1573_/A1                               0.750000    0.782389   -0.032389 (VIOLATED)
_1614_/B2                               0.750000    0.782389   -0.032389 (VIOLATED)
hold301/X                               0.750000    0.782389   -0.032389 (VIOLATED)
hold876/A                               0.750000    0.782389   -0.032389 (VIOLATED)
_1648_/B2                               0.750000    0.780458   -0.030458 (VIOLATED)
_1470_/A1                               0.750000    0.780457   -0.030457 (VIOLATED)
_1517_/B2                               0.750000    0.780457   -0.030457 (VIOLATED)
_1383_/B2                               0.750000    0.780456   -0.030456 (VIOLATED)
_1339_/B2                               0.750000    0.780455   -0.030455 (VIOLATED)
_1430_/B2                               0.750000    0.780455   -0.030455 (VIOLATED)
_1560_/B2                               0.750000    0.780455   -0.030455 (VIOLATED)
_1607_/B2                               0.750000    0.780455   -0.030455 (VIOLATED)
hold269/X                               0.750000    0.780455   -0.030455 (VIOLATED)
hold834/A                               0.750000    0.780455   -0.030455 (VIOLATED)
_1448_/B2                               0.750000    0.780442   -0.030442 (VIOLATED)
_1494_/A1                               0.750000    0.780440   -0.030440 (VIOLATED)
_1537_/B2                               0.750000    0.780438   -0.030438 (VIOLATED)
_1321_/A1                               0.750000    0.780436   -0.030436 (VIOLATED)
_1361_/A1                               0.750000    0.780436   -0.030436 (VIOLATED)
_1410_/B2                               0.750000    0.780436   -0.030436 (VIOLATED)
_1580_/A1                               0.750000    0.780436   -0.030436 (VIOLATED)
_1631_/A1                               0.750000    0.780436   -0.030436 (VIOLATED)
hold307/X                               0.750000    0.780436   -0.030436 (VIOLATED)
hold882/A                               0.750000    0.780436   -0.030436 (VIOLATED)
_1466_/A1                               0.750000    0.777931   -0.027931 (VIOLATED)
_1421_/A1                               0.750000    0.777929   -0.027929 (VIOLATED)
_1505_/B2                               0.750000    0.777928   -0.027928 (VIOLATED)
_1638_/B2                               0.750000    0.777925   -0.027925 (VIOLATED)
_1374_/A1                               0.750000    0.777925   -0.027925 (VIOLATED)
_1329_/A1                               0.750000    0.777915   -0.027915 (VIOLATED)
_1552_/B2                               0.750000    0.777915   -0.027915 (VIOLATED)
_1593_/B2                               0.750000    0.777915   -0.027915 (VIOLATED)
hold257/X                               0.750000    0.777915   -0.027915 (VIOLATED)
hold831/A                               0.750000    0.777915   -0.027915 (VIOLATED)
fanout258/A                             0.750000    0.770403   -0.020403 (VIOLATED)
fanout261/A                             0.750000    0.770402   -0.020402 (VIOLATED)
fanout259/A                             0.750000    0.770402   -0.020402 (VIOLATED)
_1293_/Y                                0.750000    0.770401   -0.020401 (VIOLATED)
_1510_/A1                               0.750000    0.769890   -0.019890 (VIOLATED)
_1461_/B2                               0.750000    0.769888   -0.019888 (VIOLATED)
_1635_/B2                               0.750000    0.769886   -0.019886 (VIOLATED)
_1372_/A1                               0.750000    0.769882   -0.019882 (VIOLATED)
_1415_/A1                               0.750000    0.769879   -0.019879 (VIOLATED)
_1592_/A1                               0.750000    0.769872   -0.019872 (VIOLATED)
_1550_/B2                               0.750000    0.769872   -0.019872 (VIOLATED)
_1327_/B2                               0.750000    0.769869   -0.019869 (VIOLATED)
hold313/X                               0.750000    0.769867   -0.019867 (VIOLATED)
hold885/A                               0.750000    0.769867   -0.019867 (VIOLATED)
_1538_/A1                               0.750000    0.769556   -0.019556 (VIOLATED)
_1404_/B2                               0.750000    0.769556   -0.019556 (VIOLATED)
_1454_/B2                               0.750000    0.769554   -0.019555 (VIOLATED)
_1581_/A1                               0.750000    0.769553   -0.019553 (VIOLATED)
_1365_/B2                               0.750000    0.769553   -0.019553 (VIOLATED)
_1492_/B2                               0.750000    0.769551   -0.019551 (VIOLATED)
_1317_/A1                               0.750000    0.769546   -0.019546 (VIOLATED)
_1625_/B2                               0.750000    0.769546   -0.019546 (VIOLATED)
hold315/X                               0.750000    0.769546   -0.019546 (VIOLATED)
hold897/A                               0.750000    0.769546   -0.019546 (VIOLATED)
_1396_/A1                               0.750000    0.764760   -0.014760 (VIOLATED)
_1484_/B2                               0.750000    0.764759   -0.014759 (VIOLATED)
_1532_/A1                               0.750000    0.764758   -0.014758 (VIOLATED)
_1439_/A1                               0.750000    0.764757   -0.014757 (VIOLATED)
_1352_/A1                               0.750000    0.764752   -0.014752 (VIOLATED)
_1569_/B2                               0.750000    0.764749   -0.014749 (VIOLATED)
_1614_/A1                               0.750000    0.764744   -0.014744 (VIOLATED)
_1305_/A1                               0.750000    0.764742   -0.014742 (VIOLATED)
hold267/X                               0.750000    0.764740   -0.014740 (VIOLATED)
hold828/A                               0.750000    0.764740   -0.014740 (VIOLATED)
_1395_/B2                               0.750000    0.761351   -0.011351 (VIOLATED)
_1485_/A1                               0.750000    0.761350   -0.011350 (VIOLATED)
_1443_/B2                               0.750000    0.761348   -0.011348 (VIOLATED)
_1525_/A1                               0.750000    0.761347   -0.011347 (VIOLATED)
_1355_/A1                               0.750000    0.761335   -0.011335 (VIOLATED)
_1308_/A1                               0.750000    0.761330   -0.011330 (VIOLATED)
_1574_/B2                               0.750000    0.761330   -0.011330 (VIOLATED)
_1617_/A1                               0.750000    0.761330   -0.011330 (VIOLATED)
hold243/X                               0.750000    0.761330   -0.011330 (VIOLATED)
hold807/A                               0.750000    0.761330   -0.011330 (VIOLATED)
_1603_/A1                               0.750000    0.760302   -0.010302 (VIOLATED)
_1563_/A1                               0.750000    0.760300   -0.010300 (VIOLATED)
_1650_/A1                               0.750000    0.760299   -0.010299 (VIOLATED)
_1339_/A1                               0.750000    0.760298   -0.010298 (VIOLATED)
_1429_/A1                               0.750000    0.760289   -0.010289 (VIOLATED)
_1387_/B2                               0.750000    0.760279   -0.010279 (VIOLATED)
_1471_/B2                               0.750000    0.760279   -0.010279 (VIOLATED)
_1516_/B2                               0.750000    0.760279   -0.010279 (VIOLATED)
hold215/X                               0.750000    0.760279   -0.010279 (VIOLATED)
hold750/A                               0.750000    0.760279   -0.010279 (VIOLATED)
_1595_/A1                               0.750000    0.756107   -0.006107 (VIOLATED)
_1554_/A1                               0.750000    0.756106   -0.006106 (VIOLATED)
_1328_/A1                               0.750000    0.756105   -0.006105 (VIOLATED)
_1372_/B2                               0.750000    0.756103   -0.006103 (VIOLATED)
_1508_/B2                               0.750000    0.756103   -0.006103 (VIOLATED)
_1461_/A1                               0.750000    0.756097   -0.006097 (VIOLATED)
_1635_/A1                               0.750000    0.756097   -0.006097 (VIOLATED)
_1421_/B2                               0.750000    0.756095   -0.006095 (VIOLATED)
hold237/X                               0.750000    0.756095   -0.006095 (VIOLATED)
hold804/A                               0.750000    0.756095   -0.006095 (VIOLATED)
_1438_/B2                               0.750000    0.754169   -0.004169 (VIOLATED)
_1527_/B2                               0.750000    0.754167   -0.004167 (VIOLATED)
_1400_/A1                               0.750000    0.754167   -0.004167 (VIOLATED)
_1481_/B2                               0.750000    0.754165   -0.004165 (VIOLATED)
_1353_/A1                               0.750000    0.754160   -0.004160 (VIOLATED)
_1615_/B2                               0.750000    0.754146   -0.004146 (VIOLATED)
_1305_/B2                               0.750000    0.754145   -0.004145 (VIOLATED)
_1572_/B2                               0.750000    0.754143   -0.004143 (VIOLATED)
hold303/X                               0.750000    0.754140   -0.004140 (VIOLATED)
hold837/A                               0.750000    0.754140   -0.004140 (VIOLATED)
_1452_/A1                               0.750000    0.753600   -0.003600 (VIOLATED)
_1499_/A1                               0.750000    0.753599   -0.003599 (VIOLATED)
_1542_/B2                               0.750000    0.753598   -0.003598 (VIOLATED)
_1408_/B2                               0.750000    0.753598   -0.003598 (VIOLATED)
_1364_/A1                               0.750000    0.753597   -0.003597 (VIOLATED)
_1321_/B2                               0.750000    0.753589   -0.003589 (VIOLATED)
_1582_/B2                               0.750000    0.753587   -0.003587 (VIOLATED)
_1626_/A1                               0.750000    0.753585   -0.003585 (VIOLATED)
hold265/X                               0.750000    0.753585   -0.003585 (VIOLATED)
hold825/A                               0.750000    0.753585   -0.003585 (VIOLATED)
_1408_/A1                               0.750000    0.752925   -0.002925 (VIOLATED)
_1449_/A1                               0.750000    0.752925   -0.002925 (VIOLATED)
_1542_/A1                               0.750000    0.752925   -0.002925 (VIOLATED)
_1362_/B2                               0.750000    0.752922   -0.002922 (VIOLATED)
_1492_/A1                               0.750000    0.752919   -0.002919 (VIOLATED)
_1317_/B2                               0.750000    0.752917   -0.002917 (VIOLATED)
_1581_/B2                               0.750000    0.752917   -0.002917 (VIOLATED)
_1627_/A1                               0.750000    0.752917   -0.002917 (VIOLATED)
hold277/X                               0.750000    0.752917   -0.002917 (VIOLATED)
hold858/A                               0.750000    0.752917   -0.002917 (VIOLATED)
_1325_/A1                               0.750000    0.751926   -0.001926 (VIOLATED)
_1633_/A1                               0.750000    0.751924   -0.001924 (VIOLATED)
_1589_/A1                               0.750000    0.751922   -0.001922 (VIOLATED)
_1509_/A1                               0.750000    0.751920   -0.001920 (VIOLATED)
_1464_/A1                               0.750000    0.751919   -0.001919 (VIOLATED)
_1418_/A1                               0.750000    0.751919   -0.001919 (VIOLATED)
_1376_/A1                               0.750000    0.751915   -0.001915 (VIOLATED)
_1639_/B2                               0.750000    0.751915   -0.001915 (VIOLATED)
_1330_/B2                               0.750000    0.751913   -0.001913 (VIOLATED)
_1550_/A1                               0.750000    0.751913   -0.001913 (VIOLATED)
_1591_/B2                               0.750000    0.751913   -0.001913 (VIOLATED)
hold271/X                               0.750000    0.751913   -0.001913 (VIOLATED)
hold813/A                               0.750000    0.751913   -0.001913 (VIOLATED)
_1369_/A1                               0.750000    0.751913   -0.001913 (VIOLATED)
_1545_/A1                               0.750000    0.751901   -0.001901 (VIOLATED)
_1413_/A1                               0.750000    0.751900   -0.001900 (VIOLATED)
_1457_/A1                               0.750000    0.751900   -0.001900 (VIOLATED)
_1501_/A1                               0.750000    0.751900   -0.001900 (VIOLATED)
hold249/X                               0.750000    0.751900   -0.001900 (VIOLATED)
hold801/A                               0.750000    0.751900   -0.001900 (VIOLATED)
_1531_/B2                               0.750000    0.751589   -0.001589 (VIOLATED)
_1442_/A1                               0.750000    0.751589   -0.001589 (VIOLATED)
_1482_/A1                               0.750000    0.751587   -0.001587 (VIOLATED)
_1398_/A1                               0.750000    0.751586   -0.001586 (VIOLATED)
_1310_/B2                               0.750000    0.751579   -0.001579 (VIOLATED)
_1354_/B2                               0.750000    0.751578   -0.001578 (VIOLATED)
_1575_/A1                               0.750000    0.751573   -0.001573 (VIOLATED)
_1618_/B2                               0.750000    0.751562   -0.001562 (VIOLATED)
hold305/X                               0.750000    0.751562   -0.001562 (VIOLATED)
hold870/A                               0.750000    0.751562   -0.001562 (VIOLATED)

max fanout

Pin                                   Limit Fanout  Slack
---------------------------------------------------------
clkbuf_0_wb_clk_i/X                      10     33    -23 (VIOLATED)
fanout221/X                              10     21    -11 (VIOLATED)
fanout226/X                              10     21    -11 (VIOLATED)
fanout302/X                              10     21    -11 (VIOLATED)
fanout334/X                              10     21    -11 (VIOLATED)
clkbuf_4_0_0_wb_clk_i/X                  10     15     -5 (VIOLATED)
fanout329/X                              10     15     -5 (VIOLATED)
clkbuf_4_8_0_wb_clk_i/X                  10     14     -4 (VIOLATED)
clkbuf_4_12_0_wb_clk_i/X                 10     13     -3 (VIOLATED)
clkbuf_4_14_0_wb_clk_i/X                 10     13     -3 (VIOLATED)
clkbuf_4_9_0_wb_clk_i/X                  10     13     -3 (VIOLATED)
clkbuf_4_13_0_wb_clk_i/X                 10     12     -2 (VIOLATED)
clkbuf_4_15_0_wb_clk_i/X                 10     12     -2 (VIOLATED)
clkbuf_4_10_0_wb_clk_i/X                 10     11        (VIOLATED)
clkbuf_4_1_0_wb_clk_i/X                  10     11        (VIOLATED)
clkbuf_4_3_0_wb_clk_i/X                  10     11        (VIOLATED)
fanout225/X                              10     11        (VIOLATED)
input26/X                                10     11        (VIOLATED)

max capacitance

Pin                                        Limit         Cap       Slack
------------------------------------------------------------------------
clkbuf_0_wb_clk_i/X                     0.200000    0.216234   -0.016234 (VIOLATED)



===========================================================================
report_parasitic_annotation -report_unannotated
============================================================================
Found 169 unannotated drivers.
 VDDA
 VDDC
 VSS
 slave_0_dat_i[10]
 slave_0_dat_i[11]
 slave_0_dat_i[12]
 slave_0_dat_i[13]
 slave_0_dat_i[14]
 slave_0_dat_i[15]
 slave_0_dat_i[16]
 slave_0_dat_i[17]
 slave_0_dat_i[18]
 slave_0_dat_i[19]
 slave_0_dat_i[1]
 slave_0_dat_i[20]
 slave_0_dat_i[21]
 slave_0_dat_i[22]
 slave_0_dat_i[23]
 slave_0_dat_i[24]
 slave_0_dat_i[25]
 slave_0_dat_i[26]
 slave_0_dat_i[27]
 slave_0_dat_i[28]
 slave_0_dat_i[29]
 slave_0_dat_i[2]
 slave_0_dat_i[30]
 slave_0_dat_i[31]
 slave_0_dat_i[3]
 slave_0_dat_i[4]
 slave_0_dat_i[5]
 slave_0_dat_i[6]
 slave_0_dat_i[7]
 slave_0_dat_i[8]
 slave_0_dat_i[9]
 slave_1_dat_i[10]
 slave_1_dat_i[11]
 slave_1_dat_i[12]
 slave_1_dat_i[13]
 slave_1_dat_i[14]
 slave_1_dat_i[15]
 slave_1_dat_i[16]
 slave_1_dat_i[17]
 slave_1_dat_i[18]
 slave_1_dat_i[19]
 slave_1_dat_i[1]
 slave_1_dat_i[20]
 slave_1_dat_i[21]
 slave_1_dat_i[22]
 slave_1_dat_i[23]
 slave_1_dat_i[24]
 slave_1_dat_i[25]
 slave_1_dat_i[26]
 slave_1_dat_i[27]
 slave_1_dat_i[28]
 slave_1_dat_i[29]
 slave_1_dat_i[2]
 slave_1_dat_i[30]
 slave_1_dat_i[31]
 slave_1_dat_i[3]
 slave_1_dat_i[4]
 slave_1_dat_i[5]
 slave_1_dat_i[6]
 slave_1_dat_i[7]
 slave_1_dat_i[8]
 slave_1_dat_i[9]
 slave_2_dat_i[10]
 slave_2_dat_i[11]
 slave_2_dat_i[12]
 slave_2_dat_i[13]
 slave_2_dat_i[14]
 slave_2_dat_i[15]
 slave_2_dat_i[16]
 slave_2_dat_i[17]
 slave_2_dat_i[18]
 slave_2_dat_i[19]
 slave_2_dat_i[1]
 slave_2_dat_i[20]
 slave_2_dat_i[21]
 slave_2_dat_i[22]
 slave_2_dat_i[23]
 slave_2_dat_i[24]
 slave_2_dat_i[25]
 slave_2_dat_i[26]
 slave_2_dat_i[27]
 slave_2_dat_i[28]
 slave_2_dat_i[29]
 slave_2_dat_i[2]
 slave_2_dat_i[30]
 slave_2_dat_i[31]
 slave_2_dat_i[3]
 slave_2_dat_i[4]
 slave_2_dat_i[5]
 slave_2_dat_i[6]
 slave_2_dat_i[7]
 slave_2_dat_i[8]
 slave_2_dat_i[9]
 slave_3_dat_i[10]
 slave_3_dat_i[11]
 slave_3_dat_i[12]
 slave_3_dat_i[13]
 slave_3_dat_i[14]
 slave_3_dat_i[15]
 slave_3_dat_i[16]
 slave_3_dat_i[17]
 slave_3_dat_i[18]
 slave_3_dat_i[19]
 slave_3_dat_i[1]
 slave_3_dat_i[20]
 slave_3_dat_i[21]
 slave_3_dat_i[22]
 slave_3_dat_i[23]
 slave_3_dat_i[24]
 slave_3_dat_i[25]
 slave_3_dat_i[26]
 slave_3_dat_i[27]
 slave_3_dat_i[28]
 slave_3_dat_i[29]
 slave_3_dat_i[2]
 slave_3_dat_i[30]
 slave_3_dat_i[31]
 slave_3_dat_i[3]
 slave_3_dat_i[4]
 slave_3_dat_i[5]
 slave_3_dat_i[6]
 slave_3_dat_i[7]
 slave_3_dat_i[8]
 slave_3_dat_i[9]
 wbs_adr_i[10]
 wbs_adr_i[11]
 wbs_adr_i[16]
 wbs_adr_i[17]
 wbs_adr_i[18]
 wbs_adr_i[19]
 wbs_adr_i[20]
 wbs_adr_i[21]
 wbs_adr_i[22]
 wbs_adr_i[23]
 wbs_adr_i[24]
 wbs_adr_i[25]
 wbs_adr_i[26]
 wbs_adr_i[27]
 wbs_adr_i[28]
 wbs_adr_i[29]
 wbs_adr_i[30]
 wbs_adr_i[31]
 wbs_adr_i[4]
 wbs_adr_i[5]
 wbs_adr_i[6]
 wbs_adr_i[7]
 wbs_adr_i[8]
 wbs_adr_i[9]
 wbs_sel_i[1]
 wbs_sel_i[2]
 wbs_sel_i[3]
 clkload0/Y
 clkload1/Y
 clkload10/Y
 clkload11/Y
 clkload12/Y
 clkload13/Y
 clkload14/Y
 clkload2/Y
 clkload3/Y
 clkload4/Y
 clkload5/Y
 clkload6/Y
 clkload7/X
 clkload8/Y
 clkload9/Y
Found 0 partially unannotated drivers.

===========================================================================
max slew violation count 294
max fanout violation count 18
max cap violation count 1
============================================================================

===========================================================================
check_setup -verbose -unconstrained_endpoints -multiple_clock -no_clock -no_input_delay -loops -generated_clocks
===========================================================================
Warning: There are 3 unconstrained endpoints.
  VDDA
  VDDC
  VSS
