Clock: wb_clk_i
Sources: wb_clk_i 
Generated: no
Virtual: yes
Propagated: no
Period: 25.000000

===========================================================================
report_clock_properties
============================================================================
Clock                   Period          Waveform
----------------------------------------------------
wb_clk_i             25.000000    0.000000 12.500000

===========================================================================
report_clock_latency
============================================================================
Clock wb_clk_i
rise -> rise
    min     max
0.000000 0.000000 source latency
1.150797         network latency _2272_/CLK
        1.207123 network latency _2245_/CLK
---------------
1.150797 1.207123 latency
        0.056326 skew

fall -> fall
    min     max
0.000000 0.000000 source latency
0.958154         network latency _2272_/CLK
        1.001392 network latency _2245_/CLK
---------------
0.958154 1.001392 latency
        0.043237 skew



===========================================================================
report_clock_min_period
============================================================================
wb_clk_i period_min = 12.80 fmax = 78.11
