
===========================================================================
report_checks -unconstrained
===========================================================================
======================= max_ss_100C_1v60 Corner ===================================

Startpoint: wb_rst_i (input port clocked by wb_clk_i)
Endpoint: _2306_ (recovery check against rising-edge clock wb_clk_i)
Path Group: asynchronous
Path Type: max

Fanout         Cap        Slew       Delay        Time   Description
---------------------------------------------------------------------------------------------
                                  0.000000    0.000000   clock wb_clk_i (rise edge)
                                  0.000000    0.000000   clock network delay (propagated)
                                  5.000000    5.000000 v input external delay
     2    0.004006    0.023164    0.013075    5.013075 v wb_rst_i (in)
                                                         wb_rst_i (net)
                      0.023174    0.000000    5.013075 v input9/A (sky130_fd_sc_hd__buf_1)
     1    0.014615    0.173673    0.236741    5.249816 v input9/X (sky130_fd_sc_hd__buf_1)
                                                         net9 (net)
                      0.173690    0.001783    5.251599 v fanout329/A (sky130_fd_sc_hd__buf_4)
    15    0.103186    0.237375    0.457118    5.708717 v fanout329/X (sky130_fd_sc_hd__buf_4)
                                                         net329 (net)
                      0.240689    0.022438    5.731156 v fanout328/A (sky130_fd_sc_hd__clkbuf_4)
     5    0.051015    0.193420    0.443754    6.174910 v fanout328/X (sky130_fd_sc_hd__clkbuf_4)
                                                         net328 (net)
                      0.193422    0.001234    6.176143 v fanout325/A (sky130_fd_sc_hd__clkbuf_4)
     8    0.053306    0.200645    0.427307    6.603450 v fanout325/X (sky130_fd_sc_hd__clkbuf_4)
                                                         net325 (net)
                      0.201090    0.008251    6.611701 v fanout323/A (sky130_fd_sc_hd__buf_4)
    10    0.064431    0.162699    0.416044    7.027745 v fanout323/X (sky130_fd_sc_hd__buf_4)
                                                         net323 (net)
                      0.162967    0.005829    7.033575 v _2144_/A (sky130_fd_sc_hd__inv_2)
     1    0.004315    0.061879    0.110712    7.144286 ^ _2144_/Y (sky130_fd_sc_hd__inv_2)
                                                         _0082_ (net)
                      0.061879    0.000230    7.144516 ^ _2306_/RESET_B (sky130_fd_sc_hd__dfrtp_4)
                                              7.144516   data arrival time

                                 25.000000   25.000000   clock wb_clk_i (rise edge)
                                  0.000000   25.000000   clock source latency
     2    0.043995    0.317007    0.225567   25.225567 ^ wb_clk_i (in)
                                                         wb_clk_i (net)
                      0.317466    0.000000   25.225567 ^ clkbuf_0_wb_clk_i/A (sky130_fd_sc_hd__clkbuf_16)
    33    0.227331    0.355984    0.551873   25.777439 ^ clkbuf_0_wb_clk_i/X (sky130_fd_sc_hd__clkbuf_16)
                                                         clknet_0_wb_clk_i (net)
                      0.356905    0.014820   25.792259 ^ clkbuf_4_13_0_wb_clk_i/A (sky130_fd_sc_hd__clkbuf_8)
    12    0.044198    0.141668    0.411214   26.203474 ^ clkbuf_4_13_0_wb_clk_i/X (sky130_fd_sc_hd__clkbuf_8)
                                                         clknet_4_13_0_wb_clk_i (net)
                      0.141708    0.002276   26.205750 ^ _2306_/CLK (sky130_fd_sc_hd__dfrtp_4)
                                 -0.250000   25.955750   clock uncertainty
                                  0.000000   25.955750   clock reconvergence pessimism
                                  0.471567   26.427319   library recovery time
                                             26.427319   data required time
---------------------------------------------------------------------------------------------
                                             26.427319   data required time
                                             -7.144516   data arrival time
---------------------------------------------------------------------------------------------
                                             19.282803   slack (MET)


Startpoint: wbs_dat_i[0] (input port clocked by wb_clk_i)
Endpoint: _2257_ (rising edge-triggered flip-flop clocked by wb_clk_i)
Path Group: wb_clk_i
Path Type: max

Fanout         Cap        Slew       Delay        Time   Description
---------------------------------------------------------------------------------------------
                                  0.000000    0.000000   clock wb_clk_i (rise edge)
                                  0.000000    0.000000   clock network delay (propagated)
                                  5.000000    5.000000 v input external delay
     2    0.004090    0.023500    0.013340    5.013340 v wbs_dat_i[0] (in)
                                                         wbs_dat_i[0] (net)
                      0.023510    0.000000    5.013340 v input19/A (sky130_fd_sc_hd__clkbuf_2)
     3    0.036223    0.254660    0.322115    5.335455 v input19/X (sky130_fd_sc_hd__clkbuf_2)
                                                         net19 (net)
                      0.254778    0.002646    5.338101 v fanout337/A (sky130_fd_sc_hd__clkbuf_4)
    10    0.053755    0.201486    0.459987    5.798089 v fanout337/X (sky130_fd_sc_hd__clkbuf_4)
                                                         net337 (net)
                      0.201553    0.003465    5.801554 v _1122_/A (sky130_fd_sc_hd__or4_4)
     6    0.031077    0.236347    1.239790    7.041343 v _1122_/X (sky130_fd_sc_hd__or4_4)
                                                         _0690_ (net)
                      0.236347    0.002212    7.043555 v _1124_/C (sky130_fd_sc_hd__or4_1)
     2    0.008048    0.240803    1.253403    8.296958 v _1124_/X (sky130_fd_sc_hd__or4_1)
                                                         _0692_ (net)
                      0.240803    0.000724    8.297682 v _1129_/A4 (sky130_fd_sc_hd__o41a_1)
     2    0.013706    0.215538    0.787628    9.085310 v _1129_/X (sky130_fd_sc_hd__o41a_1)
                                                         _0697_ (net)
                      0.215538    0.000822    9.086132 v _1143_/B (sky130_fd_sc_hd__xor2_2)
     2    0.024270    0.498128    0.514844    9.600976 ^ _1143_/X (sky130_fd_sc_hd__xor2_2)
                                                         _0711_ (net)
                      0.498138    0.001925    9.602901 ^ fanout210/A (sky130_fd_sc_hd__clkbuf_4)
    10    0.051121    0.254386    0.571708   10.174609 ^ fanout210/X (sky130_fd_sc_hd__clkbuf_4)
                                                         net210 (net)
                      0.254567    0.006255   10.180863 ^ _1890_/B (sky130_fd_sc_hd__xnor2_1)
     3    0.012383    0.238738    0.298242   10.479106 v _1890_/Y (sky130_fd_sc_hd__xnor2_1)
                                                         _0541_ (net)
                      0.238738    0.000591   10.479696 v _1896_/B (sky130_fd_sc_hd__or4b_1)
     1    0.002949    0.176988    1.223861   11.703558 v _1896_/X (sky130_fd_sc_hd__or4b_1)
                                                         _0547_ (net)
                      0.176988    0.000128   11.703686 v _1897_/B1 (sky130_fd_sc_hd__a21o_1)
     2    0.006700    0.090488    0.352044   12.055729 v _1897_/X (sky130_fd_sc_hd__a21o_1)
                                                         _0548_ (net)
                      0.090489    0.000499   12.056229 v _1903_/A1 (sky130_fd_sc_hd__a21o_1)
     3    0.010755    0.122924    0.356708   12.412937 v _1903_/X (sky130_fd_sc_hd__a21o_1)
                                                         _0554_ (net)
                      0.122927    0.000837   12.413774 v _1907_/A1 (sky130_fd_sc_hd__a21oi_1)
     3    0.010075    0.387366    0.394678   12.808452 ^ _1907_/Y (sky130_fd_sc_hd__a21oi_1)
                                                         _0558_ (net)
                      0.387367    0.000622   12.809073 ^ _1909_/B2 (sky130_fd_sc_hd__a22oi_1)
     2    0.007289    0.217580    0.300042   13.109115 v _1909_/Y (sky130_fd_sc_hd__a22oi_1)
                                                         _0560_ (net)
                      0.217581    0.000530   13.109645 v _1912_/A (sky130_fd_sc_hd__or2_1)
     1    0.005097    0.118973    0.584672   13.694317 v _1912_/X (sky130_fd_sc_hd__or2_1)
                                                         _0563_ (net)
                      0.118973    0.000353   13.694671 v _1914_/A2 (sky130_fd_sc_hd__a32o_1)
     1    0.002298    0.066940    0.447929   14.142599 v _1914_/X (sky130_fd_sc_hd__a32o_1)
                                                         _0194_ (net)
                      0.066940    0.000148   14.142748 v hold472/A (sky130_fd_sc_hd__dlygate4sd3_1)
     1    0.002713    0.104847    1.120570   15.263318 v hold472/X (sky130_fd_sc_hd__dlygate4sd3_1)
                                                         net809 (net)
                      0.104847    0.000169   15.263487 v hold42/A (sky130_fd_sc_hd__dlygate4sd3_1)
     1    0.003604    0.113488    1.153376   16.416862 v hold42/X (sky130_fd_sc_hd__dlygate4sd3_1)
                                                         net379 (net)
                      0.114961    0.000234   16.417097 v hold473/A (sky130_fd_sc_hd__dlygate4sd3_1)
     1    0.002850    0.106066    1.145530   17.562628 v hold473/X (sky130_fd_sc_hd__dlygate4sd3_1)
                                                         net810 (net)
                      0.106066    0.000199   17.562826 v _2257_/D (sky130_fd_sc_hd__dfrtp_1)
                                             17.562826   data arrival time

                                 25.000000   25.000000   clock wb_clk_i (rise edge)
                                  0.000000   25.000000   clock source latency
     2    0.043995    0.317007    0.225567   25.225567 ^ wb_clk_i (in)
                                                         wb_clk_i (net)
                      0.317466    0.000000   25.225567 ^ clkbuf_0_wb_clk_i/A (sky130_fd_sc_hd__clkbuf_16)
    33    0.227331    0.355984    0.551873   25.777439 ^ clkbuf_0_wb_clk_i/X (sky130_fd_sc_hd__clkbuf_16)
                                                         clknet_0_wb_clk_i (net)
                      0.357285    0.017510   25.794949 ^ clkbuf_4_5_0_wb_clk_i/A (sky130_fd_sc_hd__clkbuf_8)
    10    0.050309    0.156339    0.422586   26.217535 ^ clkbuf_4_5_0_wb_clk_i/X (sky130_fd_sc_hd__clkbuf_8)
                                                         clknet_4_5_0_wb_clk_i (net)
                      0.156434    0.003498   26.221033 ^ _2257_/CLK (sky130_fd_sc_hd__dfrtp_1)
                                 -0.250000   25.971035   clock uncertainty
                                  0.000000   25.971035   clock reconvergence pessimism
                                 -0.268548   25.702486   library setup time
                                             25.702486   data required time
---------------------------------------------------------------------------------------------
                                             25.702486   data required time
                                            -17.562826   data arrival time
---------------------------------------------------------------------------------------------
                                              8.139660   slack (MET)




===========================================================================
report_checks --slack_max -0.01
============================================================================
======================= max_ss_100C_1v60 Corner ===================================

No paths found.


===========================================================================
 report_check_types -max_slew -max_cap -max_fanout -violators
============================================================================
======================= max_ss_100C_1v60 Corner ===================================

max slew

Pin                                        Limit        Slew       Slack
------------------------------------------------------------------------
_1343_/A1                               0.750000    0.949579   -0.199579 (VIOLATED)
_1430_/A1                               0.750000    0.949568   -0.199568 (VIOLATED)
_1474_/B2                               0.750000    0.949557   -0.199557 (VIOLATED)
_1383_/A1                               0.750000    0.949552   -0.199552 (VIOLATED)
_1521_/A1                               0.750000    0.949541   -0.199541 (VIOLATED)
_1646_/B2                               0.750000    0.949520   -0.199520 (VIOLATED)
_1602_/A1                               0.750000    0.949462   -0.199462 (VIOLATED)
_1558_/A1                               0.750000    0.949443   -0.199443 (VIOLATED)
hold867/A                               0.750000    0.949403   -0.199403 (VIOLATED)
hold295/X                               0.750000    0.949402   -0.199402 (VIOLATED)
_1498_/A1                               0.750000    0.902488   -0.152488 (VIOLATED)
_1455_/A1                               0.750000    0.902482   -0.152482 (VIOLATED)
_1404_/A1                               0.750000    0.902466   -0.152466 (VIOLATED)
_1540_/B2                               0.750000    0.902452   -0.152452 (VIOLATED)
_1323_/A1                               0.750000    0.902442   -0.152442 (VIOLATED)
_1586_/A1                               0.750000    0.902432   -0.152432 (VIOLATED)
_1360_/A1                               0.750000    0.902429   -0.152429 (VIOLATED)
_1624_/A1                               0.750000    0.902369   -0.152369 (VIOLATED)
hold311/X                               0.750000    0.902348   -0.152348 (VIOLATED)
hold891/A                               0.750000    0.902348   -0.152348 (VIOLATED)
_1405_/A1                               0.750000    0.867353   -0.117353 (VIOLATED)
_1451_/B2                               0.750000    0.867352   -0.117352 (VIOLATED)
_1540_/A1                               0.750000    0.867345   -0.117345 (VIOLATED)
_1495_/B2                               0.750000    0.867339   -0.117339 (VIOLATED)
_1362_/A1                               0.750000    0.867335   -0.117335 (VIOLATED)
_1319_/B2                               0.750000    0.867307   -0.117307 (VIOLATED)
_1583_/A1                               0.750000    0.867295   -0.117295 (VIOLATED)
_1625_/A1                               0.750000    0.867287   -0.117287 (VIOLATED)
hold279/X                               0.750000    0.867284   -0.117284 (VIOLATED)
hold855/A                               0.750000    0.867284   -0.117284 (VIOLATED)
_1471_/A1                               0.750000    0.866341   -0.116341 (VIOLATED)
_1426_/A1                               0.750000    0.866338   -0.116338 (VIOLATED)
_1386_/B2                               0.750000    0.866330   -0.116330 (VIOLATED)
_1519_/B2                               0.750000    0.866302   -0.116303 (VIOLATED)
_1649_/B2                               0.750000    0.866280   -0.116281 (VIOLATED)
_1342_/B2                               0.750000    0.866245   -0.116245 (VIOLATED)
_1559_/B2                               0.750000    0.866221   -0.116221 (VIOLATED)
_1606_/B2                               0.750000    0.866213   -0.116213 (VIOLATED)
hold861/A                               0.750000    0.866194   -0.116194 (VIOLATED)
hold281/X                               0.750000    0.866191   -0.116191 (VIOLATED)
_1443_/A1                               0.750000    0.859938   -0.109938 (VIOLATED)
_1528_/B2                               0.750000    0.859936   -0.109936 (VIOLATED)
_1394_/A1                               0.750000    0.859935   -0.109935 (VIOLATED)
_1482_/B2                               0.750000    0.859933   -0.109934 (VIOLATED)
_1356_/A1                               0.750000    0.859933   -0.109933 (VIOLATED)
_1574_/A1                               0.750000    0.859927   -0.109928 (VIOLATED)
_1304_/B2                               0.750000    0.859919   -0.109919 (VIOLATED)
_1616_/B2                               0.750000    0.859908   -0.109908 (VIOLATED)
hold888/A                               0.750000    0.859881   -0.109881 (VIOLATED)
hold309/X                               0.750000    0.859878   -0.109878 (VIOLATED)
_1465_/B2                               0.750000    0.859535   -0.109535 (VIOLATED)
_1505_/A1                               0.750000    0.859533   -0.109533 (VIOLATED)
_1377_/B2                               0.750000    0.859528   -0.109528 (VIOLATED)
_1639_/A1                               0.750000    0.859525   -0.109525 (VIOLATED)
_1419_/B2                               0.750000    0.859507   -0.109507 (VIOLATED)
_1549_/A1                               0.750000    0.859460   -0.109460 (VIOLATED)
_1327_/A1                               0.750000    0.859435   -0.109435 (VIOLATED)
_1597_/A1                               0.750000    0.859426   -0.109426 (VIOLATED)
hold319/X                               0.750000    0.859426   -0.109426 (VIOLATED)
hold894/A                               0.750000    0.859426   -0.109426 (VIOLATED)
_1386_/A1                               0.750000    0.851722   -0.101722 (VIOLATED)
_1470_/B2                               0.750000    0.851721   -0.101721 (VIOLATED)
_1518_/B2                               0.750000    0.851720   -0.101720 (VIOLATED)
_1648_/A1                               0.750000    0.851714   -0.101715 (VIOLATED)
_1429_/B2                               0.750000    0.851705   -0.101705 (VIOLATED)
_1341_/A1                               0.750000    0.851674   -0.101674 (VIOLATED)
_1604_/A1                               0.750000    0.851623   -0.101623 (VIOLATED)
_1565_/A1                               0.750000    0.851612   -0.101612 (VIOLATED)
hold846/A                               0.750000    0.851596   -0.101596 (VIOLATED)
hold291/X                               0.750000    0.851596   -0.101596 (VIOLATED)
_1407_/B2                               0.750000    0.847267   -0.097267 (VIOLATED)
_1537_/A1                               0.750000    0.847266   -0.097266 (VIOLATED)
_1454_/A1                               0.750000    0.847265   -0.097266 (VIOLATED)
_1497_/A1                               0.750000    0.847260   -0.097260 (VIOLATED)
_1366_/A1                               0.750000    0.847256   -0.097256 (VIOLATED)
_1587_/A1                               0.750000    0.847249   -0.097249 (VIOLATED)
_1320_/A1                               0.750000    0.847239   -0.097239 (VIOLATED)
_1627_/B2                               0.750000    0.847238   -0.097238 (VIOLATED)
hold849/A                               0.750000    0.847236   -0.097236 (VIOLATED)
hold289/X                               0.750000    0.847231   -0.097231 (VIOLATED)
fanout258/A                             0.750000    0.846998   -0.096998 (VIOLATED)
fanout261/A                             0.750000    0.846995   -0.096995 (VIOLATED)
fanout259/A                             0.750000    0.846994   -0.096994 (VIOLATED)
_1293_/Y                                0.750000    0.846987   -0.096987 (VIOLATED)
_1477_/A1                               0.750000    0.844928   -0.094928 (VIOLATED)
_1385_/B2                               0.750000    0.844927   -0.094927 (VIOLATED)
_1433_/A1                               0.750000    0.844919   -0.094919 (VIOLATED)
_1518_/A1                               0.750000    0.844912   -0.094912 (VIOLATED)
_1652_/B2                               0.750000    0.844873   -0.094873 (VIOLATED)
_1343_/B2                               0.750000    0.844836   -0.094836 (VIOLATED)
_1562_/A1                               0.750000    0.844798   -0.094798 (VIOLATED)
_1608_/B2                               0.750000    0.844744   -0.094744 (VIOLATED)
hold879/A                               0.750000    0.844712   -0.094713 (VIOLATED)
hold287/X                               0.750000    0.844712   -0.094712 (VIOLATED)
_1389_/A1                               0.750000    0.844600   -0.094600 (VIOLATED)
_1476_/A1                               0.750000    0.844598   -0.094598 (VIOLATED)
_1520_/A1                               0.750000    0.844592   -0.094592 (VIOLATED)
_1428_/B2                               0.750000    0.844565   -0.094565 (VIOLATED)
_1344_/A1                               0.750000    0.844550   -0.094550 (VIOLATED)
_1651_/A1                               0.750000    0.844509   -0.094509 (VIOLATED)
_1561_/A1                               0.750000    0.844495   -0.094495 (VIOLATED)
_1606_/A1                               0.750000    0.844494   -0.094494 (VIOLATED)
hold285/X                               0.750000    0.844492   -0.094492 (VIOLATED)
hold873/A                               0.750000    0.844492   -0.094492 (VIOLATED)
_1453_/B2                               0.750000    0.830258   -0.080258 (VIOLATED)
_1406_/A1                               0.750000    0.830258   -0.080258 (VIOLATED)
_1539_/B2                               0.750000    0.830255   -0.080255 (VIOLATED)
_1365_/A1                               0.750000    0.830239   -0.080239 (VIOLATED)
_1584_/B2                               0.750000    0.830237   -0.080237 (VIOLATED)
_1495_/A1                               0.750000    0.830225   -0.080225 (VIOLATED)
_1322_/B2                               0.750000    0.830206   -0.080206 (VIOLATED)
_1628_/A1                               0.750000    0.830204   -0.080204 (VIOLATED)
hold297/X                               0.750000    0.830204   -0.080204 (VIOLATED)
hold864/A                               0.750000    0.830204   -0.080204 (VIOLATED)
_1515_/A1                               0.750000    0.827501   -0.077501 (VIOLATED)
_1475_/A1                               0.750000    0.827495   -0.077495 (VIOLATED)
_1382_/A1                               0.750000    0.827475   -0.077475 (VIOLATED)
_1432_/A1                               0.750000    0.827457   -0.077457 (VIOLATED)
_1338_/A1                               0.750000    0.827414   -0.077414 (VIOLATED)
_1646_/A1                               0.750000    0.827404   -0.077404 (VIOLATED)
_1605_/B2                               0.750000    0.827370   -0.077370 (VIOLATED)
_1558_/B2                               0.750000    0.827350   -0.077350 (VIOLATED)
hold293/X                               0.750000    0.827343   -0.077343 (VIOLATED)
hold852/A                               0.750000    0.827343   -0.077343 (VIOLATED)
_1449_/B2                               0.750000    0.825516   -0.075516 (VIOLATED)
_1497_/B2                               0.750000    0.825511   -0.075511 (VIOLATED)
_1410_/A1                               0.750000    0.825507   -0.075507 (VIOLATED)
_1538_/B2                               0.750000    0.825503   -0.075503 (VIOLATED)
_1363_/A1                               0.750000    0.825499   -0.075499 (VIOLATED)
_1629_/B2                               0.750000    0.825481   -0.075481 (VIOLATED)
_1584_/A1                               0.750000    0.825463   -0.075463 (VIOLATED)
_1316_/B2                               0.750000    0.825408   -0.075408 (VIOLATED)
hold317/X                               0.750000    0.825394   -0.075394 (VIOLATED)
hold707/A                               0.750000    0.825394   -0.075394 (VIOLATED)
_1448_/B2                               0.750000    0.824208   -0.074208 (VIOLATED)
_1494_/A1                               0.750000    0.824203   -0.074203 (VIOLATED)
_1537_/B2                               0.750000    0.824198   -0.074198 (VIOLATED)
_1410_/B2                               0.750000    0.824182   -0.074182 (VIOLATED)
_1361_/A1                               0.750000    0.824177   -0.074177 (VIOLATED)
_1321_/A1                               0.750000    0.824164   -0.074164 (VIOLATED)
_1580_/A1                               0.750000    0.824163   -0.074163 (VIOLATED)
_1631_/A1                               0.750000    0.824163   -0.074163 (VIOLATED)
hold307/X                               0.750000    0.824162   -0.074162 (VIOLATED)
hold882/A                               0.750000    0.824162   -0.074162 (VIOLATED)
_1394_/B2                               0.750000    0.822649   -0.072649 (VIOLATED)
_1485_/B2                               0.750000    0.822648   -0.072649 (VIOLATED)
_1439_/B2                               0.750000    0.822639   -0.072639 (VIOLATED)
_1530_/A1                               0.750000    0.822610   -0.072610 (VIOLATED)
_1308_/B2                               0.750000    0.822608   -0.072608 (VIOLATED)
_1353_/B2                               0.750000    0.822565   -0.072565 (VIOLATED)
_1614_/B2                               0.750000    0.822529   -0.072529 (VIOLATED)
_1573_/A1                               0.750000    0.822524   -0.072524 (VIOLATED)
hold301/X                               0.750000    0.822514   -0.072514 (VIOLATED)
hold876/A                               0.750000    0.822514   -0.072514 (VIOLATED)
_1466_/A1                               0.750000    0.820597   -0.070597 (VIOLATED)
_1421_/A1                               0.750000    0.820588   -0.070588 (VIOLATED)
_1505_/B2                               0.750000    0.820580   -0.070580 (VIOLATED)
_1638_/B2                               0.750000    0.820577   -0.070577 (VIOLATED)
_1374_/A1                               0.750000    0.820576   -0.070576 (VIOLATED)
_1552_/B2                               0.750000    0.820538   -0.070538 (VIOLATED)
_1329_/A1                               0.750000    0.820536   -0.070536 (VIOLATED)
_1593_/B2                               0.750000    0.820525   -0.070525 (VIOLATED)
hold831/A                               0.750000    0.820514   -0.070514 (VIOLATED)
hold257/X                               0.750000    0.820514   -0.070514 (VIOLATED)
_1648_/B2                               0.750000    0.816829   -0.066829 (VIOLATED)
_1470_/A1                               0.750000    0.816827   -0.066827 (VIOLATED)
_1517_/B2                               0.750000    0.816823   -0.066823 (VIOLATED)
_1383_/B2                               0.750000    0.816821   -0.066821 (VIOLATED)
_1430_/B2                               0.750000    0.816809   -0.066809 (VIOLATED)
_1339_/B2                               0.750000    0.816807   -0.066807 (VIOLATED)
_1560_/B2                               0.750000    0.816805   -0.066805 (VIOLATED)
_1607_/B2                               0.750000    0.816802   -0.066802 (VIOLATED)
hold269/X                               0.750000    0.816798   -0.066798 (VIOLATED)
hold834/A                               0.750000    0.816798   -0.066798 (VIOLATED)
_1510_/A1                               0.750000    0.811359   -0.061359 (VIOLATED)
_1461_/B2                               0.750000    0.811352   -0.061352 (VIOLATED)
_1635_/B2                               0.750000    0.811343   -0.061343 (VIOLATED)
_1372_/A1                               0.750000    0.811332   -0.061332 (VIOLATED)
_1415_/A1                               0.750000    0.811318   -0.061318 (VIOLATED)
_1592_/A1                               0.750000    0.811291   -0.061291 (VIOLATED)
_1550_/B2                               0.750000    0.811290   -0.061290 (VIOLATED)
_1327_/B2                               0.750000    0.811280   -0.061280 (VIOLATED)
hold313/X                               0.750000    0.811259   -0.061259 (VIOLATED)
hold885/A                               0.750000    0.811259   -0.061259 (VIOLATED)
_1396_/A1                               0.750000    0.808297   -0.058297 (VIOLATED)
_1484_/B2                               0.750000    0.808295   -0.058295 (VIOLATED)
_1532_/A1                               0.750000    0.808290   -0.058290 (VIOLATED)
_1439_/A1                               0.750000    0.808288   -0.058288 (VIOLATED)
_1352_/A1                               0.750000    0.808270   -0.058270 (VIOLATED)
_1569_/B2                               0.750000    0.808257   -0.058257 (VIOLATED)
_1614_/A1                               0.750000    0.808235   -0.058235 (VIOLATED)
_1305_/A1                               0.750000    0.808223   -0.058223 (VIOLATED)
hold267/X                               0.750000    0.808193   -0.058193 (VIOLATED)
hold828/A                               0.750000    0.808193   -0.058193 (VIOLATED)
_1404_/B2                               0.750000    0.807715   -0.057715 (VIOLATED)
_1538_/A1                               0.750000    0.807715   -0.057715 (VIOLATED)
_1454_/B2                               0.750000    0.807707   -0.057707 (VIOLATED)
_1581_/A1                               0.750000    0.807702   -0.057702 (VIOLATED)
_1365_/B2                               0.750000    0.807700   -0.057700 (VIOLATED)
_1492_/B2                               0.750000    0.807693   -0.057693 (VIOLATED)
_1317_/A1                               0.750000    0.807657   -0.057657 (VIOLATED)
_1625_/B2                               0.750000    0.807654   -0.057654 (VIOLATED)
hold897/A                               0.750000    0.807637   -0.057637 (VIOLATED)
hold315/X                               0.750000    0.807636   -0.057636 (VIOLATED)
_1603_/A1                               0.750000    0.805632   -0.055632 (VIOLATED)
_1563_/A1                               0.750000    0.805622   -0.055622 (VIOLATED)
_1650_/A1                               0.750000    0.805617   -0.055617 (VIOLATED)
_1339_/A1                               0.750000    0.805613   -0.055613 (VIOLATED)
_1429_/A1                               0.750000    0.805568   -0.055568 (VIOLATED)
_1387_/B2                               0.750000    0.805515   -0.055515 (VIOLATED)
_1516_/B2                               0.750000    0.805511   -0.055511 (VIOLATED)
_1471_/B2                               0.750000    0.805509   -0.055509 (VIOLATED)
hold750/A                               0.750000    0.805489   -0.055489 (VIOLATED)
hold215/X                               0.750000    0.805488   -0.055489 (VIOLATED)
_1395_/B2                               0.750000    0.804287   -0.054288 (VIOLATED)
_1485_/A1                               0.750000    0.804284   -0.054284 (VIOLATED)
_1443_/B2                               0.750000    0.804279   -0.054279 (VIOLATED)
_1525_/A1                               0.750000    0.804273   -0.054273 (VIOLATED)
_1355_/A1                               0.750000    0.804227   -0.054227 (VIOLATED)
_1308_/A1                               0.750000    0.804187   -0.054187 (VIOLATED)
_1574_/B2                               0.750000    0.804180   -0.054180 (VIOLATED)
_1617_/A1                               0.750000    0.804179   -0.054179 (VIOLATED)
hold243/X                               0.750000    0.804179   -0.054179 (VIOLATED)
hold807/A                               0.750000    0.804179   -0.054179 (VIOLATED)
_1408_/A1                               0.750000    0.797549   -0.047549 (VIOLATED)
_1542_/A1                               0.750000    0.797546   -0.047546 (VIOLATED)
_1449_/A1                               0.750000    0.797546   -0.047546 (VIOLATED)
_1362_/B2                               0.750000    0.797537   -0.047537 (VIOLATED)
_1492_/A1                               0.750000    0.797520   -0.047520 (VIOLATED)
_1581_/B2                               0.750000    0.797509   -0.047509 (VIOLATED)
_1627_/A1                               0.750000    0.797508   -0.047508 (VIOLATED)
_1317_/B2                               0.750000    0.797506   -0.047506 (VIOLATED)
hold277/X                               0.750000    0.797501   -0.047501 (VIOLATED)
hold858/A                               0.750000    0.797501   -0.047501 (VIOLATED)
_1595_/A1                               0.750000    0.796259   -0.046259 (VIOLATED)
_1554_/A1                               0.750000    0.796257   -0.046257 (VIOLATED)
_1328_/A1                               0.750000    0.796252   -0.046252 (VIOLATED)
_1372_/B2                               0.750000    0.796246   -0.046246 (VIOLATED)
_1508_/B2                               0.750000    0.796245   -0.046245 (VIOLATED)
_1461_/A1                               0.750000    0.796216   -0.046217 (VIOLATED)
_1635_/A1                               0.750000    0.796216   -0.046216 (VIOLATED)
_1421_/B2                               0.750000    0.796198   -0.046198 (VIOLATED)
hold237/X                               0.750000    0.796182   -0.046182 (VIOLATED)
hold804/A                               0.750000    0.796182   -0.046182 (VIOLATED)
_1452_/A1                               0.750000    0.794472   -0.044472 (VIOLATED)
_1499_/A1                               0.750000    0.794471   -0.044471 (VIOLATED)
_1542_/B2                               0.750000    0.794466   -0.044466 (VIOLATED)
_1408_/B2                               0.750000    0.794465   -0.044465 (VIOLATED)
_1364_/A1                               0.750000    0.794460   -0.044460 (VIOLATED)
_1321_/B2                               0.750000    0.794430   -0.044430 (VIOLATED)
_1582_/B2                               0.750000    0.794425   -0.044425 (VIOLATED)
_1626_/A1                               0.750000    0.794397   -0.044397 (VIOLATED)
hold825/A                               0.750000    0.794387   -0.044387 (VIOLATED)
hold265/X                               0.750000    0.794386   -0.044386 (VIOLATED)
_1531_/B2                               0.750000    0.792879   -0.042879 (VIOLATED)
_1442_/A1                               0.750000    0.792879   -0.042879 (VIOLATED)
_1482_/A1                               0.750000    0.792870   -0.042870 (VIOLATED)
_1398_/A1                               0.750000    0.792865   -0.042865 (VIOLATED)
_1310_/B2                               0.750000    0.792843   -0.042843 (VIOLATED)
_1354_/B2                               0.750000    0.792836   -0.042836 (VIOLATED)
_1575_/A1                               0.750000    0.792816   -0.042816 (VIOLATED)
_1618_/B2                               0.750000    0.792765   -0.042765 (VIOLATED)
hold305/X                               0.750000    0.792746   -0.042746 (VIOLATED)
hold870/A                               0.750000    0.792746   -0.042746 (VIOLATED)
_1509_/A1                               0.750000    0.791107   -0.041107 (VIOLATED)
_1418_/A1                               0.750000    0.791104   -0.041105 (VIOLATED)
_1464_/A1                               0.750000    0.791104   -0.041104 (VIOLATED)
_1376_/A1                               0.750000    0.791090   -0.041090 (VIOLATED)
_1639_/B2                               0.750000    0.791086   -0.041086 (VIOLATED)
_1591_/B2                               0.750000    0.791064   -0.041064 (VIOLATED)
_1550_/A1                               0.750000    0.791047   -0.041047 (VIOLATED)
_1330_/B2                               0.750000    0.791046   -0.041046 (VIOLATED)
hold271/X                               0.750000    0.791046   -0.041046 (VIOLATED)
hold813/A                               0.750000    0.791046   -0.041046 (VIOLATED)
_1438_/B2                               0.750000    0.790616   -0.040616 (VIOLATED)
_1527_/B2                               0.750000    0.790612   -0.040612 (VIOLATED)
_1400_/A1                               0.750000    0.790608   -0.040608 (VIOLATED)
_1481_/B2                               0.750000    0.790603   -0.040603 (VIOLATED)
_1353_/A1                               0.750000    0.790585   -0.040585 (VIOLATED)
_1615_/B2                               0.750000    0.790527   -0.040527 (VIOLATED)
_1305_/B2                               0.750000    0.790525   -0.040525 (VIOLATED)
_1572_/B2                               0.750000    0.790521   -0.040521 (VIOLATED)
hold837/A                               0.750000    0.790495   -0.040495 (VIOLATED)
hold303/X                               0.750000    0.790492   -0.040492 (VIOLATED)
_1570_/A1                               0.750000    0.787094   -0.037094 (VIOLATED)
_1352_/B2                               0.750000    0.787093   -0.037093 (VIOLATED)
_1619_/A1                               0.750000    0.787090   -0.037090 (VIOLATED)
_1307_/A1                               0.750000    0.787089   -0.037089 (VIOLATED)
_1440_/B2                               0.750000    0.787071   -0.037071 (VIOLATED)
_1395_/A1                               0.750000    0.787049   -0.037049 (VIOLATED)
_1525_/B2                               0.750000    0.787047   -0.037047 (VIOLATED)
_1487_/B2                               0.750000    0.787046   -0.037046 (VIOLATED)
hold221/X                               0.750000    0.787027   -0.037027 (VIOLATED)
hold756/A                               0.750000    0.787027   -0.037027 (VIOLATED)
_1427_/B2                               0.750000    0.787020   -0.037020 (VIOLATED)
_1385_/A1                               0.750000    0.787016   -0.037016 (VIOLATED)
_1473_/A1                               0.750000    0.787014   -0.037014 (VIOLATED)
_1520_/B2                               0.750000    0.787004   -0.037005 (VIOLATED)
_1341_/B2                               0.750000    0.786988   -0.036988 (VIOLATED)
_1653_/A1                               0.750000    0.786984   -0.036984 (VIOLATED)
hold822/A                               0.750000    0.786975   -0.036975 (VIOLATED)
_1561_/B2                               0.750000    0.786971   -0.036971 (VIOLATED)
_1607_/A1                               0.750000    0.786971   -0.036971 (VIOLATED)
hold251/X                               0.750000    0.786971   -0.036971 (VIOLATED)
_1472_/A1                               0.750000    0.785140   -0.035140 (VIOLATED)
_1384_/B2                               0.750000    0.785136   -0.035137 (VIOLATED)
_1431_/B2                               0.750000    0.785129   -0.035130 (VIOLATED)
_1325_/A1                               0.750000    0.785124   -0.035124 (VIOLATED)
_1517_/A1                               0.750000    0.785124   -0.035124 (VIOLATED)
_1633_/A1                               0.750000    0.785117   -0.035117 (VIOLATED)
_1342_/A1                               0.750000    0.785110   -0.035110 (VIOLATED)
_1589_/A1                               0.750000    0.785110   -0.035110 (VIOLATED)
_1652_/A1                               0.750000    0.785110   -0.035110 (VIOLATED)
_1564_/A1                               0.750000    0.785099   -0.035099 (VIOLATED)
_1608_/A1                               0.750000    0.785093   -0.035093 (VIOLATED)
hold245/X                               0.750000    0.785085   -0.035085 (VIOLATED)
hold792/A                               0.750000    0.785085   -0.035085 (VIOLATED)
_1369_/A1                               0.750000    0.785076   -0.035076 (VIOLATED)
_1545_/A1                               0.750000    0.785022   -0.035023 (VIOLATED)
_1413_/A1                               0.750000    0.785010   -0.035010 (VIOLATED)
_1501_/A1                               0.750000    0.785001   -0.035001 (VIOLATED)
_1457_/A1                               0.750000    0.784994   -0.034994 (VIOLATED)
hold249/X                               0.750000    0.784991   -0.034991 (VIOLATED)
hold801/A                               0.750000    0.784991   -0.034991 (VIOLATED)
_1526_/A1                               0.750000    0.783876   -0.033876 (VIOLATED)
_1438_/A1                               0.750000    0.783876   -0.033876 (VIOLATED)
_1483_/B2                               0.750000    0.783870   -0.033870 (VIOLATED)
_1397_/B2                               0.750000    0.783845   -0.033846 (VIOLATED)
_1354_/A1                               0.750000    0.783825   -0.033825 (VIOLATED)
_1570_/B2                               0.750000    0.783822   -0.033822 (VIOLATED)
_1617_/B2                               0.750000    0.783797   -0.033797 (VIOLATED)
_1304_/A1                               0.750000    0.783771   -0.033771 (VIOLATED)
hold780/A                               0.750000    0.783767   -0.033767 (VIOLATED)
hold233/X                               0.750000    0.783766   -0.033766 (VIOLATED)
_1611_/A1                               0.750000    0.782139   -0.032139 (VIOLATED)
_1567_/A1                               0.750000    0.782136   -0.032136 (VIOLATED)
_1347_/A1                               0.750000    0.782121   -0.032121 (VIOLATED)
_1655_/A1                               0.750000    0.782109   -0.032109 (VIOLATED)
_1391_/A1                               0.750000    0.782083   -0.032083 (VIOLATED)
_1435_/A1                               0.750000    0.782083   -0.032083 (VIOLATED)
_1479_/A1                               0.750000    0.782081   -0.032082 (VIOLATED)
_1523_/A1                               0.750000    0.782079   -0.032079 (VIOLATED)
hold786/A                               0.750000    0.782063   -0.032063 (VIOLATED)
hold239/X                               0.750000    0.782062   -0.032062 (VIOLATED)
_1488_/A1                               0.750000    0.778974   -0.028974 (VIOLATED)
_1399_/B2                               0.750000    0.778967   -0.028967 (VIOLATED)
_1351_/A1                               0.750000    0.778962   -0.028962 (VIOLATED)
_1437_/B2                               0.750000    0.778945   -0.028945 (VIOLATED)
_1527_/A1                               0.750000    0.778941   -0.028941 (VIOLATED)
_1307_/B2                               0.750000    0.778918   -0.028918 (VIOLATED)
_1616_/A1                               0.750000    0.778881   -0.028881 (VIOLATED)
_1571_/B2                               0.750000    0.778879   -0.028879 (VIOLATED)
hold223/X                               0.750000    0.778879   -0.028879 (VIOLATED)
hold789/A                               0.750000    0.778879   -0.028879 (VIOLATED)
_1526_/B2                               0.750000    0.775720   -0.025720 (VIOLATED)
_1442_/B2                               0.750000    0.775715   -0.025715 (VIOLATED)
_1399_/A1                               0.750000    0.775685   -0.025685 (VIOLATED)
_1481_/A1                               0.750000    0.775661   -0.025661 (VIOLATED)
_1350_/B2                               0.750000    0.775644   -0.025644 (VIOLATED)
_1573_/B2                               0.750000    0.775628   -0.025628 (VIOLATED)
_1306_/B2                               0.750000    0.775625   -0.025625 (VIOLATED)
_1613_/B2                               0.750000    0.775625   -0.025625 (VIOLATED)
hold283/X                               0.750000    0.775625   -0.025625 (VIOLATED)
hold843/A                               0.750000    0.775625   -0.025625 (VIOLATED)
_1388_/A1                               0.750000    0.772574   -0.022574 (VIOLATED)
_1475_/B2                               0.750000    0.772574   -0.022574 (VIOLATED)
_1609_/A1                               0.750000    0.772572   -0.022572 (VIOLATED)
_1563_/B2                               0.750000    0.772570   -0.022570 (VIOLATED)
_1649_/A1                               0.750000    0.772570   -0.022570 (VIOLATED)
_1514_/B2                               0.750000    0.772568   -0.022568 (VIOLATED)
_1432_/B2                               0.750000    0.772565   -0.022565 (VIOLATED)
_1340_/A1                               0.750000    0.772560   -0.022560 (VIOLATED)
hold211/X                               0.750000    0.772554   -0.022554 (VIOLATED)
hold747/A                               0.750000    0.772554   -0.022554 (VIOLATED)
_1575_/B2                               0.750000    0.771377   -0.021377 (VIOLATED)
_1618_/A1                               0.750000    0.771376   -0.021377 (VIOLATED)
_1309_/B2                               0.750000    0.771373   -0.021373 (VIOLATED)
_1440_/A1                               0.750000    0.771371   -0.021371 (VIOLATED)
_1484_/A1                               0.750000    0.771371   -0.021371 (VIOLATED)
_1397_/A1                               0.750000    0.771370   -0.021370 (VIOLATED)
_1529_/B2                               0.750000    0.771368   -0.021368 (VIOLATED)
_1350_/A1                               0.750000    0.771367   -0.021367 (VIOLATED)
hold219/X                               0.750000    0.771365   -0.021365 (VIOLATED)
hold759/A                               0.750000    0.771365   -0.021365 (VIOLATED)
_1600_/A1                               0.750000    0.770491   -0.020491 (VIOLATED)
_1556_/A1                               0.750000    0.770489   -0.020489 (VIOLATED)
_1336_/A1                               0.750000    0.770487   -0.020487 (VIOLATED)
_1424_/A1                               0.750000    0.770482   -0.020482 (VIOLATED)
_1468_/A1                               0.750000    0.770481   -0.020482 (VIOLATED)
_1512_/A1                               0.750000    0.770481   -0.020481 (VIOLATED)
_1380_/A1                               0.750000    0.770481   -0.020481 (VIOLATED)
_1644_/A1                               0.750000    0.770481   -0.020481 (VIOLATED)
hold241/X                               0.750000    0.770481   -0.020481 (VIOLATED)
hold798/A                               0.750000    0.770481   -0.020481 (VIOLATED)
_1483_/A1                               0.750000    0.768282   -0.018282 (VIOLATED)
_1393_/B2                               0.750000    0.768278   -0.018278 (VIOLATED)
_1441_/A1                               0.750000    0.768263   -0.018263 (VIOLATED)
_1349_/A1                               0.750000    0.768262   -0.018262 (VIOLATED)
_1530_/B2                               0.750000    0.768259   -0.018259 (VIOLATED)
_1619_/B2                               0.750000    0.768237   -0.018237 (VIOLATED)
_1306_/A1                               0.750000    0.768227   -0.018227 (VIOLATED)
_1572_/A1                               0.750000    0.768223   -0.018223 (VIOLATED)
hold227/X                               0.750000    0.768223   -0.018223 (VIOLATED)
hold777/A                               0.750000    0.768223   -0.018223 (VIOLATED)
_1536_/A1                               0.750000    0.765948   -0.015948 (VIOLATED)
_1409_/A1                               0.750000    0.765947   -0.015947 (VIOLATED)
_1452_/B2                               0.750000    0.765945   -0.015945 (VIOLATED)
_1363_/B2                               0.750000    0.765937   -0.015937 (VIOLATED)
_1496_/B2                               0.750000    0.765923   -0.015923 (VIOLATED)
_1320_/B2                               0.750000    0.765906   -0.015906 (VIOLATED)
_1580_/B2                               0.750000    0.765901   -0.015901 (VIOLATED)
_1626_/B2                               0.750000    0.765901   -0.015901 (VIOLATED)
hold261/X                               0.750000    0.765901   -0.015901 (VIOLATED)
hold816/A                               0.750000    0.765901   -0.015901 (VIOLATED)
_1373_/B2                               0.750000    0.758426   -0.008426 (VIOLATED)
_1465_/A1                               0.750000    0.758425   -0.008425 (VIOLATED)
_1418_/B2                               0.750000    0.758418   -0.008418 (VIOLATED)
_1508_/A1                               0.750000    0.758415   -0.008415 (VIOLATED)
_1642_/A1                               0.750000    0.758410   -0.008410 (VIOLATED)
_1553_/A1                               0.750000    0.758406   -0.008406 (VIOLATED)
_1332_/B2                               0.750000    0.758402   -0.008402 (VIOLATED)
_1593_/A1                               0.750000    0.758402   -0.008402 (VIOLATED)
hold259/X                               0.750000    0.758402   -0.008402 (VIOLATED)
hold810/A                               0.750000    0.758402   -0.008402 (VIOLATED)
_1486_/A1                               0.750000    0.757436   -0.007436 (VIOLATED)
_1398_/B2                               0.750000    0.757434   -0.007434 (VIOLATED)
_1569_/A1                               0.750000    0.757432   -0.007432 (VIOLATED)
_1355_/B2                               0.750000    0.757430   -0.007431 (VIOLATED)
_1441_/B2                               0.750000    0.757417   -0.007417 (VIOLATED)
_1529_/A1                               0.750000    0.757415   -0.007416 (VIOLATED)
_1310_/A1                               0.750000    0.757401   -0.007401 (VIOLATED)
_1620_/A1                               0.750000    0.757391   -0.007391 (VIOLATED)
hold275/X                               0.750000    0.757381   -0.007381 (VIOLATED)
hold840/A                               0.750000    0.757381   -0.007381 (VIOLATED)
_1426_/B2                               0.750000    0.754390   -0.004390 (VIOLATED)
_1388_/B2                               0.750000    0.754387   -0.004387 (VIOLATED)
_1476_/B2                               0.750000    0.754383   -0.004383 (VIOLATED)
_1514_/A1                               0.750000    0.754376   -0.004376 (VIOLATED)
_1345_/A1                               0.750000    0.754366   -0.004366 (VIOLATED)
_1647_/B2                               0.750000    0.754365   -0.004365 (VIOLATED)
_1560_/A1                               0.750000    0.754343   -0.004343 (VIOLATED)
_1605_/A1                               0.750000    0.754341   -0.004341 (VIOLATED)
hold225/X                               0.750000    0.754341   -0.004341 (VIOLATED)
hold768/A                               0.750000    0.754341   -0.004341 (VIOLATED)
_1493_/A1                               0.750000    0.753257   -0.003257 (VIOLATED)
_1450_/A1                               0.750000    0.753255   -0.003255 (VIOLATED)
_1405_/B2                               0.750000    0.753251   -0.003251 (VIOLATED)
_1539_/A1                               0.750000    0.753240   -0.003240 (VIOLATED)
_1366_/B2                               0.750000    0.753230   -0.003230 (VIOLATED)
_1319_/A1                               0.750000    0.753223   -0.003223 (VIOLATED)
_1582_/A1                               0.750000    0.753216   -0.003216 (VIOLATED)
_1628_/B2                               0.750000    0.753212   -0.003212 (VIOLATED)
hold263/X                               0.750000    0.753212   -0.003212 (VIOLATED)
hold819/A                               0.750000    0.753212   -0.003212 (VIOLATED)

max fanout

Pin                                   Limit Fanout  Slack
---------------------------------------------------------
clkbuf_0_wb_clk_i/X                      10     33    -23 (VIOLATED)
fanout221/X                              10     21    -11 (VIOLATED)
fanout226/X                              10     21    -11 (VIOLATED)
fanout302/X                              10     21    -11 (VIOLATED)
fanout334/X                              10     21    -11 (VIOLATED)
clkbuf_4_0_0_wb_clk_i/X                  10     15     -5 (VIOLATED)
fanout329/X                              10     15     -5 (VIOLATED)
clkbuf_4_8_0_wb_clk_i/X                  10     14     -4 (VIOLATED)
clkbuf_4_12_0_wb_clk_i/X                 10     13     -3 (VIOLATED)
clkbuf_4_14_0_wb_clk_i/X                 10     13     -3 (VIOLATED)
clkbuf_4_9_0_wb_clk_i/X                  10     13     -3 (VIOLATED)
clkbuf_4_13_0_wb_clk_i/X                 10     12     -2 (VIOLATED)
clkbuf_4_15_0_wb_clk_i/X                 10     12     -2 (VIOLATED)
clkbuf_4_10_0_wb_clk_i/X                 10     11        (VIOLATED)
clkbuf_4_1_0_wb_clk_i/X                  10     11        (VIOLATED)
clkbuf_4_3_0_wb_clk_i/X                  10     11        (VIOLATED)
fanout225/X                              10     11        (VIOLATED)
input26/X                                10     11        (VIOLATED)

max capacitance

Pin                                        Limit         Cap       Slack
------------------------------------------------------------------------
clkbuf_0_wb_clk_i/X                     0.200000    0.227331   -0.027331 (VIOLATED)



===========================================================================
report_parasitic_annotation -report_unannotated
============================================================================
Found 169 unannotated drivers.
 VDDA
 VDDC
 VSS
 slave_0_dat_i[10]
 slave_0_dat_i[11]
 slave_0_dat_i[12]
 slave_0_dat_i[13]
 slave_0_dat_i[14]
 slave_0_dat_i[15]
 slave_0_dat_i[16]
 slave_0_dat_i[17]
 slave_0_dat_i[18]
 slave_0_dat_i[19]
 slave_0_dat_i[1]
 slave_0_dat_i[20]
 slave_0_dat_i[21]
 slave_0_dat_i[22]
 slave_0_dat_i[23]
 slave_0_dat_i[24]
 slave_0_dat_i[25]
 slave_0_dat_i[26]
 slave_0_dat_i[27]
 slave_0_dat_i[28]
 slave_0_dat_i[29]
 slave_0_dat_i[2]
 slave_0_dat_i[30]
 slave_0_dat_i[31]
 slave_0_dat_i[3]
 slave_0_dat_i[4]
 slave_0_dat_i[5]
 slave_0_dat_i[6]
 slave_0_dat_i[7]
 slave_0_dat_i[8]
 slave_0_dat_i[9]
 slave_1_dat_i[10]
 slave_1_dat_i[11]
 slave_1_dat_i[12]
 slave_1_dat_i[13]
 slave_1_dat_i[14]
 slave_1_dat_i[15]
 slave_1_dat_i[16]
 slave_1_dat_i[17]
 slave_1_dat_i[18]
 slave_1_dat_i[19]
 slave_1_dat_i[1]
 slave_1_dat_i[20]
 slave_1_dat_i[21]
 slave_1_dat_i[22]
 slave_1_dat_i[23]
 slave_1_dat_i[24]
 slave_1_dat_i[25]
 slave_1_dat_i[26]
 slave_1_dat_i[27]
 slave_1_dat_i[28]
 slave_1_dat_i[29]
 slave_1_dat_i[2]
 slave_1_dat_i[30]
 slave_1_dat_i[31]
 slave_1_dat_i[3]
 slave_1_dat_i[4]
 slave_1_dat_i[5]
 slave_1_dat_i[6]
 slave_1_dat_i[7]
 slave_1_dat_i[8]
 slave_1_dat_i[9]
 slave_2_dat_i[10]
 slave_2_dat_i[11]
 slave_2_dat_i[12]
 slave_2_dat_i[13]
 slave_2_dat_i[14]
 slave_2_dat_i[15]
 slave_2_dat_i[16]
 slave_2_dat_i[17]
 slave_2_dat_i[18]
 slave_2_dat_i[19]
 slave_2_dat_i[1]
 slave_2_dat_i[20]
 slave_2_dat_i[21]
 slave_2_dat_i[22]
 slave_2_dat_i[23]
 slave_2_dat_i[24]
 slave_2_dat_i[25]
 slave_2_dat_i[26]
 slave_2_dat_i[27]
 slave_2_dat_i[28]
 slave_2_dat_i[29]
 slave_2_dat_i[2]
 slave_2_dat_i[30]
 slave_2_dat_i[31]
 slave_2_dat_i[3]
 slave_2_dat_i[4]
 slave_2_dat_i[5]
 slave_2_dat_i[6]
 slave_2_dat_i[7]
 slave_2_dat_i[8]
 slave_2_dat_i[9]
 slave_3_dat_i[10]
 slave_3_dat_i[11]
 slave_3_dat_i[12]
 slave_3_dat_i[13]
 slave_3_dat_i[14]
 slave_3_dat_i[15]
 slave_3_dat_i[16]
 slave_3_dat_i[17]
 slave_3_dat_i[18]
 slave_3_dat_i[19]
 slave_3_dat_i[1]
 slave_3_dat_i[20]
 slave_3_dat_i[21]
 slave_3_dat_i[22]
 slave_3_dat_i[23]
 slave_3_dat_i[24]
 slave_3_dat_i[25]
 slave_3_dat_i[26]
 slave_3_dat_i[27]
 slave_3_dat_i[28]
 slave_3_dat_i[29]
 slave_3_dat_i[2]
 slave_3_dat_i[30]
 slave_3_dat_i[31]
 slave_3_dat_i[3]
 slave_3_dat_i[4]
 slave_3_dat_i[5]
 slave_3_dat_i[6]
 slave_3_dat_i[7]
 slave_3_dat_i[8]
 slave_3_dat_i[9]
 wbs_adr_i[10]
 wbs_adr_i[11]
 wbs_adr_i[16]
 wbs_adr_i[17]
 wbs_adr_i[18]
 wbs_adr_i[19]
 wbs_adr_i[20]
 wbs_adr_i[21]
 wbs_adr_i[22]
 wbs_adr_i[23]
 wbs_adr_i[24]
 wbs_adr_i[25]
 wbs_adr_i[26]
 wbs_adr_i[27]
 wbs_adr_i[28]
 wbs_adr_i[29]
 wbs_adr_i[30]
 wbs_adr_i[31]
 wbs_adr_i[4]
 wbs_adr_i[5]
 wbs_adr_i[6]
 wbs_adr_i[7]
 wbs_adr_i[8]
 wbs_adr_i[9]
 wbs_sel_i[1]
 wbs_sel_i[2]
 wbs_sel_i[3]
 clkload0/Y
 clkload1/Y
 clkload10/Y
 clkload11/Y
 clkload12/Y
 clkload13/Y
 clkload14/Y
 clkload2/Y
 clkload3/Y
 clkload4/Y
 clkload5/Y
 clkload6/Y
 clkload7/X
 clkload8/Y
 clkload9/Y
Found 0 partially unannotated drivers.

===========================================================================
max slew violation count 454
max fanout violation count 18
max cap violation count 1
============================================================================

===========================================================================
check_setup -verbose -unconstrained_endpoints -multiple_clock -no_clock -no_input_delay -loops -generated_clocks
===========================================================================
Warning: There are 3 unconstrained endpoints.
  VDDA
  VDDC
  VSS
