
===========================================================================
report_checks -unconstrained
===========================================================================
======================= min_tt_025C_1v80 Corner ===================================

Startpoint: wb_rst_i (input port clocked by wb_clk_i)
Endpoint: core/_2306_ (recovery check against rising-edge clock wb_clk_i)
Path Group: asynchronous
Path Type: max

Fanout         Cap        Slew       Delay        Time   Description
---------------------------------------------------------------------------------------------
                                  0.000000    0.000000   clock wb_clk_i (rise edge)
                                  5.570000    5.570000   clock network delay (propagated)
                                 12.500000   18.070000 v input external delay
     6    0.986457    0.000000    0.000000   18.070000 v wb_rst_i (in)
                                                         wb_rst_i (net)
                      1.832815    0.916408   18.986408 v core/input9/A (sky130_fd_sc_hd__buf_1)
     1    0.012675    0.105033    0.495147   19.481554 v core/input9/X (sky130_fd_sc_hd__buf_1)
                                                         core/net9 (net)
                      0.105035    0.000631   19.482185 v core/fanout329/A (sky130_fd_sc_hd__buf_4)
    15    0.090778    0.118923    0.243384   19.725569 v core/fanout329/X (sky130_fd_sc_hd__buf_4)
                                                         core/net329 (net)
                      0.120367    0.010518   19.736088 v core/fanout328/A (sky130_fd_sc_hd__clkbuf_4)
     5    0.046237    0.100999    0.233303   19.969391 v core/fanout328/X (sky130_fd_sc_hd__clkbuf_4)
                                                         core/net328 (net)
                      0.100999    0.000083   19.969473 v core/fanout325/A (sky130_fd_sc_hd__clkbuf_4)
     8    0.049274    0.106688    0.230150   20.199623 v core/fanout325/X (sky130_fd_sc_hd__clkbuf_4)
                                                         core/net325 (net)
                      0.106738    0.002141   20.201765 v core/fanout323/A (sky130_fd_sc_hd__buf_4)
    10    0.060498    0.085116    0.222732   20.424496 v core/fanout323/X (sky130_fd_sc_hd__buf_4)
                                                         core/net323 (net)
                      0.085158    0.001787   20.426283 v core/_2144_/A (sky130_fd_sc_hd__inv_2)
     1    0.004457    0.036255    0.061522   20.487806 ^ core/_2144_/Y (sky130_fd_sc_hd__inv_2)
                                                         core/_0082_ (net)
                      0.036255    0.000041   20.487846 ^ core/_2306_/RESET_B (sky130_fd_sc_hd__dfrtp_4)
                                             20.487846   data arrival time

                                 25.000000   25.000000   clock wb_clk_i (rise edge)
                                  4.650000   29.650000   clock source latency
     6    0.560375    0.610000    0.000000   29.650000 ^ wb_clk_i (in)
                                                         wb_clk_i (net)
                      1.736065    0.563032   30.213032 ^ core/clkbuf_0_wb_clk_i/A (sky130_fd_sc_hd__clkbuf_16)
    33    0.203020    0.228954    0.503668   30.716700 ^ core/clkbuf_0_wb_clk_i/X (sky130_fd_sc_hd__clkbuf_16)
                                                         core/clknet_0_wb_clk_i (net)
                      0.229113    0.005553   30.722252 ^ core/clkbuf_4_13_0_wb_clk_i/A (sky130_fd_sc_hd__clkbuf_8)
    12    0.042172    0.086847    0.221622   30.943874 ^ core/clkbuf_4_13_0_wb_clk_i/X (sky130_fd_sc_hd__clkbuf_8)
                                                         core/clknet_4_13_0_wb_clk_i (net)
                      0.086847    0.000391   30.944265 ^ core/_2306_/CLK (sky130_fd_sc_hd__dfrtp_4)
                                 -0.250000   30.694263   clock uncertainty
                                  0.000000   30.694263   clock reconvergence pessimism
                                  0.232926   30.927191   library recovery time
                                             30.927191   data required time
---------------------------------------------------------------------------------------------
                                             30.927191   data required time
                                            -20.487846   data arrival time
---------------------------------------------------------------------------------------------
                                             10.439343   slack (MET)


Startpoint: wb_rst_i (input port clocked by wb_clk_i)
Endpoint: mprj1 (rising edge-triggered flip-flop clocked by wb_clk_i)
Path Group: wb_clk_i
Path Type: max

Fanout         Cap        Slew       Delay        Time   Description
---------------------------------------------------------------------------------------------
                                  0.000000    0.000000   clock wb_clk_i (rise edge)
                                  5.570000    5.570000   clock network delay (propagated)
                                 12.500000   18.070000 ^ input external delay
     6    0.986676    0.000000    0.000000   18.070000 ^ wb_rst_i (in)
                                                         wb_rst_i (net)
                      1.536114    0.768058   18.838057 ^ mprj1/wb_rst_i (Neuromorphic_X1_wb)
                                             18.838057   data arrival time

                                 25.000000   25.000000   clock wb_clk_i (rise edge)
                                  4.650000   29.650000   clock source latency
     6    0.560375    0.610000    0.000000   29.650000 ^ wb_clk_i (in)
                                                         wb_clk_i (net)
                      1.599349    0.494675   30.144674 ^ mprj1/wb_clk_i (Neuromorphic_X1_wb)
                                 -0.250000   29.894672   clock uncertainty
                                  0.000000   29.894672   clock reconvergence pessimism
                                 -1.013759   28.880913   library setup time
                                             28.880913   data required time
---------------------------------------------------------------------------------------------
                                             28.880913   data required time
                                            -18.838057   data arrival time
---------------------------------------------------------------------------------------------
                                             10.042855   slack (MET)




===========================================================================
report_checks --slack_max -0.01
============================================================================
======================= min_tt_025C_1v80 Corner ===================================

No paths found.


===========================================================================
 report_check_types -max_slew -max_cap -max_fanout -violators
============================================================================
======================= min_tt_025C_1v80 Corner ===================================

max slew

Pin                                        Limit        Slew       Slack
------------------------------------------------------------------------
wbs_dat_o[31]                           0.500000    3.684494   -3.184494 (VIOLATED)
wbs_dat_o[4]                            0.500000    3.553573   -3.053573 (VIOLATED)
wbs_dat_o[27]                           0.500000    3.536081   -3.036081 (VIOLATED)
wbs_dat_o[3]                            0.500000    3.420887   -2.920887 (VIOLATED)
core/output195/X                        0.500000    3.380478   -2.880478 (VIOLATED)
wbs_dat_o[11]                           0.500000    3.360324   -2.860324 (VIOLATED)
wbs_dat_o[13]                           0.500000    3.280399   -2.780399 (VIOLATED)
core/output173/X                        0.500000    3.172733   -2.672733 (VIOLATED)
wbs_dat_o[0]                            0.500000    3.166506   -2.666506 (VIOLATED)
wbs_dat_o[24]                           0.500000    3.127938   -2.627938 (VIOLATED)
wbs_dat_o[1]                            0.500000    3.111150   -2.611150 (VIOLATED)
wbs_dat_o[28]                           0.500000    3.106586   -2.606586 (VIOLATED)
core/output175/X                        0.500000    3.100471   -2.600471 (VIOLATED)
wbs_ack_o                               0.500000    3.099156   -2.599156 (VIOLATED)
core/output182/X                        0.500000    3.074438   -2.574438 (VIOLATED)
core/output171/X                        0.500000    3.047513   -2.547513 (VIOLATED)
core/output187/X                        0.500000    2.942526   -2.442526 (VIOLATED)
core/output197/X                        0.500000    2.935359   -2.435359 (VIOLATED)
wbs_dat_o[23]                           0.500000    2.935105   -2.435105 (VIOLATED)
wbs_dat_o[7]                            0.500000    2.930204   -2.430204 (VIOLATED)
core/output190/X                        0.500000    2.922000   -2.422000 (VIOLATED)
wbs_dat_o[10]                           0.500000    2.903693   -2.403693 (VIOLATED)
core/output170/X                        0.500000    2.898598   -2.398598 (VIOLATED)
core/output191/X                        0.500000    2.861608   -2.361608 (VIOLATED)
wbs_dat_o[18]                           0.500000    2.839012   -2.339012 (VIOLATED)
wbs_dat_o[25]                           0.500000    2.792050   -2.292050 (VIOLATED)
wbs_dat_o[8]                            0.500000    2.787888   -2.287888 (VIOLATED)
wbs_dat_o[17]                           0.500000    2.755564   -2.255563 (VIOLATED)
core/output172/X                        0.500000    2.748534   -2.248534 (VIOLATED)
core/output196/X                        0.500000    2.715974   -2.215974 (VIOLATED)
core/output180/X                        0.500000    2.694327   -2.194327 (VIOLATED)
core/output200/X                        0.500000    2.691870   -2.191870 (VIOLATED)
wbs_dat_o[12]                           0.500000    2.690422   -2.190422 (VIOLATED)
core/output186/X                        0.500000    2.678165   -2.178165 (VIOLATED)
wbs_dat_o[16]                           0.500000    2.678117   -2.178116 (VIOLATED)
wbs_dat_o[20]                           0.500000    2.677061   -2.177061 (VIOLATED)
wbs_dat_o[14]                           0.500000    2.670573   -2.170573 (VIOLATED)
core/output176/X                        0.500000    2.653777   -2.153777 (VIOLATED)
wbs_dat_o[15]                           0.500000    2.648535   -2.148535 (VIOLATED)
wbs_dat_o[19]                           0.500000    2.605877   -2.105877 (VIOLATED)
core/output201/X                        0.500000    2.605277   -2.105276 (VIOLATED)
wbs_dat_o[21]                           0.500000    2.583772   -2.083772 (VIOLATED)
core/output179/X                        0.500000    2.559386   -2.059385 (VIOLATED)
core/output188/X                        0.500000    2.536053   -2.036053 (VIOLATED)
wbs_dat_o[22]                           0.500000    2.515485   -2.015485 (VIOLATED)
core/output174/X                        0.500000    2.508612   -2.008612 (VIOLATED)
core/output178/X                        0.500000    2.499660   -1.999660 (VIOLATED)
core/output183/X                        0.500000    2.492004   -1.992004 (VIOLATED)
core/output177/X                        0.500000    2.473319   -1.973319 (VIOLATED)
core/output181/X                        0.500000    2.436589   -1.936589 (VIOLATED)
core/output184/X                        0.500000    2.419605   -1.919605 (VIOLATED)
wbs_dat_o[2]                            0.500000    2.370877   -1.870877 (VIOLATED)
core/output185/X                        0.500000    2.368148   -1.868148 (VIOLATED)
wbs_dat_o[5]                            0.500000    2.365170   -1.865170 (VIOLATED)
wbs_dat_o[6]                            0.500000    2.335905   -1.835905 (VIOLATED)
wbs_dat_o[9]                            0.500000    2.317921   -1.817921 (VIOLATED)
mprj/wbs_adr_i[5]                       0.500000    2.228297   -1.728297 (VIOLATED)
core/output193/X                        0.500000    2.221340   -1.721340 (VIOLATED)
core/output198/X                        0.500000    2.214341   -1.714341 (VIOLATED)
core/output199/X                        0.500000    2.198830   -1.698830 (VIOLATED)
core/output202/X                        0.500000    2.170344   -1.670344 (VIOLATED)
wbs_dat_o[26]                           0.500000    2.143763   -1.643763 (VIOLATED)
wbs_dat_o[29]                           0.500000    2.137784   -1.637784 (VIOLATED)
core/output189/X                        0.500000    2.133837   -1.633837 (VIOLATED)
core/output192/X                        0.500000    2.127234   -1.627234 (VIOLATED)
wbs_dat_o[30]                           0.500000    2.122274   -1.622274 (VIOLATED)
core/output194/X                        0.500000    2.113952   -1.613952 (VIOLATED)
core/input15/A                          0.500000    2.086608   -1.586608 (VIOLATED)
core/ANTENNA_input15_A/DIODE            0.500000    2.086596   -1.586596 (VIOLATED)
core/ANTENNA_input26_A/DIODE            0.500000    2.085846   -1.585846 (VIOLATED)
core/input26/A                          0.500000    2.085845   -1.585845 (VIOLATED)
core/ANTENNA_input17_A/DIODE            0.500000    2.041405   -1.541405 (VIOLATED)
core/input17/A                          0.500000    2.041406   -1.541406 (VIOLATED)
mprj1/wbs_adr_i[5]                      0.500000    2.028763   -1.528763 (VIOLATED)
mprj/wbs_adr_i[1]                       0.500000    2.022517   -1.522517 (VIOLATED)
mprj/wbs_adr_i[3]                       0.500000    1.990891   -1.490891 (VIOLATED)
mprj/wbs_dat_i[1]                       0.500000    1.986079   -1.486079 (VIOLATED)
mprj/wbs_adr_i[4]                       0.500000    1.981686   -1.481686 (VIOLATED)
core/ANTENNA_input11_A/DIODE            0.500000    1.968741   -1.468740 (VIOLATED)
core/input11/A                          0.500000    1.968742   -1.468742 (VIOLATED)
mprj/wbs_adr_i[16]                      0.500000    1.959628   -1.459628 (VIOLATED)
core/ANTENNA__2412__A/DIODE             0.500000    1.954658   -1.454658 (VIOLATED)
core/ANTENNA__2444__A/DIODE             0.500000    1.954659   -1.454659 (VIOLATED)
core/_2444_/A                           0.500000    1.954655   -1.454655 (VIOLATED)
core/_2412_/A                           0.500000    1.954648   -1.454648 (VIOLATED)
core/_2476_/A                           0.500000    1.954634   -1.454634 (VIOLATED)
core/_2508_/A                           0.500000    1.954618   -1.454618 (VIOLATED)
core/ANTENNA__2476__A/DIODE             0.500000    1.954604   -1.454604 (VIOLATED)
core/ANTENNA__2508__A/DIODE             0.500000    1.954602   -1.454602 (VIOLATED)
mprj/wbs_adr_i[11]                      0.500000    1.941806   -1.441806 (VIOLATED)
mprj1/wbs_dat_i[1]                      0.500000    1.932400   -1.432400 (VIOLATED)
core/ANTENNA_input19_A/DIODE            0.500000    1.923412   -1.423412 (VIOLATED)
core/input19/A                          0.500000    1.923414   -1.423414 (VIOLATED)
mprj/wbs_adr_i[12]                      0.500000    1.920630   -1.420629 (VIOLATED)
mprj/wbs_adr_i[7]                       0.500000    1.911851   -1.411851 (VIOLATED)
mprj/wbs_adr_i[10]                      0.500000    1.873242   -1.373242 (VIOLATED)
mprj/wbs_dat_i[0]                       0.500000    1.862065   -1.362065 (VIOLATED)
mprj1/wbs_adr_i[1]                      0.500000    1.855750   -1.355750 (VIOLATED)
mprj1/wbs_adr_i[3]                      0.500000    1.845018   -1.345018 (VIOLATED)
core/ANTENNA_input9_A/DIODE             0.500000    1.833532   -1.333532 (VIOLATED)
core/input9/A                           0.500000    1.833533   -1.333533 (VIOLATED)
mprj1/wbs_adr_i[4]                      0.500000    1.825369   -1.325369 (VIOLATED)
mprj1/wbs_dat_i[0]                      0.500000    1.820592   -1.320592 (VIOLATED)
mprj/wbs_dat_i[30]                      0.500000    1.817468   -1.317468 (VIOLATED)
mprj1/wbs_dat_i[30]                     0.500000    1.793044   -1.293044 (VIOLATED)
mprj1/wbs_cyc_i                         0.500000    1.783328   -1.283328 (VIOLATED)
core/ANTENNA_input34_A/DIODE            0.500000    1.775450   -1.275450 (VIOLATED)
core/input34/A                          0.500000    1.775450   -1.275450 (VIOLATED)
mprj1/wbs_adr_i[16]                     0.500000    1.771117   -1.271117 (VIOLATED)
mprj/user_rst                           0.500000    1.765534   -1.265534 (VIOLATED)
mprj/wb_rst_i                           0.500000    1.764931   -1.264931 (VIOLATED)
mprj/wbs_cyc_i                          0.500000    1.764537   -1.264537 (VIOLATED)
mprj1/wbs_adr_i[11]                     0.500000    1.763366   -1.263366 (VIOLATED)
mprj1/wbs_adr_i[12]                     0.500000    1.740281   -1.240281 (VIOLATED)
mprj1/wbs_adr_i[7]                      0.500000    1.740246   -1.240246 (VIOLATED)
core/clkbuf_0_wb_clk_i/A                0.500000    1.736065   -1.236065 (VIOLATED)
core/ANTENNA_clkbuf_0_wb_clk_i_A/DIODE    0.500000    1.736007   -1.236007 (VIOLATED)
mprj1/wbs_adr_i[10]                     0.500000    1.734160   -1.234160 (VIOLATED)
core/output167/X                        0.500000    1.732204   -1.232204 (VIOLATED)
mprj/wbs_adr_i[21]                      0.500000    1.716863   -1.216863 (VIOLATED)
core/input10/A                          0.500000    1.656477   -1.156477 (VIOLATED)
core/ANTENNA_input10_A/DIODE            0.500000    1.656473   -1.156473 (VIOLATED)
mprj1/wbs_stb_i                         0.500000    1.636029   -1.136029 (VIOLATED)
mprj/wbs_dat_i[8]                       0.500000    1.633444   -1.133444 (VIOLATED)
mprj1/wbs_dat_i[8]                      0.500000    1.626062   -1.126062 (VIOLATED)
mprj/user_clk                           0.500000    1.625100   -1.125100 (VIOLATED)
mprj/wb_clk_i                           0.500000    1.625050   -1.125050 (VIOLATED)
mprj/wbs_stb_i                          0.500000    1.619555   -1.119555 (VIOLATED)
core/ANTENNA__2445__A/DIODE             0.500000    1.604386   -1.104386 (VIOLATED)
core/ANTENNA__2413__A/DIODE             0.500000    1.604385   -1.104385 (VIOLATED)
core/_2445_/A                           0.500000    1.604382   -1.104382 (VIOLATED)
core/_2413_/A                           0.500000    1.604373   -1.104373 (VIOLATED)
core/_2477_/A                           0.500000    1.604358   -1.104358 (VIOLATED)
core/_2509_/A                           0.500000    1.604345   -1.104345 (VIOLATED)
core/ANTENNA__2509__A/DIODE             0.500000    1.604331   -1.104331 (VIOLATED)
core/ANTENNA__2477__A/DIODE             0.500000    1.604303   -1.104303 (VIOLATED)
mprj1/wb_clk_i                          0.500000    1.599349   -1.099349 (VIOLATED)
mprj1/user_clk                          0.500000    1.599241   -1.099241 (VIOLATED)
mprj1/wbs_adr_i[21]                     0.500000    1.591802   -1.091802 (VIOLATED)
core/output168/X                        0.500000    1.589654   -1.089654 (VIOLATED)
mprj/wbs_adr_i[0]                       0.500000    1.578251   -1.078251 (VIOLATED)
core/ANTENNA__2403__A/DIODE             0.500000    1.565371   -1.065371 (VIOLATED)
core/_2403_/A                           0.500000    1.565363   -1.065363 (VIOLATED)
core/_2435_/A                           0.500000    1.565351   -1.065351 (VIOLATED)
core/ANTENNA__2435__A/DIODE             0.500000    1.565343   -1.065343 (VIOLATED)
core/ANTENNA__2499__A/DIODE             0.500000    1.560854   -1.060854 (VIOLATED)
core/_2499_/A                           0.500000    1.560828   -1.060828 (VIOLATED)
core/_2467_/A                           0.500000    1.560705   -1.060705 (VIOLATED)
core/ANTENNA__2467__A/DIODE             0.500000    1.560679   -1.060679 (VIOLATED)
core/_2507_/A                           0.500000    1.560540   -1.060540 (VIOLATED)
core/ANTENNA__2507__A/DIODE             0.500000    1.560529   -1.060529 (VIOLATED)
core/_2443_/A                           0.500000    1.560528   -1.060528 (VIOLATED)
core/ANTENNA__2443__A/DIODE             0.500000    1.560517   -1.060517 (VIOLATED)
core/_2475_/A                           0.500000    1.560511   -1.060511 (VIOLATED)
core/_2411_/A                           0.500000    1.560503   -1.060503 (VIOLATED)
core/ANTENNA__2475__A/DIODE             0.500000    1.560443   -1.060443 (VIOLATED)
core/ANTENNA__2411__A/DIODE             0.500000    1.560413   -1.060413 (VIOLATED)
core/input12/A                          0.500000    1.553606   -1.053606 (VIOLATED)
core/ANTENNA_input12_A/DIODE            0.500000    1.553605   -1.053605 (VIOLATED)
core/input14/A                          0.500000    1.543802   -1.043802 (VIOLATED)
core/ANTENNA_input14_A/DIODE            0.500000    1.543800   -1.043800 (VIOLATED)
mprj1/wb_rst_i                          0.500000    1.536114   -1.036114 (VIOLATED)
mprj1/user_rst                          0.500000    1.535889   -1.035889 (VIOLATED)
mprj1/wbs_we_i                          0.500000    1.530361   -1.030361 (VIOLATED)
core/ANTENNA__2409__A/DIODE             0.500000    1.516993   -1.016993 (VIOLATED)
core/_2409_/A                           0.500000    1.516993   -1.016993 (VIOLATED)
core/_2505_/A                           0.500000    1.516986   -1.016986 (VIOLATED)
core/_2441_/A                           0.500000    1.516974   -1.016974 (VIOLATED)
core/_2473_/A                           0.500000    1.516950   -1.016950 (VIOLATED)
core/ANTENNA__2473__A/DIODE             0.500000    1.516948   -1.016949 (VIOLATED)
core/ANTENNA__2505__A/DIODE             0.500000    1.516939   -1.016939 (VIOLATED)
core/ANTENNA__2441__A/DIODE             0.500000    1.516938   -1.016938 (VIOLATED)
core/_2399_/A                           0.500000    1.516597   -1.016597 (VIOLATED)
core/_2495_/A                           0.500000    1.516588   -1.016588 (VIOLATED)
core/ANTENNA__2399__A/DIODE             0.500000    1.516586   -1.016586 (VIOLATED)
core/ANTENNA__2495__A/DIODE             0.500000    1.516584   -1.016584 (VIOLATED)
core/_2431_/A                           0.500000    1.516570   -1.016570 (VIOLATED)
core/ANTENNA__2431__A/DIODE             0.500000    1.516560   -1.016560 (VIOLATED)
core/_2463_/A                           0.500000    1.516560   -1.016560 (VIOLATED)
core/ANTENNA__2463__A/DIODE             0.500000    1.516551   -1.016551 (VIOLATED)
mprj/wbs_we_i                           0.500000    1.510229   -1.010229 (VIOLATED)
mprj/wbs_adr_i[13]                      0.500000    1.493822   -0.993822 (VIOLATED)
mprj/wbs_adr_i[17]                      0.500000    1.493585   -0.993585 (VIOLATED)
core/input28/A                          0.500000    1.485392   -0.985392 (VIOLATED)
core/ANTENNA_input28_A/DIODE            0.500000    1.485391   -0.985391 (VIOLATED)
core/output169/X                        0.500000    1.484046   -0.984046 (VIOLATED)
core/ANTENNA_input24_A/DIODE            0.500000    1.474800   -0.974800 (VIOLATED)
core/input24/A                          0.500000    1.474799   -0.974799 (VIOLATED)
mprj/wbs_adr_i[15]                      0.500000    1.471699   -0.971699 (VIOLATED)
mprj/wbs_adr_i[24]                      0.500000    1.470863   -0.970863 (VIOLATED)
core/input13/A                          0.500000    1.466744   -0.966744 (VIOLATED)
core/ANTENNA_input13_A/DIODE            0.500000    1.466743   -0.966743 (VIOLATED)
core/input27/A                          0.500000    1.442234   -0.942234 (VIOLATED)
core/ANTENNA_input27_A/DIODE            0.500000    1.442232   -0.942232 (VIOLATED)
mprj1/wbs_dat_i[31]                     0.500000    1.430801   -0.930801 (VIOLATED)
core/_2430_/A                           0.500000    1.428084   -0.928084 (VIOLATED)
core/ANTENNA__2430__A/DIODE             0.500000    1.428074   -0.928074 (VIOLATED)
core/_2494_/A                           0.500000    1.428074   -0.928074 (VIOLATED)
core/ANTENNA__2494__A/DIODE             0.500000    1.428065   -0.928065 (VIOLATED)
mprj/wbs_adr_i[18]                      0.500000    1.428063   -0.928063 (VIOLATED)
core/_2462_/A                           0.500000    1.427993   -0.927993 (VIOLATED)
core/_2398_/A                           0.500000    1.427988   -0.927988 (VIOLATED)
core/ANTENNA__2398__A/DIODE             0.500000    1.427979   -0.927979 (VIOLATED)
core/ANTENNA__2462__A/DIODE             0.500000    1.427977   -0.927977 (VIOLATED)
mprj/wbs_adr_i[25]                      0.500000    1.426992   -0.926992 (VIOLATED)
core/_2464_/A                           0.500000    1.420091   -0.920091 (VIOLATED)
core/_2496_/A                           0.500000    1.420086   -0.920086 (VIOLATED)
core/ANTENNA__2464__A/DIODE             0.500000    1.420075   -0.920075 (VIOLATED)
core/ANTENNA__2496__A/DIODE             0.500000    1.420069   -0.920069 (VIOLATED)
core/ANTENNA_input25_A/DIODE            0.500000    1.419011   -0.919011 (VIOLATED)
core/input25/A                          0.500000    1.419010   -0.919010 (VIOLATED)
mprj/wbs_adr_i[6]                       0.500000    1.418492   -0.918492 (VIOLATED)
core/_2400_/A                           0.500000    1.418000   -0.918000 (VIOLATED)
core/_2432_/A                           0.500000    1.417858   -0.917858 (VIOLATED)
core/ANTENNA__2400__A/DIODE             0.500000    1.417706   -0.917706 (VIOLATED)
core/ANTENNA__2432__A/DIODE             0.500000    1.417621   -0.917621 (VIOLATED)
core/_2404_/A                           0.500000    1.411966   -0.911966 (VIOLATED)
core/ANTENNA__2404__A/DIODE             0.500000    1.411955   -0.911955 (VIOLATED)
core/_2500_/A                           0.500000    1.411955   -0.911955 (VIOLATED)
core/ANTENNA__2500__A/DIODE             0.500000    1.411944   -0.911944 (VIOLATED)
core/_2436_/A                           0.500000    1.411932   -0.911932 (VIOLATED)
core/ANTENNA__2436__A/DIODE             0.500000    1.411922   -0.911922 (VIOLATED)
core/_2468_/A                           0.500000    1.411914   -0.911914 (VIOLATED)
core/ANTENNA__2468__A/DIODE             0.500000    1.411904   -0.911904 (VIOLATED)
mprj/wbs_adr_i[14]                      0.500000    1.411453   -0.911453 (VIOLATED)
mprj/wbs_adr_i[19]                      0.500000    1.410491   -0.910491 (VIOLATED)
mprj/wbs_adr_i[31]                      0.500000    1.406567   -0.906567 (VIOLATED)
core/ANTENNA_input30_A/DIODE            0.500000    1.403127   -0.903127 (VIOLATED)
core/input30/A                          0.500000    1.403127   -0.903127 (VIOLATED)
mprj/wbs_adr_i[27]                      0.500000    1.401088   -0.901088 (VIOLATED)
core/_2465_/A                           0.500000    1.399563   -0.899563 (VIOLATED)
core/_2497_/A                           0.500000    1.399561   -0.899561 (VIOLATED)
core/ANTENNA__2465__A/DIODE             0.500000    1.399549   -0.899549 (VIOLATED)
core/ANTENNA__2497__A/DIODE             0.500000    1.399542   -0.899542 (VIOLATED)
core/_2433_/A                           0.500000    1.399355   -0.899355 (VIOLATED)
core/ANTENNA__2433__A/DIODE             0.500000    1.399344   -0.899344 (VIOLATED)
core/_2401_/A                           0.500000    1.399282   -0.899282 (VIOLATED)
core/ANTENNA__2401__A/DIODE             0.500000    1.399231   -0.899231 (VIOLATED)
core/ANTENNA_input35_A/DIODE            0.500000    1.396777   -0.896777 (VIOLATED)
core/input35/A                          0.500000    1.396777   -0.896776 (VIOLATED)
core/_2472_/A                           0.500000    1.396514   -0.896514 (VIOLATED)
core/_2504_/A                           0.500000    1.396511   -0.896511 (VIOLATED)
core/ANTENNA__2472__A/DIODE             0.500000    1.396481   -0.896481 (VIOLATED)
core/ANTENNA__2504__A/DIODE             0.500000    1.396479   -0.896479 (VIOLATED)
core/_2440_/A                           0.500000    1.395470   -0.895470 (VIOLATED)
core/ANTENNA__2440__A/DIODE             0.500000    1.395460   -0.895460 (VIOLATED)
core/_2408_/A                           0.500000    1.395355   -0.895355 (VIOLATED)
core/ANTENNA__2408__A/DIODE             0.500000    1.395215   -0.895215 (VIOLATED)
core/input16/A                          0.500000    1.393960   -0.893960 (VIOLATED)
core/ANTENNA_input16_A/DIODE            0.500000    1.393937   -0.893937 (VIOLATED)
mprj1/wbs_adr_i[0]                      0.500000    1.392169   -0.892169 (VIOLATED)
mprj/wbs_adr_i[26]                      0.500000    1.391596   -0.891596 (VIOLATED)
mprj/wbs_adr_i[30]                      0.500000    1.387098   -0.887098 (VIOLATED)
mprj/wbs_adr_i[20]                      0.500000    1.374547   -0.874547 (VIOLATED)
mprj/wbs_dat_i[31]                      0.500000    1.371404   -0.871404 (VIOLATED)
mprj/wbs_dat_i[2]                       0.500000    1.364676   -0.864676 (VIOLATED)
mprj/wbs_dat_i[21]                      0.500000    1.364485   -0.864485 (VIOLATED)
mprj1/wbs_dat_i[21]                     0.500000    1.361508   -0.861507 (VIOLATED)
core/ANTENNA_input22_A/DIODE            0.500000    1.356635   -0.856635 (VIOLATED)
core/input22/A                          0.500000    1.356634   -0.856634 (VIOLATED)
mprj/wbs_adr_i[22]                      0.500000    1.344684   -0.844684 (VIOLATED)
mprj1/wbs_adr_i[17]                     0.500000    1.343315   -0.843315 (VIOLATED)
core/ANTENNA_input23_A/DIODE            0.500000    1.338138   -0.838138 (VIOLATED)
core/input23/A                          0.500000    1.338138   -0.838138 (VIOLATED)
mprj1/wbs_dat_i[2]                      0.500000    1.336387   -0.836387 (VIOLATED)
mprj/wbs_adr_i[2]                       0.500000    1.331618   -0.831618 (VIOLATED)
mprj1/wbs_adr_i[24]                     0.500000    1.329025   -0.829025 (VIOLATED)
mprj/wbs_dat_i[29]                      0.500000    1.327611   -0.827611 (VIOLATED)
mprj/wbs_dat_i[17]                      0.500000    1.325951   -0.825951 (VIOLATED)
core/input31/A                          0.500000    1.320554   -0.820554 (VIOLATED)
core/ANTENNA_input31_A/DIODE            0.500000    1.320553   -0.820553 (VIOLATED)
mprj1/wbs_dat_i[27]                     0.500000    1.319299   -0.819299 (VIOLATED)
mprj1/wbs_adr_i[13]                     0.500000    1.318653   -0.818653 (VIOLATED)
mprj1/wbs_dat_i[29]                     0.500000    1.317147   -0.817147 (VIOLATED)
mprj1/wbs_dat_i[17]                     0.500000    1.316632   -0.816631 (VIOLATED)
mprj/wbs_dat_i[14]                      0.500000    1.314899   -0.814899 (VIOLATED)
mprj1/wbs_dat_i[14]                     0.500000    1.311201   -0.811201 (VIOLATED)
mprj1/wbs_adr_i[15]                     0.500000    1.310416   -0.810416 (VIOLATED)
mprj/wbs_adr_i[23]                      0.500000    1.306620   -0.806620 (VIOLATED)
mprj/wbs_dat_i[13]                      0.500000    1.303208   -0.803208 (VIOLATED)
mprj1/wbs_adr_i[25]                     0.500000    1.303133   -0.803133 (VIOLATED)
core/input20/A                          0.500000    1.302467   -0.802467 (VIOLATED)
core/ANTENNA_input20_A/DIODE            0.500000    1.302466   -0.802466 (VIOLATED)
mprj1/wbs_dat_i[13]                     0.500000    1.299396   -0.799396 (VIOLATED)
mprj/wbs_dat_i[16]                      0.500000    1.297960   -0.797960 (VIOLATED)
mprj1/wbs_adr_i[18]                     0.500000    1.293961   -0.793961 (VIOLATED)
mprj1/wbs_dat_i[16]                     0.500000    1.288033   -0.788033 (VIOLATED)
mprj1/Vcc_wl_reset                      0.500000    1.284516   -0.784516 (VIOLATED)
mprj1/wbs_adr_i[19]                     0.500000    1.283863   -0.783863 (VIOLATED)
core/ANTENNA__2471__A/DIODE             0.500000    1.283071   -0.783071 (VIOLATED)
core/_2471_/A                           0.500000    1.283071   -0.783071 (VIOLATED)
core/_2407_/A                           0.500000    1.283065   -0.783065 (VIOLATED)
core/ANTENNA__2407__A/DIODE             0.500000    1.283056   -0.783056 (VIOLATED)
core/_2503_/A                           0.500000    1.283048   -0.783048 (VIOLATED)
core/_2439_/A                           0.500000    1.283029   -0.783029 (VIOLATED)
core/ANTENNA__2503__A/DIODE             0.500000    1.283008   -0.783008 (VIOLATED)
core/ANTENNA__2439__A/DIODE             0.500000    1.282994   -0.782994 (VIOLATED)
mprj1/wbs_adr_i[27]                     0.500000    1.282653   -0.782653 (VIOLATED)
mprj/wbs_dat_i[4]                       0.500000    1.282394   -0.782394 (VIOLATED)
mprj/wbs_dat_i[18]                      0.500000    1.281901   -0.781901 (VIOLATED)
mprj/wbs_dat_i[27]                      0.500000    1.281765   -0.781765 (VIOLATED)
mprj1/wbs_adr_i[31]                     0.500000    1.278832   -0.778832 (VIOLATED)
mprj/wbs_adr_i[28]                      0.500000    1.275833   -0.775833 (VIOLATED)
mprj1/wbs_dat_i[18]                     0.500000    1.275610   -0.775610 (VIOLATED)
mprj/wbs_dat_i[19]                      0.500000    1.273908   -0.773908 (VIOLATED)
mprj1/wbs_adr_i[26]                     0.500000    1.273034   -0.773034 (VIOLATED)
mprj/wbs_dat_i[15]                      0.500000    1.272509   -0.772509 (VIOLATED)
mprj/wbs_adr_i[29]                      0.500000    1.271507   -0.771507 (VIOLATED)
mprj1/wbs_dat_i[15]                     0.500000    1.269870   -0.769870 (VIOLATED)
mprj1/wbs_adr_i[30]                     0.500000    1.268770   -0.768770 (VIOLATED)
mprj1/wbs_dat_i[19]                     0.500000    1.268248   -0.768248 (VIOLATED)
mprj/wbs_dat_i[26]                      0.500000    1.267785   -0.767785 (VIOLATED)
mprj/wbs_dat_i[22]                      0.500000    1.266515   -0.766515 (VIOLATED)
core/_2406_/A                           0.500000    1.263737   -0.763737 (VIOLATED)
core/_2438_/A                           0.500000    1.263733   -0.763733 (VIOLATED)
core/_2470_/A                           0.500000    1.263726   -0.763726 (VIOLATED)
core/_2502_/A                           0.500000    1.263715   -0.763715 (VIOLATED)
core/ANTENNA__2406__A/DIODE             0.500000    1.263681   -0.763681 (VIOLATED)
core/ANTENNA__2438__A/DIODE             0.500000    1.263670   -0.763670 (VIOLATED)
core/ANTENNA__2470__A/DIODE             0.500000    1.263637   -0.763637 (VIOLATED)
core/ANTENNA__2502__A/DIODE             0.500000    1.263636   -0.763636 (VIOLATED)
mprj1/wbs_adr_i[20]                     0.500000    1.262361   -0.762361 (VIOLATED)
mprj1/wbs_dat_i[22]                     0.500000    1.260225   -0.760225 (VIOLATED)
mprj1/wbs_dat_i[26]                     0.500000    1.259713   -0.759713 (VIOLATED)
mprj/wbs_dat_i[20]                      0.500000    1.258987   -0.758987 (VIOLATED)
mprj1/wbs_dat_i[20]                     0.500000    1.258726   -0.758726 (VIOLATED)
mprj/wbs_dat_i[9]                       0.500000    1.255794   -0.755794 (VIOLATED)
mprj1/wbs_dat_i[9]                      0.500000    1.252857   -0.752857 (VIOLATED)
core/ANTENNA_input21_A/DIODE            0.500000    1.249935   -0.749935 (VIOLATED)
core/input21/A                          0.500000    1.249934   -0.749934 (VIOLATED)
mprj/wbs_dat_i[5]                       0.500000    1.242849   -0.742850 (VIOLATED)
core/_2474_/A                           0.500000    1.241280   -0.741280 (VIOLATED)
core/ANTENNA__2474__A/DIODE             0.500000    1.241278   -0.741278 (VIOLATED)
core/_2410_/A                           0.500000    1.241275   -0.741275 (VIOLATED)
core/ANTENNA__2410__A/DIODE             0.500000    1.241253   -0.741253 (VIOLATED)
core/_2506_/A                           0.500000    1.241234   -0.741234 (VIOLATED)
core/ANTENNA__2506__A/DIODE             0.500000    1.241223   -0.741223 (VIOLATED)
core/_2442_/A                           0.500000    1.241208   -0.741208 (VIOLATED)
core/ANTENNA__2442__A/DIODE             0.500000    1.241180   -0.741180 (VIOLATED)
mprj1/wbs_adr_i[22]                     0.500000    1.239480   -0.739480 (VIOLATED)
mprj1/wbs_adr_i[6]                      0.500000    1.239432   -0.739432 (VIOLATED)
mprj1/wbs_dat_i[25]                     0.500000    1.238626   -0.738626 (VIOLATED)
mprj1/wbs_adr_i[14]                     0.500000    1.238136   -0.738136 (VIOLATED)
mprj/wbs_dat_i[25]                      0.500000    1.234425   -0.734425 (VIOLATED)
mprj1/wbs_dat_i[4]                      0.500000    1.231762   -0.731762 (VIOLATED)
mprj/wbs_sel_i[2]                       0.500000    1.229023   -0.729023 (VIOLATED)
mprj/wbs_adr_i[8]                       0.500000    1.209344   -0.709344 (VIOLATED)
mprj1/Vcc_set                           0.500000    1.208659   -0.708659 (VIOLATED)
mprj/wbs_dat_i[12]                      0.500000    1.206938   -0.706938 (VIOLATED)
mprj1/wbs_adr_i[23]                     0.500000    1.206631   -0.706631 (VIOLATED)
mprj/Vcc_set                            0.500000    1.205404   -0.705404 (VIOLATED)
mprj1/Vcc_wl_read                       0.500000    1.204204   -0.704204 (VIOLATED)
mprj1/wbs_dat_i[12]                     0.500000    1.202623   -0.702622 (VIOLATED)
mprj1/wbs_dat_i[5]                      0.500000    1.202202   -0.702202 (VIOLATED)
mprj/wbs_dat_i[10]                      0.500000    1.200010   -0.700010 (VIOLATED)
mprj1/wbs_adr_i[29]                     0.500000    1.184985   -0.684985 (VIOLATED)
mprj1/wbs_adr_i[2]                      0.500000    1.179675   -0.679675 (VIOLATED)
mprj/Vcc_wl_read                        0.500000    1.179597   -0.679597 (VIOLATED)
mprj1/wbs_dat_i[10]                     0.500000    1.176783   -0.676783 (VIOLATED)
mprj1/wbs_adr_i[28]                     0.500000    1.172561   -0.672561 (VIOLATED)
mprj/wbs_dat_i[11]                      0.500000    1.151998   -0.651998 (VIOLATED)
mprj1/wbs_dat_i[11]                     0.500000    1.148870   -0.648870 (VIOLATED)
mprj1/wbs_sel_i[2]                      0.500000    1.114459   -0.614459 (VIOLATED)
core/input29/A                          0.500000    1.102393   -0.602393 (VIOLATED)
core/ANTENNA_input29_A/DIODE            0.500000    1.102391   -0.602391 (VIOLATED)
core/ANTENNA_input32_A/DIODE            0.500000    1.074814   -0.574814 (VIOLATED)
core/input32/A                          0.500000    1.074814   -0.574814 (VIOLATED)
mprj/wbs_dat_i[24]                      0.500000    1.065526   -0.565526 (VIOLATED)
core/input33/A                          0.500000    1.064841   -0.564841 (VIOLATED)
core/ANTENNA_input33_A/DIODE            0.500000    1.064840   -0.564840 (VIOLATED)
mprj/wbs_dat_i[28]                      0.500000    1.061319   -0.561319 (VIOLATED)
mprj1/wbs_dat_i[28]                     0.500000    1.055635   -0.555635 (VIOLATED)
mprj1/wbs_dat_i[24]                     0.500000    1.055376   -0.555376 (VIOLATED)
mprj/wbs_dat_i[7]                       0.500000    1.051269   -0.551269 (VIOLATED)
core/ANTENNA__2501__A/DIODE             0.500000    1.033840   -0.533840 (VIOLATED)
core/ANTENNA__2405__A/DIODE             0.500000    1.033838   -0.533838 (VIOLATED)
core/_2501_/A                           0.500000    1.033837   -0.533837 (VIOLATED)
core/_2405_/A                           0.500000    1.033828   -0.533827 (VIOLATED)
core/_2437_/A                           0.500000    1.033813   -0.533813 (VIOLATED)
core/_2469_/A                           0.500000    1.033797   -0.533797 (VIOLATED)
core/ANTENNA__2437__A/DIODE             0.500000    1.033783   -0.533783 (VIOLATED)
core/ANTENNA__2469__A/DIODE             0.500000    1.033781   -0.533781 (VIOLATED)
mprj/wbs_adr_i[9]                       0.500000    1.019486   -0.519486 (VIOLATED)
mprj/wbs_dat_i[3]                       0.500000    1.015535   -0.515535 (VIOLATED)
mprj1/wbs_dat_i[7]                      0.500000    1.011683   -0.511683 (VIOLATED)
mprj/wbs_dat_i[23]                      0.500000    1.002940   -0.502940 (VIOLATED)
mprj1/wbs_dat_i[23]                     0.500000    0.994071   -0.494071 (VIOLATED)
mprj1/wbs_adr_i[8]                      0.500000    0.993891   -0.493891 (VIOLATED)
mprj1/wbs_adr_i[9]                      0.500000    0.988105   -0.488105 (VIOLATED)
mprj/Vcc_wl_reset                       0.500000    0.975279   -0.475279 (VIOLATED)
la_oenb[0]                              0.500000    0.970000   -0.470000 (VIOLATED)
la_oenb[100]                            0.500000    0.970000   -0.470000 (VIOLATED)
la_oenb[101]                            0.500000    0.970000   -0.470000 (VIOLATED)
la_oenb[102]                            0.500000    0.970000   -0.470000 (VIOLATED)
la_oenb[103]                            0.500000    0.970000   -0.470000 (VIOLATED)
la_oenb[104]                            0.500000    0.970000   -0.470000 (VIOLATED)
la_oenb[105]                            0.500000    0.970000   -0.470000 (VIOLATED)
la_oenb[106]                            0.500000    0.970000   -0.470000 (VIOLATED)
la_oenb[107]                            0.500000    0.970000   -0.470000 (VIOLATED)
la_oenb[108]                            0.500000    0.970000   -0.470000 (VIOLATED)
la_oenb[109]                            0.500000    0.970000   -0.470000 (VIOLATED)
la_oenb[10]                             0.500000    0.970000   -0.470000 (VIOLATED)
la_oenb[110]                            0.500000    0.970000   -0.470000 (VIOLATED)
la_oenb[111]                            0.500000    0.970000   -0.470000 (VIOLATED)
la_oenb[112]                            0.500000    0.970000   -0.470000 (VIOLATED)
la_oenb[113]                            0.500000    0.970000   -0.470000 (VIOLATED)
la_oenb[114]                            0.500000    0.970000   -0.470000 (VIOLATED)
la_oenb[115]                            0.500000    0.970000   -0.470000 (VIOLATED)
la_oenb[116]                            0.500000    0.970000   -0.470000 (VIOLATED)
la_oenb[117]                            0.500000    0.970000   -0.470000 (VIOLATED)
la_oenb[118]                            0.500000    0.970000   -0.470000 (VIOLATED)
la_oenb[119]                            0.500000    0.970000   -0.470000 (VIOLATED)
la_oenb[11]                             0.500000    0.970000   -0.470000 (VIOLATED)
la_oenb[120]                            0.500000    0.970000   -0.470000 (VIOLATED)
la_oenb[121]                            0.500000    0.970000   -0.470000 (VIOLATED)
la_oenb[122]                            0.500000    0.970000   -0.470000 (VIOLATED)
la_oenb[123]                            0.500000    0.970000   -0.470000 (VIOLATED)
la_oenb[124]                            0.500000    0.970000   -0.470000 (VIOLATED)
la_oenb[125]                            0.500000    0.970000   -0.470000 (VIOLATED)
la_oenb[126]                            0.500000    0.970000   -0.470000 (VIOLATED)
la_oenb[127]                            0.500000    0.970000   -0.470000 (VIOLATED)
la_oenb[12]                             0.500000    0.970000   -0.470000 (VIOLATED)
la_oenb[13]                             0.500000    0.970000   -0.470000 (VIOLATED)
la_oenb[14]                             0.500000    0.970000   -0.470000 (VIOLATED)
la_oenb[15]                             0.500000    0.970000   -0.470000 (VIOLATED)
la_oenb[16]                             0.500000    0.970000   -0.470000 (VIOLATED)
la_oenb[17]                             0.500000    0.970000   -0.470000 (VIOLATED)
la_oenb[18]                             0.500000    0.970000   -0.470000 (VIOLATED)
la_oenb[19]                             0.500000    0.970000   -0.470000 (VIOLATED)
la_oenb[1]                              0.500000    0.970000   -0.470000 (VIOLATED)
la_oenb[20]                             0.500000    0.970000   -0.470000 (VIOLATED)
la_oenb[21]                             0.500000    0.970000   -0.470000 (VIOLATED)
la_oenb[22]                             0.500000    0.970000   -0.470000 (VIOLATED)
la_oenb[23]                             0.500000    0.970000   -0.470000 (VIOLATED)
la_oenb[24]                             0.500000    0.970000   -0.470000 (VIOLATED)
la_oenb[25]                             0.500000    0.970000   -0.470000 (VIOLATED)
la_oenb[26]                             0.500000    0.970000   -0.470000 (VIOLATED)
la_oenb[27]                             0.500000    0.970000   -0.470000 (VIOLATED)
la_oenb[28]                             0.500000    0.970000   -0.470000 (VIOLATED)
la_oenb[29]                             0.500000    0.970000   -0.470000 (VIOLATED)
la_oenb[2]                              0.500000    0.970000   -0.470000 (VIOLATED)
la_oenb[30]                             0.500000    0.970000   -0.470000 (VIOLATED)
la_oenb[31]                             0.500000    0.970000   -0.470000 (VIOLATED)
la_oenb[32]                             0.500000    0.970000   -0.470000 (VIOLATED)
la_oenb[33]                             0.500000    0.970000   -0.470000 (VIOLATED)
la_oenb[34]                             0.500000    0.970000   -0.470000 (VIOLATED)
la_oenb[35]                             0.500000    0.970000   -0.470000 (VIOLATED)
la_oenb[36]                             0.500000    0.970000   -0.470000 (VIOLATED)
la_oenb[37]                             0.500000    0.970000   -0.470000 (VIOLATED)
la_oenb[38]                             0.500000    0.970000   -0.470000 (VIOLATED)
la_oenb[39]                             0.500000    0.970000   -0.470000 (VIOLATED)
la_oenb[3]                              0.500000    0.970000   -0.470000 (VIOLATED)
la_oenb[40]                             0.500000    0.970000   -0.470000 (VIOLATED)
la_oenb[41]                             0.500000    0.970000   -0.470000 (VIOLATED)
la_oenb[42]                             0.500000    0.970000   -0.470000 (VIOLATED)
la_oenb[43]                             0.500000    0.970000   -0.470000 (VIOLATED)
la_oenb[44]                             0.500000    0.970000   -0.470000 (VIOLATED)
la_oenb[45]                             0.500000    0.970000   -0.470000 (VIOLATED)
la_oenb[46]                             0.500000    0.970000   -0.470000 (VIOLATED)
la_oenb[47]                             0.500000    0.970000   -0.470000 (VIOLATED)
la_oenb[48]                             0.500000    0.970000   -0.470000 (VIOLATED)
la_oenb[49]                             0.500000    0.970000   -0.470000 (VIOLATED)
la_oenb[4]                              0.500000    0.970000   -0.470000 (VIOLATED)
la_oenb[50]                             0.500000    0.970000   -0.470000 (VIOLATED)
la_oenb[51]                             0.500000    0.970000   -0.470000 (VIOLATED)
la_oenb[52]                             0.500000    0.970000   -0.470000 (VIOLATED)
la_oenb[53]                             0.500000    0.970000   -0.470000 (VIOLATED)
la_oenb[54]                             0.500000    0.970000   -0.470000 (VIOLATED)
la_oenb[55]                             0.500000    0.970000   -0.470000 (VIOLATED)
la_oenb[56]                             0.500000    0.970000   -0.470000 (VIOLATED)
la_oenb[57]                             0.500000    0.970000   -0.470000 (VIOLATED)
la_oenb[58]                             0.500000    0.970000   -0.470000 (VIOLATED)
la_oenb[59]                             0.500000    0.970000   -0.470000 (VIOLATED)
la_oenb[5]                              0.500000    0.970000   -0.470000 (VIOLATED)
la_oenb[60]                             0.500000    0.970000   -0.470000 (VIOLATED)
la_oenb[61]                             0.500000    0.970000   -0.470000 (VIOLATED)
la_oenb[62]                             0.500000    0.970000   -0.470000 (VIOLATED)
la_oenb[63]                             0.500000    0.970000   -0.470000 (VIOLATED)
la_oenb[64]                             0.500000    0.970000   -0.470000 (VIOLATED)
la_oenb[65]                             0.500000    0.970000   -0.470000 (VIOLATED)
la_oenb[66]                             0.500000    0.970000   -0.470000 (VIOLATED)
la_oenb[67]                             0.500000    0.970000   -0.470000 (VIOLATED)
la_oenb[68]                             0.500000    0.970000   -0.470000 (VIOLATED)
la_oenb[69]                             0.500000    0.970000   -0.470000 (VIOLATED)
la_oenb[6]                              0.500000    0.970000   -0.470000 (VIOLATED)
la_oenb[70]                             0.500000    0.970000   -0.470000 (VIOLATED)
la_oenb[71]                             0.500000    0.970000   -0.470000 (VIOLATED)
la_oenb[72]                             0.500000    0.970000   -0.470000 (VIOLATED)
la_oenb[73]                             0.500000    0.970000   -0.470000 (VIOLATED)
la_oenb[74]                             0.500000    0.970000   -0.470000 (VIOLATED)
la_oenb[75]                             0.500000    0.970000   -0.470000 (VIOLATED)
la_oenb[76]                             0.500000    0.970000   -0.470000 (VIOLATED)
la_oenb[77]                             0.500000    0.970000   -0.470000 (VIOLATED)
la_oenb[78]                             0.500000    0.970000   -0.470000 (VIOLATED)
la_oenb[79]                             0.500000    0.970000   -0.470000 (VIOLATED)
la_oenb[7]                              0.500000    0.970000   -0.470000 (VIOLATED)
la_oenb[80]                             0.500000    0.970000   -0.470000 (VIOLATED)
la_oenb[81]                             0.500000    0.970000   -0.470000 (VIOLATED)
la_oenb[82]                             0.500000    0.970000   -0.470000 (VIOLATED)
la_oenb[83]                             0.500000    0.970000   -0.470000 (VIOLATED)
la_oenb[84]                             0.500000    0.970000   -0.470000 (VIOLATED)
la_oenb[85]                             0.500000    0.970000   -0.470000 (VIOLATED)
la_oenb[86]                             0.500000    0.970000   -0.470000 (VIOLATED)
la_oenb[87]                             0.500000    0.970000   -0.470000 (VIOLATED)
la_oenb[88]                             0.500000    0.970000   -0.470000 (VIOLATED)
la_oenb[89]                             0.500000    0.970000   -0.470000 (VIOLATED)
la_oenb[8]                              0.500000    0.970000   -0.470000 (VIOLATED)
la_oenb[90]                             0.500000    0.970000   -0.470000 (VIOLATED)
la_oenb[91]                             0.500000    0.970000   -0.470000 (VIOLATED)
la_oenb[92]                             0.500000    0.970000   -0.470000 (VIOLATED)
la_oenb[93]                             0.500000    0.970000   -0.470000 (VIOLATED)
la_oenb[94]                             0.500000    0.970000   -0.470000 (VIOLATED)
la_oenb[95]                             0.500000    0.970000   -0.470000 (VIOLATED)
la_oenb[96]                             0.500000    0.970000   -0.470000 (VIOLATED)
la_oenb[97]                             0.500000    0.970000   -0.470000 (VIOLATED)
la_oenb[98]                             0.500000    0.970000   -0.470000 (VIOLATED)
la_oenb[99]                             0.500000    0.970000   -0.470000 (VIOLATED)
la_oenb[9]                              0.500000    0.970000   -0.470000 (VIOLATED)
mprj1/wbs_dat_i[3]                      0.500000    0.966750   -0.466750 (VIOLATED)
wbs_adr_i[0]                            0.500000    0.920000   -0.420000 (VIOLATED)
wbs_adr_i[10]                           0.500000    0.920000   -0.420000 (VIOLATED)
wbs_adr_i[11]                           0.500000    0.920000   -0.420000 (VIOLATED)
wbs_adr_i[12]                           0.500000    0.920000   -0.420000 (VIOLATED)
wbs_adr_i[13]                           0.500000    0.920000   -0.420000 (VIOLATED)
wbs_adr_i[14]                           0.500000    0.920000   -0.420000 (VIOLATED)
wbs_adr_i[15]                           0.500000    0.920000   -0.420000 (VIOLATED)
wbs_adr_i[16]                           0.500000    0.920000   -0.420000 (VIOLATED)
wbs_adr_i[17]                           0.500000    0.920000   -0.420000 (VIOLATED)
wbs_adr_i[18]                           0.500000    0.920000   -0.420000 (VIOLATED)
wbs_adr_i[19]                           0.500000    0.920000   -0.420000 (VIOLATED)
wbs_adr_i[1]                            0.500000    0.920000   -0.420000 (VIOLATED)
wbs_adr_i[20]                           0.500000    0.920000   -0.420000 (VIOLATED)
wbs_adr_i[21]                           0.500000    0.920000   -0.420000 (VIOLATED)
wbs_adr_i[22]                           0.500000    0.920000   -0.420000 (VIOLATED)
wbs_adr_i[23]                           0.500000    0.920000   -0.420000 (VIOLATED)
wbs_adr_i[24]                           0.500000    0.920000   -0.420000 (VIOLATED)
wbs_adr_i[25]                           0.500000    0.920000   -0.420000 (VIOLATED)
wbs_adr_i[26]                           0.500000    0.920000   -0.420000 (VIOLATED)
wbs_adr_i[27]                           0.500000    0.920000   -0.420000 (VIOLATED)
wbs_adr_i[28]                           0.500000    0.920000   -0.420000 (VIOLATED)
wbs_adr_i[29]                           0.500000    0.920000   -0.420000 (VIOLATED)
wbs_adr_i[2]                            0.500000    0.920000   -0.420000 (VIOLATED)
wbs_adr_i[30]                           0.500000    0.920000   -0.420000 (VIOLATED)
wbs_adr_i[31]                           0.500000    0.920000   -0.420000 (VIOLATED)
wbs_adr_i[3]                            0.500000    0.920000   -0.420000 (VIOLATED)
wbs_adr_i[4]                            0.500000    0.920000   -0.420000 (VIOLATED)
wbs_adr_i[5]                            0.500000    0.920000   -0.420000 (VIOLATED)
wbs_adr_i[6]                            0.500000    0.920000   -0.420000 (VIOLATED)
wbs_adr_i[7]                            0.500000    0.920000   -0.420000 (VIOLATED)
wbs_adr_i[8]                            0.500000    0.920000   -0.420000 (VIOLATED)
wbs_adr_i[9]                            0.500000    0.920000   -0.420000 (VIOLATED)
mprj/wbs_dat_i[6]                       0.500000    0.903408   -0.403408 (VIOLATED)
mprj1/Vcc_reset                         0.500000    0.903196   -0.403196 (VIOLATED)
mprj/Vcc_reset                          0.500000    0.902154   -0.402154 (VIOLATED)
mprj1/wbs_dat_i[6]                      0.500000    0.891802   -0.391802 (VIOLATED)
core/input18/A                          0.500000    0.878180   -0.378180 (VIOLATED)
core/ANTENNA_input18_A/DIODE            0.500000    0.878178   -0.378178 (VIOLATED)
la_data_in[0]                           0.500000    0.860000   -0.360000 (VIOLATED)
la_data_in[100]                         0.500000    0.860000   -0.360000 (VIOLATED)
la_data_in[101]                         0.500000    0.860000   -0.360000 (VIOLATED)
la_data_in[102]                         0.500000    0.860000   -0.360000 (VIOLATED)
la_data_in[103]                         0.500000    0.860000   -0.360000 (VIOLATED)
la_data_in[104]                         0.500000    0.860000   -0.360000 (VIOLATED)
la_data_in[105]                         0.500000    0.860000   -0.360000 (VIOLATED)
la_data_in[106]                         0.500000    0.860000   -0.360000 (VIOLATED)
la_data_in[107]                         0.500000    0.860000   -0.360000 (VIOLATED)
la_data_in[108]                         0.500000    0.860000   -0.360000 (VIOLATED)
la_data_in[109]                         0.500000    0.860000   -0.360000 (VIOLATED)
la_data_in[10]                          0.500000    0.860000   -0.360000 (VIOLATED)
la_data_in[110]                         0.500000    0.860000   -0.360000 (VIOLATED)
la_data_in[111]                         0.500000    0.860000   -0.360000 (VIOLATED)
la_data_in[112]                         0.500000    0.860000   -0.360000 (VIOLATED)
la_data_in[113]                         0.500000    0.860000   -0.360000 (VIOLATED)
la_data_in[114]                         0.500000    0.860000   -0.360000 (VIOLATED)
la_data_in[115]                         0.500000    0.860000   -0.360000 (VIOLATED)
la_data_in[116]                         0.500000    0.860000   -0.360000 (VIOLATED)
la_data_in[117]                         0.500000    0.860000   -0.360000 (VIOLATED)
la_data_in[118]                         0.500000    0.860000   -0.360000 (VIOLATED)
la_data_in[119]                         0.500000    0.860000   -0.360000 (VIOLATED)
la_data_in[11]                          0.500000    0.860000   -0.360000 (VIOLATED)
la_data_in[120]                         0.500000    0.860000   -0.360000 (VIOLATED)
la_data_in[121]                         0.500000    0.860000   -0.360000 (VIOLATED)
la_data_in[122]                         0.500000    0.860000   -0.360000 (VIOLATED)
la_data_in[123]                         0.500000    0.860000   -0.360000 (VIOLATED)
la_data_in[124]                         0.500000    0.860000   -0.360000 (VIOLATED)
la_data_in[125]                         0.500000    0.860000   -0.360000 (VIOLATED)
la_data_in[126]                         0.500000    0.860000   -0.360000 (VIOLATED)
la_data_in[127]                         0.500000    0.860000   -0.360000 (VIOLATED)
la_data_in[12]                          0.500000    0.860000   -0.360000 (VIOLATED)
la_data_in[13]                          0.500000    0.860000   -0.360000 (VIOLATED)
la_data_in[14]                          0.500000    0.860000   -0.360000 (VIOLATED)
la_data_in[15]                          0.500000    0.860000   -0.360000 (VIOLATED)
la_data_in[16]                          0.500000    0.860000   -0.360000 (VIOLATED)
la_data_in[17]                          0.500000    0.860000   -0.360000 (VIOLATED)
la_data_in[18]                          0.500000    0.860000   -0.360000 (VIOLATED)
la_data_in[19]                          0.500000    0.860000   -0.360000 (VIOLATED)
la_data_in[1]                           0.500000    0.860000   -0.360000 (VIOLATED)
la_data_in[20]                          0.500000    0.860000   -0.360000 (VIOLATED)
la_data_in[21]                          0.500000    0.860000   -0.360000 (VIOLATED)
la_data_in[22]                          0.500000    0.860000   -0.360000 (VIOLATED)
la_data_in[23]                          0.500000    0.860000   -0.360000 (VIOLATED)
la_data_in[24]                          0.500000    0.860000   -0.360000 (VIOLATED)
la_data_in[25]                          0.500000    0.860000   -0.360000 (VIOLATED)
la_data_in[26]                          0.500000    0.860000   -0.360000 (VIOLATED)
la_data_in[27]                          0.500000    0.860000   -0.360000 (VIOLATED)
la_data_in[28]                          0.500000    0.860000   -0.360000 (VIOLATED)
la_data_in[29]                          0.500000    0.860000   -0.360000 (VIOLATED)
la_data_in[2]                           0.500000    0.860000   -0.360000 (VIOLATED)
la_data_in[30]                          0.500000    0.860000   -0.360000 (VIOLATED)
la_data_in[31]                          0.500000    0.860000   -0.360000 (VIOLATED)
la_data_in[32]                          0.500000    0.860000   -0.360000 (VIOLATED)
la_data_in[33]                          0.500000    0.860000   -0.360000 (VIOLATED)
la_data_in[34]                          0.500000    0.860000   -0.360000 (VIOLATED)
la_data_in[35]                          0.500000    0.860000   -0.360000 (VIOLATED)
la_data_in[36]                          0.500000    0.860000   -0.360000 (VIOLATED)
la_data_in[37]                          0.500000    0.860000   -0.360000 (VIOLATED)
la_data_in[38]                          0.500000    0.860000   -0.360000 (VIOLATED)
la_data_in[39]                          0.500000    0.860000   -0.360000 (VIOLATED)
la_data_in[3]                           0.500000    0.860000   -0.360000 (VIOLATED)
la_data_in[40]                          0.500000    0.860000   -0.360000 (VIOLATED)
la_data_in[41]                          0.500000    0.860000   -0.360000 (VIOLATED)
la_data_in[42]                          0.500000    0.860000   -0.360000 (VIOLATED)
la_data_in[43]                          0.500000    0.860000   -0.360000 (VIOLATED)
la_data_in[44]                          0.500000    0.860000   -0.360000 (VIOLATED)
la_data_in[45]                          0.500000    0.860000   -0.360000 (VIOLATED)
la_data_in[46]                          0.500000    0.860000   -0.360000 (VIOLATED)
la_data_in[47]                          0.500000    0.860000   -0.360000 (VIOLATED)
la_data_in[48]                          0.500000    0.860000   -0.360000 (VIOLATED)
la_data_in[49]                          0.500000    0.860000   -0.360000 (VIOLATED)
la_data_in[4]                           0.500000    0.860000   -0.360000 (VIOLATED)
la_data_in[50]                          0.500000    0.860000   -0.360000 (VIOLATED)
la_data_in[51]                          0.500000    0.860000   -0.360000 (VIOLATED)
la_data_in[52]                          0.500000    0.860000   -0.360000 (VIOLATED)
la_data_in[53]                          0.500000    0.860000   -0.360000 (VIOLATED)
la_data_in[54]                          0.500000    0.860000   -0.360000 (VIOLATED)
la_data_in[55]                          0.500000    0.860000   -0.360000 (VIOLATED)
la_data_in[56]                          0.500000    0.860000   -0.360000 (VIOLATED)
la_data_in[57]                          0.500000    0.860000   -0.360000 (VIOLATED)
la_data_in[58]                          0.500000    0.860000   -0.360000 (VIOLATED)
la_data_in[59]                          0.500000    0.860000   -0.360000 (VIOLATED)
la_data_in[5]                           0.500000    0.860000   -0.360000 (VIOLATED)
la_data_in[60]                          0.500000    0.860000   -0.360000 (VIOLATED)
la_data_in[61]                          0.500000    0.860000   -0.360000 (VIOLATED)
la_data_in[62]                          0.500000    0.860000   -0.360000 (VIOLATED)
la_data_in[63]                          0.500000    0.860000   -0.360000 (VIOLATED)
la_data_in[64]                          0.500000    0.860000   -0.360000 (VIOLATED)
la_data_in[65]                          0.500000    0.860000   -0.360000 (VIOLATED)
la_data_in[66]                          0.500000    0.860000   -0.360000 (VIOLATED)
la_data_in[67]                          0.500000    0.860000   -0.360000 (VIOLATED)
la_data_in[68]                          0.500000    0.860000   -0.360000 (VIOLATED)
la_data_in[69]                          0.500000    0.860000   -0.360000 (VIOLATED)
la_data_in[6]                           0.500000    0.860000   -0.360000 (VIOLATED)
la_data_in[70]                          0.500000    0.860000   -0.360000 (VIOLATED)
la_data_in[71]                          0.500000    0.860000   -0.360000 (VIOLATED)
la_data_in[72]                          0.500000    0.860000   -0.360000 (VIOLATED)
la_data_in[73]                          0.500000    0.860000   -0.360000 (VIOLATED)
la_data_in[74]                          0.500000    0.860000   -0.360000 (VIOLATED)
la_data_in[75]                          0.500000    0.860000   -0.360000 (VIOLATED)
la_data_in[76]                          0.500000    0.860000   -0.360000 (VIOLATED)
la_data_in[77]                          0.500000    0.860000   -0.360000 (VIOLATED)
la_data_in[78]                          0.500000    0.860000   -0.360000 (VIOLATED)
la_data_in[79]                          0.500000    0.860000   -0.360000 (VIOLATED)
la_data_in[7]                           0.500000    0.860000   -0.360000 (VIOLATED)
la_data_in[80]                          0.500000    0.860000   -0.360000 (VIOLATED)
la_data_in[81]                          0.500000    0.860000   -0.360000 (VIOLATED)
la_data_in[82]                          0.500000    0.860000   -0.360000 (VIOLATED)
la_data_in[83]                          0.500000    0.860000   -0.360000 (VIOLATED)
la_data_in[84]                          0.500000    0.860000   -0.360000 (VIOLATED)
la_data_in[85]                          0.500000    0.860000   -0.360000 (VIOLATED)
la_data_in[86]                          0.500000    0.860000   -0.360000 (VIOLATED)
la_data_in[87]                          0.500000    0.860000   -0.360000 (VIOLATED)
la_data_in[88]                          0.500000    0.860000   -0.360000 (VIOLATED)
la_data_in[89]                          0.500000    0.860000   -0.360000 (VIOLATED)
la_data_in[8]                           0.500000    0.860000   -0.360000 (VIOLATED)
la_data_in[90]                          0.500000    0.860000   -0.360000 (VIOLATED)
la_data_in[91]                          0.500000    0.860000   -0.360000 (VIOLATED)
la_data_in[92]                          0.500000    0.860000   -0.360000 (VIOLATED)
la_data_in[93]                          0.500000    0.860000   -0.360000 (VIOLATED)
la_data_in[94]                          0.500000    0.860000   -0.360000 (VIOLATED)
la_data_in[95]                          0.500000    0.860000   -0.360000 (VIOLATED)
la_data_in[96]                          0.500000    0.860000   -0.360000 (VIOLATED)
la_data_in[97]                          0.500000    0.860000   -0.360000 (VIOLATED)
la_data_in[98]                          0.500000    0.860000   -0.360000 (VIOLATED)
la_data_in[99]                          0.500000    0.860000   -0.360000 (VIOLATED)
la_data_in[9]                           0.500000    0.860000   -0.360000 (VIOLATED)
wbs_dat_i[0]                            0.500000    0.840000   -0.340000 (VIOLATED)
wbs_dat_i[10]                           0.500000    0.840000   -0.340000 (VIOLATED)
wbs_dat_i[11]                           0.500000    0.840000   -0.340000 (VIOLATED)
wbs_dat_i[12]                           0.500000    0.840000   -0.340000 (VIOLATED)
wbs_dat_i[13]                           0.500000    0.840000   -0.340000 (VIOLATED)
wbs_dat_i[14]                           0.500000    0.840000   -0.340000 (VIOLATED)
wbs_dat_i[15]                           0.500000    0.840000   -0.340000 (VIOLATED)
wbs_dat_i[16]                           0.500000    0.840000   -0.340000 (VIOLATED)
wbs_dat_i[17]                           0.500000    0.840000   -0.340000 (VIOLATED)
wbs_dat_i[18]                           0.500000    0.840000   -0.340000 (VIOLATED)
wbs_dat_i[19]                           0.500000    0.840000   -0.340000 (VIOLATED)
wbs_dat_i[1]                            0.500000    0.840000   -0.340000 (VIOLATED)
wbs_dat_i[20]                           0.500000    0.840000   -0.340000 (VIOLATED)
wbs_dat_i[21]                           0.500000    0.840000   -0.340000 (VIOLATED)
wbs_dat_i[22]                           0.500000    0.840000   -0.340000 (VIOLATED)
wbs_dat_i[23]                           0.500000    0.840000   -0.340000 (VIOLATED)
wbs_dat_i[24]                           0.500000    0.840000   -0.340000 (VIOLATED)
wbs_dat_i[25]                           0.500000    0.840000   -0.340000 (VIOLATED)
wbs_dat_i[26]                           0.500000    0.840000   -0.340000 (VIOLATED)
wbs_dat_i[27]                           0.500000    0.840000   -0.340000 (VIOLATED)
wbs_dat_i[28]                           0.500000    0.840000   -0.340000 (VIOLATED)
wbs_dat_i[29]                           0.500000    0.840000   -0.340000 (VIOLATED)
wbs_dat_i[2]                            0.500000    0.840000   -0.340000 (VIOLATED)
wbs_dat_i[30]                           0.500000    0.840000   -0.340000 (VIOLATED)
wbs_dat_i[31]                           0.500000    0.840000   -0.340000 (VIOLATED)
wbs_dat_i[3]                            0.500000    0.840000   -0.340000 (VIOLATED)
wbs_dat_i[4]                            0.500000    0.840000   -0.340000 (VIOLATED)
wbs_dat_i[5]                            0.500000    0.840000   -0.340000 (VIOLATED)
wbs_dat_i[6]                            0.500000    0.840000   -0.340000 (VIOLATED)
wbs_dat_i[7]                            0.500000    0.840000   -0.340000 (VIOLATED)
wbs_dat_i[8]                            0.500000    0.840000   -0.340000 (VIOLATED)
wbs_dat_i[9]                            0.500000    0.840000   -0.340000 (VIOLATED)
core/ANTENNA_input36_A/DIODE            0.500000    0.694154   -0.194154 (VIOLATED)
core/input36/A                          0.500000    0.694154   -0.194154 (VIOLATED)
wb_clk_i                                0.500000    0.610000   -0.110000 (VIOLATED)
mprj/wbs_sel_i[0]                       0.500000    0.598488   -0.098488 (VIOLATED)
core/ANTENNA_input37_A/DIODE            0.500000    0.576158   -0.076158 (VIOLATED)
core/input37/A                          0.500000    0.576156   -0.076156 (VIOLATED)
core/ANTENNA_input38_A/DIODE            0.500000    0.547588   -0.047588 (VIOLATED)
core/input38/A                          0.500000    0.547587   -0.047587 (VIOLATED)
core/_1343_/A1                          0.500000    0.542327   -0.042327 (VIOLATED)
core/_1430_/A1                          0.500000    0.542325   -0.042325 (VIOLATED)
core/_1474_/B2                          0.500000    0.542324   -0.042324 (VIOLATED)
core/_1383_/A1                          0.500000    0.542323   -0.042323 (VIOLATED)
core/_1521_/A1                          0.500000    0.542320   -0.042320 (VIOLATED)
core/_1646_/B2                          0.500000    0.542318   -0.042318 (VIOLATED)
core/_1602_/A1                          0.500000    0.542308   -0.042308 (VIOLATED)
core/_1558_/A1                          0.500000    0.542306   -0.042306 (VIOLATED)
core/hold295/X                          0.500000    0.542304   -0.042304 (VIOLATED)
core/hold867/A                          0.500000    0.542304   -0.042304 (VIOLATED)
mprj/wbs_sel_i[1]                       0.500000    0.519535   -0.019535 (VIOLATED)
core/_1498_/A1                          0.500000    0.519376   -0.019376 (VIOLATED)
core/_1455_/A1                          0.500000    0.519375   -0.019375 (VIOLATED)
core/_1404_/A1                          0.500000    0.519371   -0.019371 (VIOLATED)
core/_1540_/B2                          0.500000    0.519369   -0.019369 (VIOLATED)
core/_1323_/A1                          0.500000    0.519365   -0.019365 (VIOLATED)
core/_1360_/A1                          0.500000    0.519364   -0.019364 (VIOLATED)
core/_1586_/A1                          0.500000    0.519363   -0.019363 (VIOLATED)
core/_1624_/A1                          0.500000    0.519352   -0.019352 (VIOLATED)
core/hold311/X                          0.500000    0.519352   -0.019352 (VIOLATED)
core/hold891/A                          0.500000    0.519352   -0.019352 (VIOLATED)
mprj/wbs_sel_i[3]                       0.500000    0.506301   -0.006301 (VIOLATED)

max fanout

Pin                                   Limit Fanout  Slack
---------------------------------------------------------
core/clkbuf_0_wb_clk_i/X                 10     33    -23 (VIOLATED)
core/fanout221/X                         10     21    -11 (VIOLATED)
core/fanout226/X                         10     21    -11 (VIOLATED)
core/fanout302/X                         10     21    -11 (VIOLATED)
core/fanout334/X                         10     21    -11 (VIOLATED)
core/clkbuf_4_0_0_wb_clk_i/X             10     15     -5 (VIOLATED)
core/fanout329/X                         10     15     -5 (VIOLATED)
core/clkbuf_4_8_0_wb_clk_i/X             10     14     -4 (VIOLATED)
core/clkbuf_4_12_0_wb_clk_i/X            10     13     -3 (VIOLATED)
core/clkbuf_4_14_0_wb_clk_i/X            10     13     -3 (VIOLATED)
core/clkbuf_4_9_0_wb_clk_i/X             10     13     -3 (VIOLATED)
core/clkbuf_4_13_0_wb_clk_i/X            10     12     -2 (VIOLATED)
core/clkbuf_4_15_0_wb_clk_i/X            10     12     -2 (VIOLATED)
core/clkbuf_4_10_0_wb_clk_i/X            10     11        (VIOLATED)
core/clkbuf_4_1_0_wb_clk_i/X             10     11        (VIOLATED)
core/clkbuf_4_3_0_wb_clk_i/X             10     11        (VIOLATED)
core/fanout225/X                         10     11        (VIOLATED)
core/input26/X                           10     11        (VIOLATED)

max capacitance

Pin                                        Limit         Cap       Slack
------------------------------------------------------------------------
core/output195/X                        0.315867    0.707414   -0.391547 (VIOLATED)
core/output173/X                        0.315867    0.662012   -0.346145 (VIOLATED)
core/output175/X                        0.315867    0.647346   -0.331479 (VIOLATED)
core/output182/X                        0.315867    0.641895   -0.326028 (VIOLATED)
core/output171/X                        0.315867    0.638874   -0.323007 (VIOLATED)
core/output197/X                        0.315867    0.620181   -0.304314 (VIOLATED)
core/output190/X                        0.315867    0.616930   -0.301063 (VIOLATED)
core/output187/X                        0.315867    0.613926   -0.298059 (VIOLATED)
core/output170/X                        0.315867    0.605964   -0.290097 (VIOLATED)
core/output191/X                        0.315867    0.596760   -0.280893 (VIOLATED)
core/output196/X                        0.315867    0.581316   -0.265449 (VIOLATED)
core/output172/X                        0.315867    0.574606   -0.258739 (VIOLATED)
core/output180/X                        0.315867    0.563589   -0.247722 (VIOLATED)
core/output200/X                        0.315867    0.561693   -0.245826 (VIOLATED)
core/output186/X                        0.315867    0.561496   -0.245629 (VIOLATED)
core/output176/X                        0.315867    0.556718   -0.240851 (VIOLATED)
core/output201/X                        0.315867    0.544919   -0.229052 (VIOLATED)
core/output179/X                        0.315867    0.534850   -0.218983 (VIOLATED)
core/output188/X                        0.315867    0.532269   -0.216402 (VIOLATED)
core/output174/X                        0.315867    0.523729   -0.207862 (VIOLATED)
core/output178/X                        0.315867    0.521950   -0.206083 (VIOLATED)
core/output183/X                        0.315867    0.519515   -0.203648 (VIOLATED)
core/output177/X                        0.315867    0.516610   -0.200743 (VIOLATED)
core/output181/X                        0.315867    0.508855   -0.192988 (VIOLATED)
core/output184/X                        0.315867    0.505226   -0.189359 (VIOLATED)
core/output185/X                        0.315867    0.495975   -0.180108 (VIOLATED)
core/output193/X                        0.315867    0.465680   -0.149813 (VIOLATED)
core/output198/X                        0.315867    0.463719   -0.147852 (VIOLATED)
core/output199/X                        0.315867    0.459379   -0.143512 (VIOLATED)
core/output202/X                        0.315867    0.455358   -0.139491 (VIOLATED)
core/output189/X                        0.315867    0.445918   -0.130051 (VIOLATED)
core/output192/X                        0.315867    0.444655   -0.128788 (VIOLATED)
core/output194/X                        0.315867    0.441957   -0.126090 (VIOLATED)
core/output167/X                        0.315867    0.360309   -0.044442 (VIOLATED)
core/output168/X                        0.315867    0.330450   -0.014583 (VIOLATED)



===========================================================================
report_parasitic_annotation -report_unannotated
============================================================================
Found 329 unannotated drivers.
 analog_io[13]
 analog_io[14]
 analog_io[15]
 analog_io[16]
 analog_io[17]
 analog_io[18]
 analog_io[19]
 analog_io[20]
 analog_io[21]
 analog_io[22]
 analog_io[23]
 analog_io[24]
 analog_io[25]
 analog_io[26]
 analog_io[27]
 analog_io[28]
 analog_io[4]
 io_in[0]
 io_in[10]
 io_in[11]
 io_in[12]
 io_in[13]
 io_in[14]
 io_in[15]
 io_in[16]
 io_in[17]
 io_in[18]
 io_in[19]
 io_in[20]
 io_in[21]
 io_in[22]
 io_in[23]
 io_in[24]
 io_in[25]
 io_in[26]
 io_in[27]
 io_in[28]
 io_in[29]
 io_in[30]
 io_in[31]
 io_in[32]
 io_in[33]
 io_in[34]
 io_in[35]
 io_in[36]
 io_in[37]
 io_in[3]
 io_in[6]
 io_in[7]
 io_in[8]
 io_in[9]
 la_data_in[0]
 la_data_in[100]
 la_data_in[101]
 la_data_in[102]
 la_data_in[103]
 la_data_in[104]
 la_data_in[105]
 la_data_in[106]
 la_data_in[107]
 la_data_in[108]
 la_data_in[109]
 la_data_in[10]
 la_data_in[110]
 la_data_in[111]
 la_data_in[112]
 la_data_in[113]
 la_data_in[114]
 la_data_in[115]
 la_data_in[116]
 la_data_in[117]
 la_data_in[118]
 la_data_in[119]
 la_data_in[11]
 la_data_in[120]
 la_data_in[121]
 la_data_in[122]
 la_data_in[123]
 la_data_in[124]
 la_data_in[125]
 la_data_in[126]
 la_data_in[127]
 la_data_in[12]
 la_data_in[13]
 la_data_in[14]
 la_data_in[15]
 la_data_in[16]
 la_data_in[17]
 la_data_in[18]
 la_data_in[19]
 la_data_in[1]
 la_data_in[20]
 la_data_in[21]
 la_data_in[22]
 la_data_in[23]
 la_data_in[24]
 la_data_in[25]
 la_data_in[26]
 la_data_in[27]
 la_data_in[28]
 la_data_in[29]
 la_data_in[2]
 la_data_in[30]
 la_data_in[31]
 la_data_in[32]
 la_data_in[33]
 la_data_in[34]
 la_data_in[35]
 la_data_in[36]
 la_data_in[37]
 la_data_in[38]
 la_data_in[39]
 la_data_in[3]
 la_data_in[40]
 la_data_in[41]
 la_data_in[42]
 la_data_in[43]
 la_data_in[44]
 la_data_in[45]
 la_data_in[46]
 la_data_in[47]
 la_data_in[48]
 la_data_in[49]
 la_data_in[4]
 la_data_in[50]
 la_data_in[51]
 la_data_in[52]
 la_data_in[53]
 la_data_in[54]
 la_data_in[55]
 la_data_in[56]
 la_data_in[57]
 la_data_in[58]
 la_data_in[59]
 la_data_in[5]
 la_data_in[60]
 la_data_in[61]
 la_data_in[62]
 la_data_in[63]
 la_data_in[64]
 la_data_in[65]
 la_data_in[66]
 la_data_in[67]
 la_data_in[68]
 la_data_in[69]
 la_data_in[6]
 la_data_in[70]
 la_data_in[71]
 la_data_in[72]
 la_data_in[73]
 la_data_in[74]
 la_data_in[75]
 la_data_in[76]
 la_data_in[77]
 la_data_in[78]
 la_data_in[79]
 la_data_in[7]
 la_data_in[80]
 la_data_in[81]
 la_data_in[82]
 la_data_in[83]
 la_data_in[84]
 la_data_in[85]
 la_data_in[86]
 la_data_in[87]
 la_data_in[88]
 la_data_in[89]
 la_data_in[8]
 la_data_in[90]
 la_data_in[91]
 la_data_in[92]
 la_data_in[93]
 la_data_in[94]
 la_data_in[95]
 la_data_in[96]
 la_data_in[97]
 la_data_in[98]
 la_data_in[99]
 la_data_in[9]
 la_oenb[0]
 la_oenb[100]
 la_oenb[101]
 la_oenb[102]
 la_oenb[103]
 la_oenb[104]
 la_oenb[105]
 la_oenb[106]
 la_oenb[107]
 la_oenb[108]
 la_oenb[109]
 la_oenb[10]
 la_oenb[110]
 la_oenb[111]
 la_oenb[112]
 la_oenb[113]
 la_oenb[114]
 la_oenb[115]
 la_oenb[116]
 la_oenb[117]
 la_oenb[118]
 la_oenb[119]
 la_oenb[11]
 la_oenb[120]
 la_oenb[121]
 la_oenb[122]
 la_oenb[123]
 la_oenb[124]
 la_oenb[125]
 la_oenb[126]
 la_oenb[127]
 la_oenb[12]
 la_oenb[13]
 la_oenb[14]
 la_oenb[15]
 la_oenb[16]
 la_oenb[17]
 la_oenb[18]
 la_oenb[19]
 la_oenb[1]
 la_oenb[20]
 la_oenb[21]
 la_oenb[22]
 la_oenb[23]
 la_oenb[24]
 la_oenb[25]
 la_oenb[26]
 la_oenb[27]
 la_oenb[28]
 la_oenb[29]
 la_oenb[2]
 la_oenb[30]
 la_oenb[31]
 la_oenb[32]
 la_oenb[33]
 la_oenb[34]
 la_oenb[35]
 la_oenb[36]
 la_oenb[37]
 la_oenb[38]
 la_oenb[39]
 la_oenb[3]
 la_oenb[40]
 la_oenb[41]
 la_oenb[42]
 la_oenb[43]
 la_oenb[44]
 la_oenb[45]
 la_oenb[46]
 la_oenb[47]
 la_oenb[48]
 la_oenb[49]
 la_oenb[4]
 la_oenb[50]
 la_oenb[51]
 la_oenb[52]
 la_oenb[53]
 la_oenb[54]
 la_oenb[55]
 la_oenb[56]
 la_oenb[57]
 la_oenb[58]
 la_oenb[59]
 la_oenb[5]
 la_oenb[60]
 la_oenb[61]
 la_oenb[62]
 la_oenb[63]
 la_oenb[64]
 la_oenb[65]
 la_oenb[66]
 la_oenb[67]
 la_oenb[68]
 la_oenb[69]
 la_oenb[6]
 la_oenb[70]
 la_oenb[71]
 la_oenb[72]
 la_oenb[73]
 la_oenb[74]
 la_oenb[75]
 la_oenb[76]
 la_oenb[77]
 la_oenb[78]
 la_oenb[79]
 la_oenb[7]
 la_oenb[80]
 la_oenb[81]
 la_oenb[82]
 la_oenb[83]
 la_oenb[84]
 la_oenb[85]
 la_oenb[86]
 la_oenb[87]
 la_oenb[88]
 la_oenb[89]
 la_oenb[8]
 la_oenb[90]
 la_oenb[91]
 la_oenb[92]
 la_oenb[93]
 la_oenb[94]
 la_oenb[95]
 la_oenb[96]
 la_oenb[97]
 la_oenb[98]
 la_oenb[99]
 la_oenb[9]
 user_clock2
 core/clkload0/Y
 core/clkload1/Y
 core/clkload10/Y
 core/clkload11/Y
 core/clkload12/Y
 core/clkload13/Y
 core/clkload14/Y
 core/clkload2/Y
 core/clkload3/Y
 core/clkload4/Y
 core/clkload5/Y
 core/clkload6/Y
 core/clkload7/X
 core/clkload8/Y
 core/clkload9/Y
 mprj/VDDA
 mprj/VDDC
 mprj/VSS
 mprj1/VDDA
 mprj1/VDDC
 mprj1/VSS
Found 0 partially unannotated drivers.

===========================================================================
max slew violation count 747
max fanout violation count 18
max cap violation count 35
============================================================================

===========================================================================
check_setup -verbose -unconstrained_endpoints -multiple_clock -no_clock -no_input_delay -loops -generated_clocks
===========================================================================
Warning: There are 68 input ports missing set_input_delay.
  analog_io[0]
  analog_io[10]
  analog_io[11]
  analog_io[12]
  analog_io[13]
  analog_io[14]
  analog_io[15]
  analog_io[16]
  analog_io[17]
  analog_io[18]
  analog_io[19]
  analog_io[1]
  analog_io[20]
  analog_io[21]
  analog_io[22]
  analog_io[23]
  analog_io[24]
  analog_io[25]
  analog_io[26]
  analog_io[27]
  analog_io[28]
  analog_io[2]
  analog_io[3]
  analog_io[4]
  analog_io[5]
  analog_io[6]
  analog_io[7]
  analog_io[8]
  analog_io[9]
  io_in[0]
  io_in[10]
  io_in[11]
  io_in[12]
  io_in[13]
  io_in[14]
  io_in[15]
  io_in[16]
  io_in[17]
  io_in[18]
  io_in[19]
  io_in[1]
  io_in[20]
  io_in[21]
  io_in[22]
  io_in[23]
  io_in[24]
  io_in[25]
  io_in[26]
  io_in[27]
  io_in[28]
  io_in[29]
  io_in[2]
  io_in[30]
  io_in[31]
  io_in[32]
  io_in[33]
  io_in[34]
  io_in[35]
  io_in[36]
  io_in[37]
  io_in[3]
  io_in[4]
  io_in[5]
  io_in[6]
  io_in[7]
  io_in[8]
  io_in[9]
  user_clock2
Warning: There are 236 unconstrained endpoints.
  analog_io[0]
  analog_io[10]
  analog_io[11]
  analog_io[12]
  analog_io[13]
  analog_io[14]
  analog_io[15]
  analog_io[16]
  analog_io[17]
  analog_io[18]
  analog_io[19]
  analog_io[1]
  analog_io[20]
  analog_io[21]
  analog_io[22]
  analog_io[23]
  analog_io[24]
  analog_io[25]
  analog_io[26]
  analog_io[27]
  analog_io[28]
  analog_io[2]
  analog_io[3]
  analog_io[4]
  analog_io[5]
  analog_io[6]
  analog_io[7]
  analog_io[8]
  analog_io[9]
  io_oeb[0]
  io_oeb[10]
  io_oeb[11]
  io_oeb[12]
  io_oeb[13]
  io_oeb[14]
  io_oeb[15]
  io_oeb[16]
  io_oeb[17]
  io_oeb[18]
  io_oeb[19]
  io_oeb[1]
  io_oeb[20]
  io_oeb[21]
  io_oeb[22]
  io_oeb[23]
  io_oeb[24]
  io_oeb[25]
  io_oeb[26]
  io_oeb[27]
  io_oeb[28]
  io_oeb[29]
  io_oeb[2]
  io_oeb[30]
  io_oeb[31]
  io_oeb[32]
  io_oeb[33]
  io_oeb[34]
  io_oeb[35]
  io_oeb[36]
  io_oeb[37]
  io_oeb[3]
  io_oeb[4]
  io_oeb[5]
  io_oeb[6]
  io_oeb[7]
  io_oeb[8]
  io_oeb[9]
  io_out[0]
  io_out[10]
  io_out[11]
  io_out[12]
  io_out[13]
  io_out[14]
  io_out[15]
  io_out[16]
  io_out[17]
  io_out[18]
  io_out[19]
  io_out[1]
  io_out[20]
  io_out[21]
  io_out[22]
  io_out[23]
  io_out[24]
  io_out[25]
  io_out[26]
  io_out[27]
  io_out[28]
  io_out[29]
  io_out[2]
  io_out[30]
  io_out[31]
  io_out[32]
  io_out[33]
  io_out[34]
  io_out[35]
  io_out[36]
  io_out[37]
  io_out[3]
  io_out[4]
  io_out[5]
  io_out[6]
  io_out[7]
  io_out[8]
  io_out[9]
  la_data_out[0]
  la_data_out[100]
  la_data_out[101]
  la_data_out[102]
  la_data_out[103]
  la_data_out[104]
  la_data_out[105]
  la_data_out[106]
  la_data_out[107]
  la_data_out[108]
  la_data_out[109]
  la_data_out[10]
  la_data_out[110]
  la_data_out[111]
  la_data_out[112]
  la_data_out[113]
  la_data_out[114]
  la_data_out[115]
  la_data_out[116]
  la_data_out[117]
  la_data_out[118]
  la_data_out[119]
  la_data_out[11]
  la_data_out[120]
  la_data_out[121]
  la_data_out[122]
  la_data_out[123]
  la_data_out[124]
  la_data_out[125]
  la_data_out[126]
  la_data_out[127]
  la_data_out[12]
  la_data_out[13]
  la_data_out[14]
  la_data_out[15]
  la_data_out[16]
  la_data_out[17]
  la_data_out[18]
  la_data_out[19]
  la_data_out[1]
  la_data_out[20]
  la_data_out[21]
  la_data_out[22]
  la_data_out[23]
  la_data_out[24]
  la_data_out[25]
  la_data_out[26]
  la_data_out[27]
  la_data_out[28]
  la_data_out[29]
  la_data_out[2]
  la_data_out[30]
  la_data_out[31]
  la_data_out[32]
  la_data_out[33]
  la_data_out[34]
  la_data_out[35]
  la_data_out[36]
  la_data_out[37]
  la_data_out[38]
  la_data_out[39]
  la_data_out[3]
  la_data_out[40]
  la_data_out[41]
  la_data_out[42]
  la_data_out[43]
  la_data_out[44]
  la_data_out[45]
  la_data_out[46]
  la_data_out[47]
  la_data_out[48]
  la_data_out[49]
  la_data_out[4]
  la_data_out[50]
  la_data_out[51]
  la_data_out[52]
  la_data_out[53]
  la_data_out[54]
  la_data_out[55]
  la_data_out[56]
  la_data_out[57]
  la_data_out[58]
  la_data_out[59]
  la_data_out[5]
  la_data_out[60]
  la_data_out[61]
  la_data_out[62]
  la_data_out[63]
  la_data_out[64]
  la_data_out[65]
  la_data_out[66]
  la_data_out[67]
  la_data_out[68]
  la_data_out[69]
  la_data_out[6]
  la_data_out[70]
  la_data_out[71]
  la_data_out[72]
  la_data_out[73]
  la_data_out[74]
  la_data_out[75]
  la_data_out[76]
  la_data_out[77]
  la_data_out[78]
  la_data_out[79]
  la_data_out[7]
  la_data_out[80]
  la_data_out[81]
  la_data_out[82]
  la_data_out[83]
  la_data_out[84]
  la_data_out[85]
  la_data_out[86]
  la_data_out[87]
  la_data_out[88]
  la_data_out[89]
  la_data_out[8]
  la_data_out[90]
  la_data_out[91]
  la_data_out[92]
  la_data_out[93]
  la_data_out[94]
  la_data_out[95]
  la_data_out[96]
  la_data_out[97]
  la_data_out[98]
  la_data_out[99]
  la_data_out[9]
  user_irq[0]
  user_irq[1]
  user_irq[2]
