Clock: wb_clk_i
Sources: wb_clk_i 
Generated: no
Virtual: yes
Propagated: no
Period: 25.000000

===========================================================================
report_clock_properties
============================================================================
Clock                   Period          Waveform
----------------------------------------------------
wb_clk_i             25.000000    0.000000 12.500000

===========================================================================
report_clock_latency
============================================================================
Clock wb_clk_i
rise -> rise
    min     max
4.650000 5.570000 source latency
5.144675         network latency mprj1/wb_clk_i
        6.892735 network latency core/_2245_/CLK
---------------
9.794675 12.462735 latency
        2.668061 skew

fall -> fall
    min     max
4.650000 5.570000 source latency
5.143594         network latency mprj1/wb_clk_i
        7.146254 network latency core/_2245_/CLK
---------------
9.793593 12.716253 latency
        2.922660 skew



===========================================================================
report_clock_min_period
============================================================================
wb_clk_i period_min = 6.44 fmax = 155.40
