user_project_wrapper
----------------------------------------
Metal4 > 3um spacing to unrelated m4 < 0.4um (met4.5b)
----------------------------------------
 2298.770um 996.700um 2298.785um 996.705um
 2298.770um 996.380um 2298.780um 996.700um
 2298.780um 996.380um 2298.785um 996.700um
 2298.770um 996.375um 2298.785um 996.380um
----------------------------------------
Metal3 spacing < 0.3um (met3.2)
----------------------------------------
 585.125um 889.260um 585.150um 889.560um
 585.125um 888.640um 585.150um 888.940um
 585.125um 888.640um 585.150um 889.560um
 584.825um 888.940um 584.850um 889.260um
 687.890um 510.340um 688.150um 510.640um
 687.890um 510.000um 688.150um 510.640um
 687.590um 509.700um 687.850um 510.340um
 687.590um 509.700um 687.850um 510.000um
 693.070um 509.700um 693.190um 510.000um
 692.770um 510.340um 692.890um 510.640um
 693.070um 509.700um 693.190um 510.340um
 692.770um 510.000um 692.890um 510.640um
 659.515um 889.260um 659.670um 889.560um
 659.515um 888.640um 659.670um 888.940um
 659.515um 888.640um 659.670um 889.560um
 659.215um 888.940um 659.340um 889.260um
 659.340um 888.940um 659.370um 889.260um
 874.890um 903.540um 874.905um 903.840um
 875.190um 903.220um 875.205um 903.540um
 874.890um 902.920um 874.905um 903.840um
 874.890um 902.920um 874.905um 903.220um
 881.330um 903.540um 881.430um 903.840um
 881.630um 903.220um 881.660um 903.540um
 881.660um 903.220um 881.730um 903.540um
 881.330um 902.920um 881.430um 903.840um
 881.330um 902.920um 881.430um 903.220um
 893.290um 903.540um 893.575um 903.840um
 893.590um 903.220um 893.620um 903.540um
 893.620um 903.220um 893.875um 903.540um
 893.290um 902.920um 893.575um 903.840um
 893.290um 902.920um 893.575um 903.220um
 930.550um 902.860um 930.600um 903.160um
 930.850um 902.540um 930.880um 902.860um
 930.880um 902.540um 930.900um 902.860um
 930.550um 902.240um 930.600um 903.160um
 930.550um 902.240um 930.600um 902.540um
 692.730um 1193.220um 692.890um 1193.520um
 693.030um 1192.900um 693.060um 1193.220um
 693.060um 1192.900um 693.190um 1193.220um
 692.730um 1192.600um 692.890um 1193.520um
 692.730um 1192.600um 692.890um 1192.900um
----------------------------------------
Metal3 width < 0.3um (met3.1)
----------------------------------------
 699.810um 1270.000um 700.045um 1270.200um
----------------------------------------
Metal2 width < 0.14um (met2.1)
----------------------------------------
 1464.940um 642.330um 1465.010um 642.400um
----------------------------------------
Metal3 minimum area < 0.24um^2 (met3.6)
----------------------------------------
 584.470um 888.940um 584.500um 889.260um
 658.990um 888.940um 659.020um 889.260um
 881.630um 903.220um 881.660um 903.540um
 893.590um 903.220um 893.620um 903.540um
 930.850um 902.540um 930.880um 902.860um
 693.030um 1192.900um 693.060um 1193.220um
----------------------------------------
[INFO] COUNT: 53
[INFO] Should be divided by 3 or 4

