Clock: wb_clk_i
Sources: wb_clk_i 
Generated: no
Virtual: yes
Propagated: no
Period: 25.000000

===========================================================================
report_clock_properties
============================================================================
Clock                   Period          Waveform
----------------------------------------------------
wb_clk_i             25.000000    0.000000 12.500000

===========================================================================
report_clock_latency
============================================================================
Clock wb_clk_i
rise -> rise
    min     max
0.000000 0.000000 source latency
0.669367         network latency _2272_/CLK
        0.710802 network latency _2245_/CLK
---------------
0.669367 0.710802 latency
        0.041435 skew

fall -> fall
    min     max
0.000000 0.000000 source latency
0.534872         network latency _2272_/CLK
        0.566531 network latency _2245_/CLK
---------------
0.534872 0.566531 latency
        0.031659 skew



===========================================================================
report_clock_min_period
============================================================================
wb_clk_i period_min = 6.47 fmax = 154.58
