Clock: wb_clk_i
Sources: wb_clk_i 
Generated: no
Virtual: yes
Propagated: no
Period: 25.000000

===========================================================================
report_clock_properties
============================================================================
Clock                   Period          Waveform
----------------------------------------------------
wb_clk_i             25.000000    0.000000 12.500000

===========================================================================
report_clock_latency
============================================================================
Clock wb_clk_i
rise -> rise
    min     max
0.000000 0.000000 source latency
0.460726         network latency _2272_/CLK
        0.494469 network latency _2245_/CLK
---------------
0.460726 0.494469 latency
        0.033743 skew

fall -> fall
    min     max
0.000000 0.000000 source latency
0.369966         network latency _2272_/CLK
        0.395489 network latency _2245_/CLK
---------------
0.369966 0.395489 latency
        0.025523 skew



===========================================================================
report_clock_min_period
============================================================================
wb_clk_i period_min = 4.22 fmax = 237.14
