Clock: wb_clk_i
Sources: wb_clk_i 
Generated: no
Virtual: yes
Propagated: no
Period: 25.000000

===========================================================================
report_clock_properties
============================================================================
Clock                   Period          Waveform
----------------------------------------------------
wb_clk_i             25.000000    0.000000 12.500000

===========================================================================
report_clock_latency
============================================================================
Clock wb_clk_i
rise -> rise
    min     max
4.650000 5.570000 source latency
5.267506         network latency mprj1/wb_clk_i
        7.772549 network latency core/_2245_/CLK
---------------
9.917506 13.342548 latency
        3.425043 skew

fall -> fall
    min     max
4.650000 5.570000 source latency
5.266335         network latency mprj1/wb_clk_i
        7.847289 network latency core/_2245_/CLK
---------------
9.916335 13.417289 latency
        3.500954 skew



===========================================================================
report_clock_min_period
============================================================================
wb_clk_i period_min = 12.77 fmax = 78.33
